[0.085s] DEBUG:colcon:Command line arguments: ['/usr/bin/colcon', 'build']
[0.086s] DEBUG:colcon:Parsed command line arguments: Namespace(log_base=None, log_level=None, verb_name='build', build_base='build', install_base='install', merge_install=False, symlink_install=False, test_result_base=None, continue_on_error=False, executor='parallel', parallel_workers=16, event_handlers=None, ignore_user_meta=False, metas=['./colcon.meta'], base_paths=['.'], packages_ignore=None, packages_ignore_regex=None, paths=None, packages_up_to=None, packages_up_to_regex=None, packages_above=None, packages_above_and_dependencies=None, packages_above_depth=None, packages_select_by_dep=None, packages_skip_by_dep=None, packages_skip_up_to=None, packages_select_build_failed=False, packages_skip_build_finished=False, packages_select_test_failures=False, packages_skip_test_passed=False, packages_select=None, packages_skip=None, packages_select_regex=None, packages_skip_regex=None, packages_start=None, packages_end=None, allow_overriding=[], cmake_args=None, cmake_target=None, cmake_target_skip_unavailable=False, cmake_clean_cache=False, cmake_clean_first=False, cmake_force_configure=False, ament_cmake_args=None, catkin_cmake_args=None, catkin_skip_building_tests=False, verb_parser=<colcon_defaults.argument_parser.defaults.DefaultArgumentsDecorator object at 0x7597d5d72b70>, verb_extension=<colcon_core.verb.build.BuildVerb object at 0x7597d5d72570>, main=<bound method BuildVerb.main of <colcon_core.verb.build.BuildVerb object at 0x7597d5d72570>>)
[0.119s] Level 1:colcon.colcon_core.package_discovery:discover_packages(colcon_meta) check parameters
[0.119s] Level 1:colcon.colcon_core.package_discovery:discover_packages(recursive) check parameters
[0.119s] Level 1:colcon.colcon_core.package_discovery:discover_packages(ignore) check parameters
[0.119s] Level 1:colcon.colcon_core.package_discovery:discover_packages(path) check parameters
[0.119s] Level 1:colcon.colcon_core.package_discovery:discover_packages(colcon_meta) discover
[0.119s] Level 1:colcon.colcon_core.package_discovery:discover_packages(recursive) discover
[0.119s] INFO:colcon.colcon_core.package_discovery:Crawling recursively for packages in '/home/geneta/Project/geneta_slam_ros2_ws/src'
[0.119s] Level 1:colcon.colcon_core.package_identification:_identify(.) by extensions ['ignore', 'ignore_ament_install']
[0.120s] Level 1:colcon.colcon_core.package_identification:_identify(.) by extension 'ignore'
[0.120s] Level 1:colcon.colcon_core.package_identification:_identify(.) by extension 'ignore_ament_install'
[0.120s] Level 1:colcon.colcon_core.package_identification:_identify(.) by extensions ['colcon_pkg']
[0.120s] Level 1:colcon.colcon_core.package_identification:_identify(.) by extension 'colcon_pkg'
[0.120s] Level 1:colcon.colcon_core.package_identification:_identify(.) by extensions ['colcon_meta']
[0.120s] Level 1:colcon.colcon_core.package_identification:_identify(.) by extension 'colcon_meta'
[0.120s] Level 1:colcon.colcon_core.package_identification:_identify(.) by extensions ['ros']
[0.120s] Level 1:colcon.colcon_core.package_identification:_identify(.) by extension 'ros'
[0.142s] Level 1:colcon.colcon_core.package_identification:_identify(.) by extensions ['cmake', 'python']
[0.142s] Level 1:colcon.colcon_core.package_identification:_identify(.) by extension 'cmake'
[0.142s] Level 1:colcon.colcon_core.package_identification:_identify(.) by extension 'python'
[0.142s] Level 1:colcon.colcon_core.package_identification:_identify(.) by extensions ['python_setup_py']
[0.142s] Level 1:colcon.colcon_core.package_identification:_identify(.) by extension 'python_setup_py'
[0.142s] Level 1:colcon.colcon_core.package_identification:_identify(build) by extensions ['ignore', 'ignore_ament_install']
[0.142s] Level 1:colcon.colcon_core.package_identification:_identify(build) by extension 'ignore'
[0.142s] Level 1:colcon.colcon_core.package_identification:_identify(build) ignored
[0.142s] Level 1:colcon.colcon_core.package_identification:_identify(geneta_slam_ros2_pkg) by extensions ['ignore', 'ignore_ament_install']
[0.142s] Level 1:colcon.colcon_core.package_identification:_identify(geneta_slam_ros2_pkg) by extension 'ignore'
[0.142s] Level 1:colcon.colcon_core.package_identification:_identify(geneta_slam_ros2_pkg) by extension 'ignore_ament_install'
[0.142s] Level 1:colcon.colcon_core.package_identification:_identify(geneta_slam_ros2_pkg) by extensions ['colcon_pkg']
[0.142s] Level 1:colcon.colcon_core.package_identification:_identify(geneta_slam_ros2_pkg) by extension 'colcon_pkg'
[0.142s] Level 1:colcon.colcon_core.package_identification:_identify(geneta_slam_ros2_pkg) by extensions ['colcon_meta']
[0.142s] Level 1:colcon.colcon_core.package_identification:_identify(geneta_slam_ros2_pkg) by extension 'colcon_meta'
[0.142s] Level 1:colcon.colcon_core.package_identification:_identify(geneta_slam_ros2_pkg) by extensions ['ros']
[0.142s] Level 1:colcon.colcon_core.package_identification:_identify(geneta_slam_ros2_pkg) by extension 'ros'
[0.145s] DEBUG:colcon.colcon_core.package_identification:Package 'geneta_slam_ros2_pkg' with type 'ros.ament_cmake' and name 'geneta_slam_ros2_pkg'
[0.145s] Level 1:colcon.colcon_core.package_identification:_identify(install) by extensions ['ignore', 'ignore_ament_install']
[0.145s] Level 1:colcon.colcon_core.package_identification:_identify(install) by extension 'ignore'
[0.145s] Level 1:colcon.colcon_core.package_identification:_identify(install) ignored
[0.145s] Level 1:colcon.colcon_core.package_identification:_identify(log) by extensions ['ignore', 'ignore_ament_install']
[0.145s] Level 1:colcon.colcon_core.package_identification:_identify(log) by extension 'ignore'
[0.145s] Level 1:colcon.colcon_core.package_identification:_identify(log) ignored
[0.145s] Level 1:colcon.colcon_core.package_discovery:discover_packages(recursive) using defaults
[0.145s] Level 1:colcon.colcon_core.package_discovery:discover_packages(ignore) discover
[0.145s] Level 1:colcon.colcon_core.package_discovery:discover_packages(ignore) using defaults
[0.146s] Level 1:colcon.colcon_core.package_discovery:discover_packages(path) discover
[0.146s] Level 1:colcon.colcon_core.package_discovery:discover_packages(path) using defaults
[0.160s] Level 1:colcon.colcon_core.package_discovery:discover_packages(prefix_path) check parameters
[0.160s] Level 1:colcon.colcon_core.package_discovery:discover_packages(prefix_path) discover
[0.161s] WARNING:colcon.colcon_ros.prefix_path.ament:The path '/home/geneta/Project/geneta_slam_ros2_ws/src/install/geneta_slam_ros2_pkg' in the environment variable AMENT_PREFIX_PATH doesn't exist
[0.162s] WARNING:colcon.colcon_ros.prefix_path.catkin:The path '/home/geneta/Project/geneta_slam_ros2_ws/src/install/geneta_slam_ros2_pkg' in the environment variable CMAKE_PREFIX_PATH doesn't exist
[0.163s] DEBUG:colcon.colcon_installed_package_information.package_discovery:Found 0 installed packages in /home/geneta/Project/geneta_slam_ros2_ws/src/install
[0.163s] DEBUG:colcon.colcon_installed_package_information.package_discovery:Found 1 installed packages in /home/geneta/Project/geneta_slam_ros2_ws/install
[0.164s] DEBUG:colcon.colcon_installed_package_information.package_discovery:Found 21 installed packages in /home/geneta/Project/ROS2homework/dev_ws/install
[0.166s] DEBUG:colcon.colcon_installed_package_information.package_discovery:Found 323 installed packages in /opt/ros/jazzy
[0.166s] Level 1:colcon.colcon_core.package_discovery:discover_packages(prefix_path) using defaults
[0.202s] Level 5:colcon.colcon_core.verb:set package 'geneta_slam_ros2_pkg' build argument 'cmake_args' from command line to 'None'
[0.202s] Level 5:colcon.colcon_core.verb:set package 'geneta_slam_ros2_pkg' build argument 'cmake_target' from command line to 'None'
[0.202s] Level 5:colcon.colcon_core.verb:set package 'geneta_slam_ros2_pkg' build argument 'cmake_target_skip_unavailable' from command line to 'False'
[0.202s] Level 5:colcon.colcon_core.verb:set package 'geneta_slam_ros2_pkg' build argument 'cmake_clean_cache' from command line to 'False'
[0.202s] Level 5:colcon.colcon_core.verb:set package 'geneta_slam_ros2_pkg' build argument 'cmake_clean_first' from command line to 'False'
[0.202s] Level 5:colcon.colcon_core.verb:set package 'geneta_slam_ros2_pkg' build argument 'cmake_force_configure' from command line to 'False'
[0.202s] Level 5:colcon.colcon_core.verb:set package 'geneta_slam_ros2_pkg' build argument 'ament_cmake_args' from command line to 'None'
[0.202s] Level 5:colcon.colcon_core.verb:set package 'geneta_slam_ros2_pkg' build argument 'catkin_cmake_args' from command line to 'None'
[0.202s] Level 5:colcon.colcon_core.verb:set package 'geneta_slam_ros2_pkg' build argument 'catkin_skip_building_tests' from command line to 'False'
[0.202s] DEBUG:colcon.colcon_core.verb:Building package 'geneta_slam_ros2_pkg' with the following arguments: {'ament_cmake_args': None, 'build_base': '/home/geneta/Project/geneta_slam_ros2_ws/src/build/geneta_slam_ros2_pkg', 'catkin_cmake_args': None, 'catkin_skip_building_tests': False, 'cmake_args': None, 'cmake_clean_cache': False, 'cmake_clean_first': False, 'cmake_force_configure': False, 'cmake_target': None, 'cmake_target_skip_unavailable': False, 'install_base': '/home/geneta/Project/geneta_slam_ros2_ws/src/install/geneta_slam_ros2_pkg', 'merge_install': False, 'path': '/home/geneta/Project/geneta_slam_ros2_ws/src/geneta_slam_ros2_pkg', 'symlink_install': False, 'test_result_base': None}
[0.203s] INFO:colcon.colcon_core.executor:Executing jobs using 'parallel' executor
[0.203s] DEBUG:colcon.colcon_parallel_executor.executor.parallel:run_until_complete
[0.204s] INFO:colcon.colcon_ros.task.ament_cmake.build:Building ROS package in '/home/geneta/Project/geneta_slam_ros2_ws/src/geneta_slam_ros2_pkg' with build type 'ament_cmake'
[0.204s] INFO:colcon.colcon_cmake.task.cmake.build:Building CMake package in '/home/geneta/Project/geneta_slam_ros2_ws/src/geneta_slam_ros2_pkg'
[0.206s] INFO:colcon.colcon_core.plugin_system:Skipping extension 'colcon_core.shell.bat': Not used on non-Windows systems
[0.206s] INFO:colcon.colcon_core.shell:Skip shell extension 'powershell' for command environment: Not usable outside of PowerShell
[0.206s] DEBUG:colcon.colcon_core.shell:Skip shell extension 'dsv' for command environment
[0.216s] DEBUG:colcon.colcon_core.event_handler.log_command:Invoking command in '/home/geneta/Project/geneta_slam_ros2_ws/src/build/geneta_slam_ros2_pkg': CMAKE_PREFIX_PATH=${CMAKE_PREFIX_PATH}:/home/geneta/Project/ROS2homework/dev_ws/install/learning_urdf:/home/geneta/Project/ROS2homework/dev_ws/install/learning_topic:/home/geneta/Project/ROS2homework/dev_ws/install/learning_tf:/home/geneta/Project/ROS2homework/dev_ws/install/learning_service:/home/geneta/Project/ROS2homework/dev_ws/install/learning_qos:/home/geneta/Project/ROS2homework/dev_ws/install/learning_pkg_python:/home/geneta/Project/ROS2homework/dev_ws/install/learning_parameter:/home/geneta/Project/ROS2homework/dev_ws/install/learning_node:/home/geneta/Project/ROS2homework/dev_ws/install/learning_launch:/home/geneta/Project/ROS2homework/dev_ws/install/learning_action:/home/geneta/Project/ROS2homework/dev_ws/install/learning_gazebo_harmonic:/home/geneta/Project/ROS2homework/dev_ws/install/learning_gazebo:/home/geneta/Project/ROS2homework/dev_ws/install/learning_cv:/opt/ros/jazzy DEBUGINFOD_URLS=https://debuginfod.ubuntu.com /usr/bin/cmake /home/geneta/Project/geneta_slam_ros2_ws/src/geneta_slam_ros2_pkg -DCMAKE_INSTALL_PREFIX=/home/geneta/Project/geneta_slam_ros2_ws/src/install/geneta_slam_ros2_pkg
[5.201s] DEBUG:colcon.colcon_core.event_handler.log_command:Invoked command in '/home/geneta/Project/geneta_slam_ros2_ws/src/build/geneta_slam_ros2_pkg' returned '1': CMAKE_PREFIX_PATH=${CMAKE_PREFIX_PATH}:/home/geneta/Project/ROS2homework/dev_ws/install/learning_urdf:/home/geneta/Project/ROS2homework/dev_ws/install/learning_topic:/home/geneta/Project/ROS2homework/dev_ws/install/learning_tf:/home/geneta/Project/ROS2homework/dev_ws/install/learning_service:/home/geneta/Project/ROS2homework/dev_ws/install/learning_qos:/home/geneta/Project/ROS2homework/dev_ws/install/learning_pkg_python:/home/geneta/Project/ROS2homework/dev_ws/install/learning_parameter:/home/geneta/Project/ROS2homework/dev_ws/install/learning_node:/home/geneta/Project/ROS2homework/dev_ws/install/learning_launch:/home/geneta/Project/ROS2homework/dev_ws/install/learning_action:/home/geneta/Project/ROS2homework/dev_ws/install/learning_gazebo_harmonic:/home/geneta/Project/ROS2homework/dev_ws/install/learning_gazebo:/home/geneta/Project/ROS2homework/dev_ws/install/learning_cv:/opt/ros/jazzy DEBUGINFOD_URLS=https://debuginfod.ubuntu.com /usr/bin/cmake /home/geneta/Project/geneta_slam_ros2_ws/src/geneta_slam_ros2_pkg -DCMAKE_INSTALL_PREFIX=/home/geneta/Project/geneta_slam_ros2_ws/src/install/geneta_slam_ros2_pkg
[5.216s] Level 1:colcon.colcon_core.environment:create_environment_scripts_only(geneta_slam_ros2_pkg)
[5.218s] Level 1:colcon.colcon_core.environment:checking '/home/geneta/Project/geneta_slam_ros2_ws/src/install/geneta_slam_ros2_pkg' for CMake module files
[5.218s] Level 1:colcon.colcon_core.environment:checking '/home/geneta/Project/geneta_slam_ros2_ws/src/install/geneta_slam_ros2_pkg' for CMake config files
[5.218s] Level 1:colcon.colcon_core.environment:checking '/home/geneta/Project/geneta_slam_ros2_ws/src/install/geneta_slam_ros2_pkg/bin'
[5.218s] Level 1:colcon.colcon_core.environment:checking '/home/geneta/Project/geneta_slam_ros2_ws/src/install/geneta_slam_ros2_pkg/lib/pkgconfig/geneta_slam_ros2_pkg.pc'
[5.219s] Level 1:colcon.colcon_core.environment:checking '/home/geneta/Project/geneta_slam_ros2_ws/src/install/geneta_slam_ros2_pkg/lib/python3.12/site-packages'
[5.219s] Level 1:colcon.colcon_core.environment:checking '/home/geneta/Project/geneta_slam_ros2_ws/src/install/geneta_slam_ros2_pkg/bin'
[5.219s] INFO:colcon.colcon_core.shell:Creating package script '/home/geneta/Project/geneta_slam_ros2_ws/src/install/geneta_slam_ros2_pkg/share/geneta_slam_ros2_pkg/package.ps1'
[5.219s] INFO:colcon.colcon_core.shell:Creating package descriptor '/home/geneta/Project/geneta_slam_ros2_ws/src/install/geneta_slam_ros2_pkg/share/geneta_slam_ros2_pkg/package.dsv'
[5.220s] INFO:colcon.colcon_core.shell:Creating package script '/home/geneta/Project/geneta_slam_ros2_ws/src/install/geneta_slam_ros2_pkg/share/geneta_slam_ros2_pkg/package.sh'
[5.220s] INFO:colcon.colcon_core.shell:Creating package script '/home/geneta/Project/geneta_slam_ros2_ws/src/install/geneta_slam_ros2_pkg/share/geneta_slam_ros2_pkg/package.bash'
[5.220s] INFO:colcon.colcon_core.shell:Creating package script '/home/geneta/Project/geneta_slam_ros2_ws/src/install/geneta_slam_ros2_pkg/share/geneta_slam_ros2_pkg/package.zsh'
[5.221s] Level 1:colcon.colcon_core.environment:create_file_with_runtime_dependencies(/home/geneta/Project/geneta_slam_ros2_ws/src/install/geneta_slam_ros2_pkg/share/colcon-core/packages/geneta_slam_ros2_pkg)
[5.231s] DEBUG:colcon.colcon_parallel_executor.executor.parallel:closing loop
[5.231s] DEBUG:colcon.colcon_parallel_executor.executor.parallel:loop closed
[5.232s] DEBUG:colcon.colcon_parallel_executor.executor.parallel:run_until_complete finished with '1'
[5.232s] DEBUG:colcon.colcon_core.event_reactor:joining thread
[5.237s] INFO:colcon.colcon_core.plugin_system:Skipping extension 'colcon_notification.desktop_notification.terminal_notifier': Not used on non-Darwin systems
[5.237s] INFO:colcon.colcon_core.plugin_system:Skipping extension 'colcon_notification.desktop_notification.win32': Not used on non-Windows systems
[5.237s] INFO:colcon.colcon_notification.desktop_notification:Sending desktop notification using 'notify2'
[5.249s] DEBUG:colcon.colcon_core.event_reactor:joined thread
[5.250s] INFO:colcon.colcon_core.shell:Creating prefix script '/home/geneta/Project/geneta_slam_ros2_ws/src/install/local_setup.ps1'
[5.250s] INFO:colcon.colcon_core.shell:Creating prefix util module '/home/geneta/Project/geneta_slam_ros2_ws/src/install/_local_setup_util_ps1.py'
[5.252s] INFO:colcon.colcon_core.shell:Creating prefix chain script '/home/geneta/Project/geneta_slam_ros2_ws/src/install/setup.ps1'
[5.254s] INFO:colcon.colcon_core.shell:Creating prefix script '/home/geneta/Project/geneta_slam_ros2_ws/src/install/local_setup.sh'
[5.254s] INFO:colcon.colcon_core.shell:Creating prefix util module '/home/geneta/Project/geneta_slam_ros2_ws/src/install/_local_setup_util_sh.py'
[5.255s] INFO:colcon.colcon_core.shell:Creating prefix chain script '/home/geneta/Project/geneta_slam_ros2_ws/src/install/setup.sh'
[5.256s] INFO:colcon.colcon_core.shell:Creating prefix script '/home/geneta/Project/geneta_slam_ros2_ws/src/install/local_setup.bash'
[5.257s] INFO:colcon.colcon_core.shell:Creating prefix chain script '/home/geneta/Project/geneta_slam_ros2_ws/src/install/setup.bash'
[5.258s] INFO:colcon.colcon_core.shell:Creating prefix script '/home/geneta/Project/geneta_slam_ros2_ws/src/install/local_setup.zsh'
[5.258s] INFO:colcon.colcon_core.shell:Creating prefix chain script '/home/geneta/Project/geneta_slam_ros2_ws/src/install/setup.zsh'
