[0.015s] Invoking command in '/home/geneta/Project/geneta_slam_ros2_ws/src/build/geneta_slam_ros2_pkg': CMAKE_PREFIX_PATH=${CMAKE_PREFIX_PATH}:/home/geneta/Project/ROS2homework/dev_ws/install/learning_urdf:/home/geneta/Project/ROS2homework/dev_ws/install/learning_topic:/home/geneta/Project/ROS2homework/dev_ws/install/learning_tf:/home/geneta/Project/ROS2homework/dev_ws/install/learning_service:/home/geneta/Project/ROS2homework/dev_ws/install/learning_qos:/home/geneta/Project/ROS2homework/dev_ws/install/learning_pkg_python:/home/geneta/Project/ROS2homework/dev_ws/install/learning_parameter:/home/geneta/Project/ROS2homework/dev_ws/install/learning_node:/home/geneta/Project/ROS2homework/dev_ws/install/learning_launch:/home/geneta/Project/ROS2homework/dev_ws/install/learning_action:/home/geneta/Project/ROS2homework/dev_ws/install/learning_gazebo_harmonic:/home/geneta/Project/ROS2homework/dev_ws/install/learning_gazebo:/home/geneta/Project/ROS2homework/dev_ws/install/learning_cv:/opt/ros/jazzy DEBUGINFOD_URLS=https://debuginfod.ubuntu.com /usr/bin/cmake /home/geneta/Project/geneta_slam_ros2_ws/src/geneta_slam_ros2_pkg -DCMAKE_INSTALL_PREFIX=/home/geneta/Project/geneta_slam_ros2_ws/src/install/geneta_slam_ros2_pkg
[0.032s] -- Found ament_cmake: 2.5.3 (/opt/ros/jazzy/share/ament_cmake/cmake)
[0.137s] -- Found rclcpp: 28.1.6 (/opt/ros/jazzy/share/rclcpp/cmake)
[0.163s] -- Found rosidl_generator_c: 4.6.5 (/opt/ros/jazzy/share/rosidl_generator_c/cmake)
[0.170s] -- Found rosidl_generator_cpp: 4.6.5 (/opt/ros/jazzy/share/rosidl_generator_cpp/cmake)
[0.180s] -- Using all available rosidl_typesupport_c: rosidl_typesupport_fastrtps_c;rosidl_typesupport_introspection_c
[0.191s] -- Using all available rosidl_typesupport_cpp: rosidl_typesupport_fastrtps_cpp;rosidl_typesupport_introspection_cpp
[0.243s] -- Found rmw_implementation_cmake: 7.3.1 (/opt/ros/jazzy/share/rmw_implementation_cmake/cmake)
[0.244s] -- Found rmw_fastrtps_cpp: 8.4.1 (/opt/ros/jazzy/share/rmw_fastrtps_cpp/cmake)
[0.307s] -- Using RMW implementation 'rmw_fastrtps_cpp' as default
[0.363s] -- Found sensor_msgs: 5.3.5 (/opt/ros/jazzy/share/sensor_msgs/cmake)
[0.414s] -- Found message_filters: 4.11.4 (/opt/ros/jazzy/share/message_filters/cmake)
[0.417s] -- Found cv_bridge: 4.1.0 (/opt/ros/jazzy/share/cv_bridge/cmake)
[0.427s] [33mCMake Warning (dev) at /usr/share/cmake-3.28/Modules/FindOpenGL.cmake:381 (message):
[0.427s]   Policy CMP0072 is not set: FindOpenGL prefers GLVND by default when
[0.427s]   available.  Run "cmake --help-policy CMP0072" for policy details.  Use the
[0.427s]   cmake_policy command to set the policy and suppress this warning.
[0.427s] 
[0.427s]   FindOpenGL found both a legacy GL library:
[0.427s] 
[0.427s]     OPENGL_gl_LIBRARY: /usr/lib/x86_64-linux-gnu/libGL.so
[0.427s] 
[0.427s]   and GLVND libraries for OpenGL and GLX:
[0.427s] 
[0.427s]     OPENGL_opengl_LIBRARY: /usr/lib/x86_64-linux-gnu/libOpenGL.so
[0.428s]     OPENGL_glx_LIBRARY: /usr/lib/x86_64-linux-gnu/libGLX.so
[0.428s] 
[0.428s]   OpenGL_GL_PREFERENCE has not been set to "GLVND" or "LEGACY", so for
[0.428s]   compatibility with CMake 3.10 and below the legacy GL library will be used.
[0.428s] Call Stack (most recent call first):
[0.428s]   /usr/share/cmake-3.28/Modules/CMakeFindDependencyMacro.cmake:76 (find_package)
[0.428s]   /usr/local/lib/cmake/g2o/g2oConfig.cmake:6 (find_dependency)
[0.428s]   CMakeLists.txt:24 (find_package)
[0.428s] This warning is for project developers.  Use -Wno-dev to suppress it.
[0.428s] [0m
[0.430s] -- Found nav_msgs: 5.3.5 (/opt/ros/jazzy/share/nav_msgs/cmake)
[0.453s] -- Found tf2: 0.36.8 (/opt/ros/jazzy/share/tf2/cmake)
[0.456s] -- Found tf2_ros: 0.36.8 (/opt/ros/jazzy/share/tf2_ros/cmake)
[0.546s] -- Found tf2_geometry_msgs: 0.36.8 (/opt/ros/jazzy/share/tf2_geometry_msgs/cmake)
[0.549s] -- Found eigen3_cmake_module: 0.3.0 (/opt/ros/jazzy/share/eigen3_cmake_module/cmake)
[0.550s] -- Ensuring Eigen3 include directory is part of orocos-kdl CMake target
[0.552s] -- Found rosidl_default_generators: 1.6.0 (/opt/ros/jazzy/share/rosidl_default_generators/cmake)
[0.560s] -- Found rosidl_adapter: 4.6.5 (/opt/ros/jazzy/share/rosidl_adapter/cmake)
[0.562s] -- Found image_transport: 5.1.5 (/opt/ros/jazzy/share/image_transport/cmake)
[0.566s] -- Found camera_info_manager: 5.1.5 (/opt/ros/jazzy/share/camera_info_manager/cmake)
[0.569s] -- Setting yaml-cpp_DIR to: '/opt/ros/jazzy/share/yaml_cpp_vendor/cmake/../../../opt/yaml_cpp_vendor/share/cmake/yaml-cpp'
[0.901s] -- Found ament_cmake_ros: 0.12.0 (/opt/ros/jazzy/share/ament_cmake_ros/cmake)
[1.216s] -- Using all available rosidl_typesupport_c: rosidl_typesupport_fastrtps_c;rosidl_typesupport_introspection_c
[1.341s] -- Using all available rosidl_typesupport_cpp: rosidl_typesupport_fastrtps_cpp;rosidl_typesupport_introspection_cpp
[1.342s] -- Found python_cmake_module: 0.11.1 (/opt/ros/jazzy/share/python_cmake_module/cmake)
[1.627s] -- Found Python3: /usr/bin/python3 (found version "3.12.3") found components: Interpreter Development NumPy Development.Module Development.Embed 
[1.677s] -- Found ament_lint_auto: 0.17.1 (/opt/ros/jazzy/share/ament_lint_auto/cmake)
[1.686s] -- Added test 'cppcheck' to perform static code analysis on C / C++ code
[1.687s] -- Configured cppcheck include dirs: /home/geneta/Project/geneta_slam_ros2_ws/src/geneta_slam_ros2_pkg/include
[1.687s] -- Configured cppcheck exclude dirs and/or files: 
[1.688s] -- Added test 'lint_cmake' to check CMake code style
[1.691s] -- Added test 'uncrustify' to check C / C++ code style
[1.691s] -- Configured uncrustify additional arguments: 
[1.691s] -- Added test 'xmllint' to check XML markup files
[1.693s] -- Configuring done (1.7s)
[1.824s] -- Generating done (0.1s)
[1.841s] -- Build files have been written to: /home/geneta/Project/geneta_slam_ros2_ws/src/build/geneta_slam_ros2_pkg
[1.856s] Invoked command in '/home/geneta/Project/geneta_slam_ros2_ws/src/build/geneta_slam_ros2_pkg' returned '0': CMAKE_PREFIX_PATH=${CMAKE_PREFIX_PATH}:/home/geneta/Project/ROS2homework/dev_ws/install/learning_urdf:/home/geneta/Project/ROS2homework/dev_ws/install/learning_topic:/home/geneta/Project/ROS2homework/dev_ws/install/learning_tf:/home/geneta/Project/ROS2homework/dev_ws/install/learning_service:/home/geneta/Project/ROS2homework/dev_ws/install/learning_qos:/home/geneta/Project/ROS2homework/dev_ws/install/learning_pkg_python:/home/geneta/Project/ROS2homework/dev_ws/install/learning_parameter:/home/geneta/Project/ROS2homework/dev_ws/install/learning_node:/home/geneta/Project/ROS2homework/dev_ws/install/learning_launch:/home/geneta/Project/ROS2homework/dev_ws/install/learning_action:/home/geneta/Project/ROS2homework/dev_ws/install/learning_gazebo_harmonic:/home/geneta/Project/ROS2homework/dev_ws/install/learning_gazebo:/home/geneta/Project/ROS2homework/dev_ws/install/learning_cv:/opt/ros/jazzy DEBUGINFOD_URLS=https://debuginfod.ubuntu.com /usr/bin/cmake /home/geneta/Project/geneta_slam_ros2_ws/src/geneta_slam_ros2_pkg -DCMAKE_INSTALL_PREFIX=/home/geneta/Project/geneta_slam_ros2_ws/src/install/geneta_slam_ros2_pkg
[1.856s] Invoking command in '/home/geneta/Project/geneta_slam_ros2_ws/src/build/geneta_slam_ros2_pkg': CMAKE_PREFIX_PATH=${CMAKE_PREFIX_PATH}:/home/geneta/Project/ROS2homework/dev_ws/install/learning_urdf:/home/geneta/Project/ROS2homework/dev_ws/install/learning_topic:/home/geneta/Project/ROS2homework/dev_ws/install/learning_tf:/home/geneta/Project/ROS2homework/dev_ws/install/learning_service:/home/geneta/Project/ROS2homework/dev_ws/install/learning_qos:/home/geneta/Project/ROS2homework/dev_ws/install/learning_pkg_python:/home/geneta/Project/ROS2homework/dev_ws/install/learning_parameter:/home/geneta/Project/ROS2homework/dev_ws/install/learning_node:/home/geneta/Project/ROS2homework/dev_ws/install/learning_launch:/home/geneta/Project/ROS2homework/dev_ws/install/learning_action:/home/geneta/Project/ROS2homework/dev_ws/install/learning_gazebo_harmonic:/home/geneta/Project/ROS2homework/dev_ws/install/learning_gazebo:/home/geneta/Project/ROS2homework/dev_ws/install/learning_cv:/opt/ros/jazzy DEBUGINFOD_URLS=https://debuginfod.ubuntu.com /usr/bin/cmake --build /home/geneta/Project/geneta_slam_ros2_ws/src/build/geneta_slam_ros2_pkg -- -j16 -l16
[1.932s] [  2%] [32mBuilding CXX object CMakeFiles/stereo_cam_node.dir/src/stereo_cam_node.cpp.o[0m
[1.935s] [  5%] [32mBuilding CXX object CMakeFiles/image_publisher.dir/src/image_publisher.cpp.o[0m
[1.935s] [  7%] [34m[1mGenerating type hashes for ROS interfaces[0m
[1.947s] [  7%] Built target ament_cmake_python_copy_geneta_slam_ros2_pkg
[2.178s] running egg_info
[2.179s] creating geneta_slam_ros2_pkg.egg-info
[2.197s] writing geneta_slam_ros2_pkg.egg-info/PKG-INFO
[2.197s] writing dependency_links to geneta_slam_ros2_pkg.egg-info/dependency_links.txt
[2.197s] writing top-level names to geneta_slam_ros2_pkg.egg-info/top_level.txt
[2.197s] writing manifest file 'geneta_slam_ros2_pkg.egg-info/SOURCES.txt'
[2.201s] [  7%] Built target geneta_slam_ros2_pkg__rosidl_generator_type_description
[2.217s] [ 10%] [34m[1mGenerating C code for ROS interfaces[0m
[2.231s] [ 12%] [34m[1mGenerating C++ code for ROS interfaces[0m
[2.251s] reading manifest file 'geneta_slam_ros2_pkg.egg-info/SOURCES.txt'
[2.251s] writing manifest file 'geneta_slam_ros2_pkg.egg-info/SOURCES.txt'
[2.287s] [ 12%] Built target ament_cmake_python_build_geneta_slam_ros2_pkg_egg
[2.512s] [ 12%] Built target geneta_slam_ros2_pkg__cpp
[2.591s] [ 15%] [32mBuilding C object CMakeFiles/geneta_slam_ros2_pkg__rosidl_generator_c.dir/rosidl_generator_c/geneta_slam_ros2_pkg/msg/detail/fand_b__description.c.o[0m
[2.593s] [ 20%] [32mBuilding C object CMakeFiles/geneta_slam_ros2_pkg__rosidl_generator_c.dir/rosidl_generator_c/geneta_slam_ros2_pkg/msg/detail/fand_b__functions.c.o[0m
[2.593s] [ 20%] [32mBuilding C object CMakeFiles/geneta_slam_ros2_pkg__rosidl_generator_c.dir/rosidl_generator_c/geneta_slam_ros2_pkg/msg/detail/fand_b__type_support.c.o[0m
[2.672s] [ 22%] [32m[1mLinking C shared library libgeneta_slam_ros2_pkg__rosidl_generator_c.so[0m
[2.725s] [ 22%] Built target geneta_slam_ros2_pkg__rosidl_generator_c
[2.739s] [ 27%] [34m[1mGenerating C++ type support dispatch for ROS interfaces[0m
[2.740s] [ 27%] [34m[1mGenerating C type support for eProsima Fast-RTPS[0m
[2.740s] [ 30%] [34m[1mGenerating C++ introspection for ROS interfaces[0m
[2.740s] [ 35%] [34m[1mGenerating C++ type support for eProsima Fast-RTPS[0m
[2.741s] [ 35%] [34m[1mGenerating C introspection for ROS interfaces[0m
[2.742s] [ 37%] [34m[1mGenerating C type support dispatch for ROS interfaces[0m
[3.075s] [ 40%] [32mBuilding CXX object CMakeFiles/geneta_slam_ros2_pkg__rosidl_typesupport_fastrtps_c.dir/rosidl_typesupport_fastrtps_c/geneta_slam_ros2_pkg/msg/detail/fand_b__type_support_c.cpp.o[0m
[3.079s] [ 42%] [32mBuilding CXX object CMakeFiles/geneta_slam_ros2_pkg__rosidl_typesupport_cpp.dir/rosidl_typesupport_cpp/geneta_slam_ros2_pkg/msg/fand_b__type_support.cpp.o[0m
[3.087s] [ 45%] [32mBuilding CXX object CMakeFiles/geneta_slam_ros2_pkg__rosidl_typesupport_c.dir/rosidl_typesupport_c/geneta_slam_ros2_pkg/msg/fand_b__type_support.cpp.o[0m
[3.097s] [ 47%] [32mBuilding CXX object CMakeFiles/geneta_slam_ros2_pkg__rosidl_typesupport_introspection_cpp.dir/rosidl_typesupport_introspection_cpp/geneta_slam_ros2_pkg/msg/detail/fand_b__type_support.cpp.o[0m
[3.098s] [ 50%] [32mBuilding CXX object CMakeFiles/geneta_slam_ros2_pkg__rosidl_typesupport_fastrtps_cpp.dir/rosidl_typesupport_fastrtps_cpp/geneta_slam_ros2_pkg/msg/detail/dds_fastrtps/fand_b__type_support.cpp.o[0m
[3.099s] [ 52%] [32mBuilding C object CMakeFiles/geneta_slam_ros2_pkg__rosidl_typesupport_introspection_c.dir/rosidl_typesupport_introspection_c/geneta_slam_ros2_pkg/msg/detail/fand_b__type_support.c.o[0m
[3.153s] [ 55%] [32m[1mLinking CXX shared library libgeneta_slam_ros2_pkg__rosidl_typesupport_c.so[0m
[3.177s] [ 57%] [32m[1mLinking C shared library libgeneta_slam_ros2_pkg__rosidl_typesupport_introspection_c.so[0m
[3.215s] [ 57%] Built target geneta_slam_ros2_pkg__rosidl_typesupport_c
[3.231s] [ 57%] Built target geneta_slam_ros2_pkg__rosidl_typesupport_introspection_c
[3.419s] [ 60%] [32m[1mLinking CXX shared library libgeneta_slam_ros2_pkg__rosidl_typesupport_cpp.so[0m
[3.482s] [ 60%] Built target geneta_slam_ros2_pkg__rosidl_typesupport_cpp
[3.532s] [ 65%] [32m[1mLinking CXX shared library libgeneta_slam_ros2_pkg__rosidl_typesupport_fastrtps_c.so[0m
[3.532s] [ 65%] [32m[1mLinking CXX shared library libgeneta_slam_ros2_pkg__rosidl_typesupport_introspection_cpp.so[0m
[3.597s] [ 65%] Built target geneta_slam_ros2_pkg__rosidl_typesupport_fastrtps_c
[3.626s] [ 65%] Built target geneta_slam_ros2_pkg__rosidl_typesupport_introspection_cpp
[3.706s] [ 67%] [32m[1mLinking CXX shared library libgeneta_slam_ros2_pkg__rosidl_typesupport_fastrtps_cpp.so[0m
[3.788s] [ 67%] Built target geneta_slam_ros2_pkg__rosidl_typesupport_fastrtps_cpp
[3.817s] [ 67%] Built target geneta_slam_ros2_pkg
[3.820s] [ 70%] [32mBuilding CXX object CMakeFiles/test_node.dir/src/slam_core/test_node.cpp.o[0m
[3.850s] [ 72%] [34m[1mGenerating Python code for ROS interfaces[0m
[4.317s] [ 72%] Built target geneta_slam_ros2_pkg__py
[4.352s] [ 75%] [32mBuilding C object CMakeFiles/geneta_slam_ros2_pkg__rosidl_generator_py.dir/rosidl_generator_py/geneta_slam_ros2_pkg/msg/_fand_b_s.c.o[0m
[4.629s] [ 77%] [32m[1mLinking C shared library libgeneta_slam_ros2_pkg__rosidl_generator_py.so[0m
[4.692s] [ 77%] Built target geneta_slam_ros2_pkg__rosidl_generator_py
[4.721s] [ 80%] [32mBuilding C object CMakeFiles/geneta_slam_ros2_pkg_s__rosidl_typesupport_introspection_c.dir/rosidl_generator_py/geneta_slam_ros2_pkg/_geneta_slam_ros2_pkg_s.ep.rosidl_typesupport_introspection_c.c.o[0m
[4.721s] [ 82%] [32mBuilding C object CMakeFiles/geneta_slam_ros2_pkg_s__rosidl_typesupport_c.dir/rosidl_generator_py/geneta_slam_ros2_pkg/_geneta_slam_ros2_pkg_s.ep.rosidl_typesupport_c.c.o[0m
[4.722s] [ 85%] [32mBuilding C object CMakeFiles/geneta_slam_ros2_pkg_s__rosidl_typesupport_fastrtps_c.dir/rosidl_generator_py/geneta_slam_ros2_pkg/_geneta_slam_ros2_pkg_s.ep.rosidl_typesupport_fastrtps_c.c.o[0m
[4.837s] [ 87%] [32m[1mLinking C shared module rosidl_generator_py/geneta_slam_ros2_pkg/geneta_slam_ros2_pkg_s__rosidl_typesupport_c.so[0m
[4.848s] [ 92%] [32m[1mLinking C shared module rosidl_generator_py/geneta_slam_ros2_pkg/geneta_slam_ros2_pkg_s__rosidl_typesupport_introspection_c.so[0m
[4.848s] [ 92%] [32m[1mLinking C shared module rosidl_generator_py/geneta_slam_ros2_pkg/geneta_slam_ros2_pkg_s__rosidl_typesupport_fastrtps_c.so[0m
[4.884s] [ 92%] Built target geneta_slam_ros2_pkg_s__rosidl_typesupport_c
[4.899s] [ 92%] Built target geneta_slam_ros2_pkg_s__rosidl_typesupport_fastrtps_c
[4.900s] [ 92%] Built target geneta_slam_ros2_pkg_s__rosidl_typesupport_introspection_c
[8.610s] [ 95%] [32m[1mLinking CXX executable test_node[0m
[9.089s] [ 95%] Built target test_node
[12.526s] [ 97%] [32m[1mLinking CXX executable stereo_cam_node[0m
[12.741s] /usr/bin/ld: warning: libopencv_core.so.406, needed by /opt/ros/jazzy/lib/libcv_bridge.so, may conflict with libopencv_core.so.410
[13.296s] [ 97%] Built target stereo_cam_node
[13.755s] [100%] [32m[1mLinking CXX executable image_publisher[0m
[13.904s] /usr/bin/ld: warning: libopencv_imgcodecs.so.406, needed by /opt/ros/jazzy/lib/libcv_bridge.so, may conflict with libopencv_imgcodecs.so.410
[13.905s] /usr/bin/ld: warning: libopencv_core.so.406, needed by /opt/ros/jazzy/lib/libcv_bridge.so, may conflict with libopencv_core.so.410
[14.217s] [100%] Built target image_publisher
[14.234s] Invoked command in '/home/geneta/Project/geneta_slam_ros2_ws/src/build/geneta_slam_ros2_pkg' returned '0': CMAKE_PREFIX_PATH=${CMAKE_PREFIX_PATH}:/home/geneta/Project/ROS2homework/dev_ws/install/learning_urdf:/home/geneta/Project/ROS2homework/dev_ws/install/learning_topic:/home/geneta/Project/ROS2homework/dev_ws/install/learning_tf:/home/geneta/Project/ROS2homework/dev_ws/install/learning_service:/home/geneta/Project/ROS2homework/dev_ws/install/learning_qos:/home/geneta/Project/ROS2homework/dev_ws/install/learning_pkg_python:/home/geneta/Project/ROS2homework/dev_ws/install/learning_parameter:/home/geneta/Project/ROS2homework/dev_ws/install/learning_node:/home/geneta/Project/ROS2homework/dev_ws/install/learning_launch:/home/geneta/Project/ROS2homework/dev_ws/install/learning_action:/home/geneta/Project/ROS2homework/dev_ws/install/learning_gazebo_harmonic:/home/geneta/Project/ROS2homework/dev_ws/install/learning_gazebo:/home/geneta/Project/ROS2homework/dev_ws/install/learning_cv:/opt/ros/jazzy DEBUGINFOD_URLS=https://debuginfod.ubuntu.com /usr/bin/cmake --build /home/geneta/Project/geneta_slam_ros2_ws/src/build/geneta_slam_ros2_pkg -- -j16 -l16
[14.249s] Invoking command in '/home/geneta/Project/geneta_slam_ros2_ws/src/build/geneta_slam_ros2_pkg': CMAKE_PREFIX_PATH=${CMAKE_PREFIX_PATH}:/home/geneta/Project/ROS2homework/dev_ws/install/learning_urdf:/home/geneta/Project/ROS2homework/dev_ws/install/learning_topic:/home/geneta/Project/ROS2homework/dev_ws/install/learning_tf:/home/geneta/Project/ROS2homework/dev_ws/install/learning_service:/home/geneta/Project/ROS2homework/dev_ws/install/learning_qos:/home/geneta/Project/ROS2homework/dev_ws/install/learning_pkg_python:/home/geneta/Project/ROS2homework/dev_ws/install/learning_parameter:/home/geneta/Project/ROS2homework/dev_ws/install/learning_node:/home/geneta/Project/ROS2homework/dev_ws/install/learning_launch:/home/geneta/Project/ROS2homework/dev_ws/install/learning_action:/home/geneta/Project/ROS2homework/dev_ws/install/learning_gazebo_harmonic:/home/geneta/Project/ROS2homework/dev_ws/install/learning_gazebo:/home/geneta/Project/ROS2homework/dev_ws/install/learning_cv:/opt/ros/jazzy DEBUGINFOD_URLS=https://debuginfod.ubuntu.com /usr/bin/cmake --install /home/geneta/Project/geneta_slam_ros2_ws/src/build/geneta_slam_ros2_pkg
[14.259s] -- Install configuration: ""
[14.259s] -- Installing: /home/geneta/Project/geneta_slam_ros2_ws/src/install/geneta_slam_ros2_pkg/share/ament_index/resource_index/rosidl_interfaces/geneta_slam_ros2_pkg
[14.260s] -- Installing: /home/geneta/Project/geneta_slam_ros2_ws/src/install/geneta_slam_ros2_pkg/share/geneta_slam_ros2_pkg/msg/FandB.json
[14.260s] -- Installing: /home/geneta/Project/geneta_slam_ros2_ws/src/install/geneta_slam_ros2_pkg/include/geneta_slam_ros2_pkg/geneta_slam_ros2_pkg
[14.260s] -- Installing: /home/geneta/Project/geneta_slam_ros2_ws/src/install/geneta_slam_ros2_pkg/include/geneta_slam_ros2_pkg/geneta_slam_ros2_pkg/msg
[14.261s] -- Installing: /home/geneta/Project/geneta_slam_ros2_ws/src/install/geneta_slam_ros2_pkg/include/geneta_slam_ros2_pkg/geneta_slam_ros2_pkg/msg/rosidl_generator_c__visibility_control.h
[14.261s] -- Installing: /home/geneta/Project/geneta_slam_ros2_ws/src/install/geneta_slam_ros2_pkg/include/geneta_slam_ros2_pkg/geneta_slam_ros2_pkg/msg/fand_b.h
[14.261s] -- Installing: /home/geneta/Project/geneta_slam_ros2_ws/src/install/geneta_slam_ros2_pkg/include/geneta_slam_ros2_pkg/geneta_slam_ros2_pkg/msg/detail
[14.261s] -- Installing: /home/geneta/Project/geneta_slam_ros2_ws/src/install/geneta_slam_ros2_pkg/include/geneta_slam_ros2_pkg/geneta_slam_ros2_pkg/msg/detail/fand_b__type_support.h
[14.261s] -- Installing: /home/geneta/Project/geneta_slam_ros2_ws/src/install/geneta_slam_ros2_pkg/include/geneta_slam_ros2_pkg/geneta_slam_ros2_pkg/msg/detail/fand_b__functions.c
[14.262s] -- Installing: /home/geneta/Project/geneta_slam_ros2_ws/src/install/geneta_slam_ros2_pkg/include/geneta_slam_ros2_pkg/geneta_slam_ros2_pkg/msg/detail/fand_b__functions.h
[14.262s] -- Installing: /home/geneta/Project/geneta_slam_ros2_ws/src/install/geneta_slam_ros2_pkg/include/geneta_slam_ros2_pkg/geneta_slam_ros2_pkg/msg/detail/fand_b__description.c
[14.262s] -- Installing: /home/geneta/Project/geneta_slam_ros2_ws/src/install/geneta_slam_ros2_pkg/include/geneta_slam_ros2_pkg/geneta_slam_ros2_pkg/msg/detail/fand_b__struct.h
[14.262s] -- Installing: /home/geneta/Project/geneta_slam_ros2_ws/src/install/geneta_slam_ros2_pkg/include/geneta_slam_ros2_pkg/geneta_slam_ros2_pkg/msg/detail/fand_b__type_support.c
[14.262s] -- Installing: /home/geneta/Project/geneta_slam_ros2_ws/src/install/geneta_slam_ros2_pkg/share/geneta_slam_ros2_pkg/environment/library_path.sh
[14.262s] -- Installing: /home/geneta/Project/geneta_slam_ros2_ws/src/install/geneta_slam_ros2_pkg/share/geneta_slam_ros2_pkg/environment/library_path.dsv
[14.263s] -- Installing: /home/geneta/Project/geneta_slam_ros2_ws/src/install/geneta_slam_ros2_pkg/lib/libgeneta_slam_ros2_pkg__rosidl_generator_c.so
[14.263s] -- Set non-toolchain portion of runtime path of "/home/geneta/Project/geneta_slam_ros2_ws/src/install/geneta_slam_ros2_pkg/lib/libgeneta_slam_ros2_pkg__rosidl_generator_c.so" to ""
[14.263s] -- Up-to-date: /home/geneta/Project/geneta_slam_ros2_ws/src/install/geneta_slam_ros2_pkg/include/geneta_slam_ros2_pkg/geneta_slam_ros2_pkg
[14.264s] -- Up-to-date: /home/geneta/Project/geneta_slam_ros2_ws/src/install/geneta_slam_ros2_pkg/include/geneta_slam_ros2_pkg/geneta_slam_ros2_pkg/msg
[14.264s] -- Up-to-date: /home/geneta/Project/geneta_slam_ros2_ws/src/install/geneta_slam_ros2_pkg/include/geneta_slam_ros2_pkg/geneta_slam_ros2_pkg/msg/detail
[14.264s] -- Installing: /home/geneta/Project/geneta_slam_ros2_ws/src/install/geneta_slam_ros2_pkg/include/geneta_slam_ros2_pkg/geneta_slam_ros2_pkg/msg/detail/fand_b__rosidl_typesupport_fastrtps_c.h
[14.264s] -- Installing: /home/geneta/Project/geneta_slam_ros2_ws/src/install/geneta_slam_ros2_pkg/include/geneta_slam_ros2_pkg/geneta_slam_ros2_pkg/msg/rosidl_typesupport_fastrtps_c__visibility_control.h
[14.264s] -- Installing: /home/geneta/Project/geneta_slam_ros2_ws/src/install/geneta_slam_ros2_pkg/lib/libgeneta_slam_ros2_pkg__rosidl_typesupport_fastrtps_c.so
[14.265s] -- Set non-toolchain portion of runtime path of "/home/geneta/Project/geneta_slam_ros2_ws/src/install/geneta_slam_ros2_pkg/lib/libgeneta_slam_ros2_pkg__rosidl_typesupport_fastrtps_c.so" to ""
[14.265s] -- Up-to-date: /home/geneta/Project/geneta_slam_ros2_ws/src/install/geneta_slam_ros2_pkg/include/geneta_slam_ros2_pkg/geneta_slam_ros2_pkg
[14.265s] -- Up-to-date: /home/geneta/Project/geneta_slam_ros2_ws/src/install/geneta_slam_ros2_pkg/include/geneta_slam_ros2_pkg/geneta_slam_ros2_pkg/msg
[14.265s] -- Installing: /home/geneta/Project/geneta_slam_ros2_ws/src/install/geneta_slam_ros2_pkg/include/geneta_slam_ros2_pkg/geneta_slam_ros2_pkg/msg/fand_b.hpp
[14.265s] -- Up-to-date: /home/geneta/Project/geneta_slam_ros2_ws/src/install/geneta_slam_ros2_pkg/include/geneta_slam_ros2_pkg/geneta_slam_ros2_pkg/msg/detail
[14.265s] -- Installing: /home/geneta/Project/geneta_slam_ros2_ws/src/install/geneta_slam_ros2_pkg/include/geneta_slam_ros2_pkg/geneta_slam_ros2_pkg/msg/detail/fand_b__struct.hpp
[14.265s] -- Installing: /home/geneta/Project/geneta_slam_ros2_ws/src/install/geneta_slam_ros2_pkg/include/geneta_slam_ros2_pkg/geneta_slam_ros2_pkg/msg/detail/fand_b__type_support.hpp
[14.266s] -- Installing: /home/geneta/Project/geneta_slam_ros2_ws/src/install/geneta_slam_ros2_pkg/include/geneta_slam_ros2_pkg/geneta_slam_ros2_pkg/msg/detail/fand_b__builder.hpp
[14.266s] -- Installing: /home/geneta/Project/geneta_slam_ros2_ws/src/install/geneta_slam_ros2_pkg/include/geneta_slam_ros2_pkg/geneta_slam_ros2_pkg/msg/detail/fand_b__traits.hpp
[14.266s] -- Installing: /home/geneta/Project/geneta_slam_ros2_ws/src/install/geneta_slam_ros2_pkg/include/geneta_slam_ros2_pkg/geneta_slam_ros2_pkg/msg/rosidl_generator_cpp__visibility_control.hpp
[14.266s] -- Up-to-date: /home/geneta/Project/geneta_slam_ros2_ws/src/install/geneta_slam_ros2_pkg/include/geneta_slam_ros2_pkg/geneta_slam_ros2_pkg
[14.267s] -- Up-to-date: /home/geneta/Project/geneta_slam_ros2_ws/src/install/geneta_slam_ros2_pkg/include/geneta_slam_ros2_pkg/geneta_slam_ros2_pkg/msg
[14.267s] -- Installing: /home/geneta/Project/geneta_slam_ros2_ws/src/install/geneta_slam_ros2_pkg/include/geneta_slam_ros2_pkg/geneta_slam_ros2_pkg/msg/rosidl_typesupport_fastrtps_cpp__visibility_control.h
[14.267s] -- Up-to-date: /home/geneta/Project/geneta_slam_ros2_ws/src/install/geneta_slam_ros2_pkg/include/geneta_slam_ros2_pkg/geneta_slam_ros2_pkg/msg/detail
[14.267s] -- Installing: /home/geneta/Project/geneta_slam_ros2_ws/src/install/geneta_slam_ros2_pkg/include/geneta_slam_ros2_pkg/geneta_slam_ros2_pkg/msg/detail/dds_fastrtps
[14.267s] -- Installing: /home/geneta/Project/geneta_slam_ros2_ws/src/install/geneta_slam_ros2_pkg/include/geneta_slam_ros2_pkg/geneta_slam_ros2_pkg/msg/detail/fand_b__rosidl_typesupport_fastrtps_cpp.hpp
[14.268s] -- Installing: /home/geneta/Project/geneta_slam_ros2_ws/src/install/geneta_slam_ros2_pkg/lib/libgeneta_slam_ros2_pkg__rosidl_typesupport_fastrtps_cpp.so
[14.268s] -- Set non-toolchain portion of runtime path of "/home/geneta/Project/geneta_slam_ros2_ws/src/install/geneta_slam_ros2_pkg/lib/libgeneta_slam_ros2_pkg__rosidl_typesupport_fastrtps_cpp.so" to ""
[14.268s] -- Up-to-date: /home/geneta/Project/geneta_slam_ros2_ws/src/install/geneta_slam_ros2_pkg/include/geneta_slam_ros2_pkg/geneta_slam_ros2_pkg
[14.268s] -- Up-to-date: /home/geneta/Project/geneta_slam_ros2_ws/src/install/geneta_slam_ros2_pkg/include/geneta_slam_ros2_pkg/geneta_slam_ros2_pkg/msg
[14.268s] -- Up-to-date: /home/geneta/Project/geneta_slam_ros2_ws/src/install/geneta_slam_ros2_pkg/include/geneta_slam_ros2_pkg/geneta_slam_ros2_pkg/msg/detail
[14.268s] -- Installing: /home/geneta/Project/geneta_slam_ros2_ws/src/install/geneta_slam_ros2_pkg/include/geneta_slam_ros2_pkg/geneta_slam_ros2_pkg/msg/detail/fand_b__rosidl_typesupport_introspection_c.h
[14.268s] -- Installing: /home/geneta/Project/geneta_slam_ros2_ws/src/install/geneta_slam_ros2_pkg/include/geneta_slam_ros2_pkg/geneta_slam_ros2_pkg/msg/detail/fand_b__type_support.c
[14.269s] -- Installing: /home/geneta/Project/geneta_slam_ros2_ws/src/install/geneta_slam_ros2_pkg/include/geneta_slam_ros2_pkg/geneta_slam_ros2_pkg/msg/rosidl_typesupport_introspection_c__visibility_control.h
[14.269s] -- Installing: /home/geneta/Project/geneta_slam_ros2_ws/src/install/geneta_slam_ros2_pkg/lib/libgeneta_slam_ros2_pkg__rosidl_typesupport_introspection_c.so
[14.269s] -- Set non-toolchain portion of runtime path of "/home/geneta/Project/geneta_slam_ros2_ws/src/install/geneta_slam_ros2_pkg/lib/libgeneta_slam_ros2_pkg__rosidl_typesupport_introspection_c.so" to ""
[14.269s] -- Installing: /home/geneta/Project/geneta_slam_ros2_ws/src/install/geneta_slam_ros2_pkg/lib/libgeneta_slam_ros2_pkg__rosidl_typesupport_c.so
[14.270s] -- Set non-toolchain portion of runtime path of "/home/geneta/Project/geneta_slam_ros2_ws/src/install/geneta_slam_ros2_pkg/lib/libgeneta_slam_ros2_pkg__rosidl_typesupport_c.so" to ""
[14.270s] -- Up-to-date: /home/geneta/Project/geneta_slam_ros2_ws/src/install/geneta_slam_ros2_pkg/include/geneta_slam_ros2_pkg/geneta_slam_ros2_pkg
[14.270s] -- Up-to-date: /home/geneta/Project/geneta_slam_ros2_ws/src/install/geneta_slam_ros2_pkg/include/geneta_slam_ros2_pkg/geneta_slam_ros2_pkg/msg
[14.270s] -- Up-to-date: /home/geneta/Project/geneta_slam_ros2_ws/src/install/geneta_slam_ros2_pkg/include/geneta_slam_ros2_pkg/geneta_slam_ros2_pkg/msg/detail
[14.270s] -- Installing: /home/geneta/Project/geneta_slam_ros2_ws/src/install/geneta_slam_ros2_pkg/include/geneta_slam_ros2_pkg/geneta_slam_ros2_pkg/msg/detail/fand_b__rosidl_typesupport_introspection_cpp.hpp
[14.270s] -- Installing: /home/geneta/Project/geneta_slam_ros2_ws/src/install/geneta_slam_ros2_pkg/include/geneta_slam_ros2_pkg/geneta_slam_ros2_pkg/msg/detail/fand_b__type_support.cpp
[14.271s] -- Installing: /home/geneta/Project/geneta_slam_ros2_ws/src/install/geneta_slam_ros2_pkg/lib/libgeneta_slam_ros2_pkg__rosidl_typesupport_introspection_cpp.so
[14.271s] -- Set non-toolchain portion of runtime path of "/home/geneta/Project/geneta_slam_ros2_ws/src/install/geneta_slam_ros2_pkg/lib/libgeneta_slam_ros2_pkg__rosidl_typesupport_introspection_cpp.so" to ""
[14.271s] -- Installing: /home/geneta/Project/geneta_slam_ros2_ws/src/install/geneta_slam_ros2_pkg/lib/libgeneta_slam_ros2_pkg__rosidl_typesupport_cpp.so
[14.272s] -- Set non-toolchain portion of runtime path of "/home/geneta/Project/geneta_slam_ros2_ws/src/install/geneta_slam_ros2_pkg/lib/libgeneta_slam_ros2_pkg__rosidl_typesupport_cpp.so" to ""
[14.272s] -- Installing: /home/geneta/Project/geneta_slam_ros2_ws/src/install/geneta_slam_ros2_pkg/share/geneta_slam_ros2_pkg/environment/pythonpath.sh
[14.272s] -- Installing: /home/geneta/Project/geneta_slam_ros2_ws/src/install/geneta_slam_ros2_pkg/share/geneta_slam_ros2_pkg/environment/pythonpath.dsv
[14.272s] -- Installing: /home/geneta/Project/geneta_slam_ros2_ws/src/install/geneta_slam_ros2_pkg/lib/python3.12/site-packages/geneta_slam_ros2_pkg-0.0.0-py3.12.egg-info
[14.273s] -- Installing: /home/geneta/Project/geneta_slam_ros2_ws/src/install/geneta_slam_ros2_pkg/lib/python3.12/site-packages/geneta_slam_ros2_pkg-0.0.0-py3.12.egg-info/PKG-INFO
[14.273s] -- Installing: /home/geneta/Project/geneta_slam_ros2_ws/src/install/geneta_slam_ros2_pkg/lib/python3.12/site-packages/geneta_slam_ros2_pkg-0.0.0-py3.12.egg-info/SOURCES.txt
[14.273s] -- Installing: /home/geneta/Project/geneta_slam_ros2_ws/src/install/geneta_slam_ros2_pkg/lib/python3.12/site-packages/geneta_slam_ros2_pkg-0.0.0-py3.12.egg-info/top_level.txt
[14.273s] -- Installing: /home/geneta/Project/geneta_slam_ros2_ws/src/install/geneta_slam_ros2_pkg/lib/python3.12/site-packages/geneta_slam_ros2_pkg-0.0.0-py3.12.egg-info/dependency_links.txt
[14.273s] -- Installing: /home/geneta/Project/geneta_slam_ros2_ws/src/install/geneta_slam_ros2_pkg/lib/python3.12/site-packages/geneta_slam_ros2_pkg
[14.274s] -- Installing: /home/geneta/Project/geneta_slam_ros2_ws/src/install/geneta_slam_ros2_pkg/lib/python3.12/site-packages/geneta_slam_ros2_pkg/_geneta_slam_ros2_pkg_s.ep.rosidl_typesupport_c.c
[14.274s] -- Installing: /home/geneta/Project/geneta_slam_ros2_ws/src/install/geneta_slam_ros2_pkg/lib/python3.12/site-packages/geneta_slam_ros2_pkg/geneta_slam_ros2_pkg_s__rosidl_typesupport_introspection_c.so
[14.274s] -- Installing: /home/geneta/Project/geneta_slam_ros2_ws/src/install/geneta_slam_ros2_pkg/lib/python3.12/site-packages/geneta_slam_ros2_pkg/_geneta_slam_ros2_pkg_s.ep.rosidl_typesupport_fastrtps_c.c
[14.274s] -- Installing: /home/geneta/Project/geneta_slam_ros2_ws/src/install/geneta_slam_ros2_pkg/lib/python3.12/site-packages/geneta_slam_ros2_pkg/geneta_slam_ros2_pkg_s__rosidl_typesupport_fastrtps_c.so
[14.274s] -- Installing: /home/geneta/Project/geneta_slam_ros2_ws/src/install/geneta_slam_ros2_pkg/lib/python3.12/site-packages/geneta_slam_ros2_pkg/msg
[14.274s] -- Installing: /home/geneta/Project/geneta_slam_ros2_ws/src/install/geneta_slam_ros2_pkg/lib/python3.12/site-packages/geneta_slam_ros2_pkg/msg/_fand_b.py
[14.275s] -- Installing: /home/geneta/Project/geneta_slam_ros2_ws/src/install/geneta_slam_ros2_pkg/lib/python3.12/site-packages/geneta_slam_ros2_pkg/msg/__init__.py
[14.275s] -- Installing: /home/geneta/Project/geneta_slam_ros2_ws/src/install/geneta_slam_ros2_pkg/lib/python3.12/site-packages/geneta_slam_ros2_pkg/msg/_fand_b_s.c
[14.275s] -- Installing: /home/geneta/Project/geneta_slam_ros2_ws/src/install/geneta_slam_ros2_pkg/lib/python3.12/site-packages/geneta_slam_ros2_pkg/geneta_slam_ros2_pkg_s__rosidl_typesupport_c.so
[14.276s] -- Installing: /home/geneta/Project/geneta_slam_ros2_ws/src/install/geneta_slam_ros2_pkg/lib/python3.12/site-packages/geneta_slam_ros2_pkg/_geneta_slam_ros2_pkg_s.ep.rosidl_typesupport_introspection_c.c
[14.276s] -- Installing: /home/geneta/Project/geneta_slam_ros2_ws/src/install/geneta_slam_ros2_pkg/lib/python3.12/site-packages/geneta_slam_ros2_pkg/__init__.py
[14.320s] Listing '/home/geneta/Project/geneta_slam_ros2_ws/src/install/geneta_slam_ros2_pkg/lib/python3.12/site-packages/geneta_slam_ros2_pkg'...
[14.320s] Compiling '/home/geneta/Project/geneta_slam_ros2_ws/src/install/geneta_slam_ros2_pkg/lib/python3.12/site-packages/geneta_slam_ros2_pkg/__init__.py'...
[14.320s] Listing '/home/geneta/Project/geneta_slam_ros2_ws/src/install/geneta_slam_ros2_pkg/lib/python3.12/site-packages/geneta_slam_ros2_pkg/msg'...
[14.320s] Compiling '/home/geneta/Project/geneta_slam_ros2_ws/src/install/geneta_slam_ros2_pkg/lib/python3.12/site-packages/geneta_slam_ros2_pkg/msg/__init__.py'...
[14.320s] Compiling '/home/geneta/Project/geneta_slam_ros2_ws/src/install/geneta_slam_ros2_pkg/lib/python3.12/site-packages/geneta_slam_ros2_pkg/msg/_fand_b.py'...
[14.325s] -- Installing: /home/geneta/Project/geneta_slam_ros2_ws/src/install/geneta_slam_ros2_pkg/lib/python3.12/site-packages/geneta_slam_ros2_pkg/geneta_slam_ros2_pkg_s__rosidl_typesupport_fastrtps_c.so
[14.326s] -- Set non-toolchain portion of runtime path of "/home/geneta/Project/geneta_slam_ros2_ws/src/install/geneta_slam_ros2_pkg/lib/python3.12/site-packages/geneta_slam_ros2_pkg/geneta_slam_ros2_pkg_s__rosidl_typesupport_fastrtps_c.so" to ""
[14.326s] -- Installing: /home/geneta/Project/geneta_slam_ros2_ws/src/install/geneta_slam_ros2_pkg/lib/python3.12/site-packages/geneta_slam_ros2_pkg/geneta_slam_ros2_pkg_s__rosidl_typesupport_introspection_c.so
[14.327s] -- Set non-toolchain portion of runtime path of "/home/geneta/Project/geneta_slam_ros2_ws/src/install/geneta_slam_ros2_pkg/lib/python3.12/site-packages/geneta_slam_ros2_pkg/geneta_slam_ros2_pkg_s__rosidl_typesupport_introspection_c.so" to ""
[14.327s] -- Installing: /home/geneta/Project/geneta_slam_ros2_ws/src/install/geneta_slam_ros2_pkg/lib/python3.12/site-packages/geneta_slam_ros2_pkg/geneta_slam_ros2_pkg_s__rosidl_typesupport_c.so
[14.327s] -- Set non-toolchain portion of runtime path of "/home/geneta/Project/geneta_slam_ros2_ws/src/install/geneta_slam_ros2_pkg/lib/python3.12/site-packages/geneta_slam_ros2_pkg/geneta_slam_ros2_pkg_s__rosidl_typesupport_c.so" to ""
[14.327s] -- Installing: /home/geneta/Project/geneta_slam_ros2_ws/src/install/geneta_slam_ros2_pkg/lib/libgeneta_slam_ros2_pkg__rosidl_generator_py.so
[14.328s] -- Set non-toolchain portion of runtime path of "/home/geneta/Project/geneta_slam_ros2_ws/src/install/geneta_slam_ros2_pkg/lib/libgeneta_slam_ros2_pkg__rosidl_generator_py.so" to ""
[14.328s] -- Installing: /home/geneta/Project/geneta_slam_ros2_ws/src/install/geneta_slam_ros2_pkg/share/geneta_slam_ros2_pkg/msg/FandB.idl
[14.328s] -- Installing: /home/geneta/Project/geneta_slam_ros2_ws/src/install/geneta_slam_ros2_pkg/share/geneta_slam_ros2_pkg/msg/FandB.msg
[14.331s] -- Installing: /home/geneta/Project/geneta_slam_ros2_ws/src/install/geneta_slam_ros2_pkg/lib/geneta_slam_ros2_pkg/image_publisher
[14.332s] -- Set non-toolchain portion of runtime path of "/home/geneta/Project/geneta_slam_ros2_ws/src/install/geneta_slam_ros2_pkg/lib/geneta_slam_ros2_pkg/image_publisher" to ""
[14.332s] -- Installing: /home/geneta/Project/geneta_slam_ros2_ws/src/install/geneta_slam_ros2_pkg/lib/geneta_slam_ros2_pkg/stereo_cam_node
[14.334s] -- Set non-toolchain portion of runtime path of "/home/geneta/Project/geneta_slam_ros2_ws/src/install/geneta_slam_ros2_pkg/lib/geneta_slam_ros2_pkg/stereo_cam_node" to ""
[14.334s] -- Installing: /home/geneta/Project/geneta_slam_ros2_ws/src/install/geneta_slam_ros2_pkg/lib/geneta_slam_ros2_pkg/test_node
[14.337s] -- Set non-toolchain portion of runtime path of "/home/geneta/Project/geneta_slam_ros2_ws/src/install/geneta_slam_ros2_pkg/lib/geneta_slam_ros2_pkg/test_node" to ""
[14.337s] -- Installing: /home/geneta/Project/geneta_slam_ros2_ws/src/install/geneta_slam_ros2_pkg/share/ament_index/resource_index/package_run_dependencies/geneta_slam_ros2_pkg
[14.338s] -- Installing: /home/geneta/Project/geneta_slam_ros2_ws/src/install/geneta_slam_ros2_pkg/share/ament_index/resource_index/parent_prefix_path/geneta_slam_ros2_pkg
[14.338s] -- Installing: /home/geneta/Project/geneta_slam_ros2_ws/src/install/geneta_slam_ros2_pkg/share/geneta_slam_ros2_pkg/environment/ament_prefix_path.sh
[14.338s] -- Installing: /home/geneta/Project/geneta_slam_ros2_ws/src/install/geneta_slam_ros2_pkg/share/geneta_slam_ros2_pkg/environment/ament_prefix_path.dsv
[14.338s] -- Installing: /home/geneta/Project/geneta_slam_ros2_ws/src/install/geneta_slam_ros2_pkg/share/geneta_slam_ros2_pkg/environment/path.sh
[14.339s] -- Installing: /home/geneta/Project/geneta_slam_ros2_ws/src/install/geneta_slam_ros2_pkg/share/geneta_slam_ros2_pkg/environment/path.dsv
[14.339s] -- Installing: /home/geneta/Project/geneta_slam_ros2_ws/src/install/geneta_slam_ros2_pkg/share/geneta_slam_ros2_pkg/local_setup.bash
[14.339s] -- Installing: /home/geneta/Project/geneta_slam_ros2_ws/src/install/geneta_slam_ros2_pkg/share/geneta_slam_ros2_pkg/local_setup.sh
[14.339s] -- Installing: /home/geneta/Project/geneta_slam_ros2_ws/src/install/geneta_slam_ros2_pkg/share/geneta_slam_ros2_pkg/local_setup.zsh
[14.339s] -- Installing: /home/geneta/Project/geneta_slam_ros2_ws/src/install/geneta_slam_ros2_pkg/share/geneta_slam_ros2_pkg/local_setup.dsv
[14.339s] -- Installing: /home/geneta/Project/geneta_slam_ros2_ws/src/install/geneta_slam_ros2_pkg/share/geneta_slam_ros2_pkg/package.dsv
[14.340s] -- Installing: /home/geneta/Project/geneta_slam_ros2_ws/src/install/geneta_slam_ros2_pkg/share/ament_index/resource_index/packages/geneta_slam_ros2_pkg
[14.340s] -- Installing: /home/geneta/Project/geneta_slam_ros2_ws/src/install/geneta_slam_ros2_pkg/share/geneta_slam_ros2_pkg/cmake/export_geneta_slam_ros2_pkg__rosidl_generator_cExport.cmake
[14.340s] -- Installing: /home/geneta/Project/geneta_slam_ros2_ws/src/install/geneta_slam_ros2_pkg/share/geneta_slam_ros2_pkg/cmake/export_geneta_slam_ros2_pkg__rosidl_generator_cExport-noconfig.cmake
[14.340s] -- Installing: /home/geneta/Project/geneta_slam_ros2_ws/src/install/geneta_slam_ros2_pkg/share/geneta_slam_ros2_pkg/cmake/export_geneta_slam_ros2_pkg__rosidl_typesupport_fastrtps_cExport.cmake
[14.341s] -- Installing: /home/geneta/Project/geneta_slam_ros2_ws/src/install/geneta_slam_ros2_pkg/share/geneta_slam_ros2_pkg/cmake/export_geneta_slam_ros2_pkg__rosidl_typesupport_fastrtps_cExport-noconfig.cmake
[14.341s] -- Installing: /home/geneta/Project/geneta_slam_ros2_ws/src/install/geneta_slam_ros2_pkg/share/geneta_slam_ros2_pkg/cmake/export_geneta_slam_ros2_pkg__rosidl_generator_cppExport.cmake
[14.341s] -- Installing: /home/geneta/Project/geneta_slam_ros2_ws/src/install/geneta_slam_ros2_pkg/share/geneta_slam_ros2_pkg/cmake/export_geneta_slam_ros2_pkg__rosidl_typesupport_fastrtps_cppExport.cmake
[14.341s] -- Installing: /home/geneta/Project/geneta_slam_ros2_ws/src/install/geneta_slam_ros2_pkg/share/geneta_slam_ros2_pkg/cmake/export_geneta_slam_ros2_pkg__rosidl_typesupport_fastrtps_cppExport-noconfig.cmake
[14.342s] -- Installing: /home/geneta/Project/geneta_slam_ros2_ws/src/install/geneta_slam_ros2_pkg/share/geneta_slam_ros2_pkg/cmake/geneta_slam_ros2_pkg__rosidl_typesupport_introspection_cExport.cmake
[14.342s] -- Installing: /home/geneta/Project/geneta_slam_ros2_ws/src/install/geneta_slam_ros2_pkg/share/geneta_slam_ros2_pkg/cmake/geneta_slam_ros2_pkg__rosidl_typesupport_introspection_cExport-noconfig.cmake
[14.342s] -- Installing: /home/geneta/Project/geneta_slam_ros2_ws/src/install/geneta_slam_ros2_pkg/share/geneta_slam_ros2_pkg/cmake/geneta_slam_ros2_pkg__rosidl_typesupport_cExport.cmake
[14.342s] -- Installing: /home/geneta/Project/geneta_slam_ros2_ws/src/install/geneta_slam_ros2_pkg/share/geneta_slam_ros2_pkg/cmake/geneta_slam_ros2_pkg__rosidl_typesupport_cExport-noconfig.cmake
[14.343s] -- Installing: /home/geneta/Project/geneta_slam_ros2_ws/src/install/geneta_slam_ros2_pkg/share/geneta_slam_ros2_pkg/cmake/geneta_slam_ros2_pkg__rosidl_typesupport_introspection_cppExport.cmake
[14.343s] -- Installing: /home/geneta/Project/geneta_slam_ros2_ws/src/install/geneta_slam_ros2_pkg/share/geneta_slam_ros2_pkg/cmake/geneta_slam_ros2_pkg__rosidl_typesupport_introspection_cppExport-noconfig.cmake
[14.343s] -- Installing: /home/geneta/Project/geneta_slam_ros2_ws/src/install/geneta_slam_ros2_pkg/share/geneta_slam_ros2_pkg/cmake/geneta_slam_ros2_pkg__rosidl_typesupport_cppExport.cmake
[14.344s] -- Installing: /home/geneta/Project/geneta_slam_ros2_ws/src/install/geneta_slam_ros2_pkg/share/geneta_slam_ros2_pkg/cmake/geneta_slam_ros2_pkg__rosidl_typesupport_cppExport-noconfig.cmake
[14.344s] -- Installing: /home/geneta/Project/geneta_slam_ros2_ws/src/install/geneta_slam_ros2_pkg/share/geneta_slam_ros2_pkg/cmake/export_geneta_slam_ros2_pkg__rosidl_generator_pyExport.cmake
[14.344s] -- Installing: /home/geneta/Project/geneta_slam_ros2_ws/src/install/geneta_slam_ros2_pkg/share/geneta_slam_ros2_pkg/cmake/export_geneta_slam_ros2_pkg__rosidl_generator_pyExport-noconfig.cmake
[14.345s] -- Installing: /home/geneta/Project/geneta_slam_ros2_ws/src/install/geneta_slam_ros2_pkg/share/geneta_slam_ros2_pkg/cmake/rosidl_cmake-extras.cmake
[14.345s] -- Installing: /home/geneta/Project/geneta_slam_ros2_ws/src/install/geneta_slam_ros2_pkg/share/geneta_slam_ros2_pkg/cmake/ament_cmake_export_dependencies-extras.cmake
[14.345s] -- Installing: /home/geneta/Project/geneta_slam_ros2_ws/src/install/geneta_slam_ros2_pkg/share/geneta_slam_ros2_pkg/cmake/ament_cmake_export_include_directories-extras.cmake
[14.345s] -- Installing: /home/geneta/Project/geneta_slam_ros2_ws/src/install/geneta_slam_ros2_pkg/share/geneta_slam_ros2_pkg/cmake/ament_cmake_export_libraries-extras.cmake
[14.345s] -- Installing: /home/geneta/Project/geneta_slam_ros2_ws/src/install/geneta_slam_ros2_pkg/share/geneta_slam_ros2_pkg/cmake/ament_cmake_export_targets-extras.cmake
[14.345s] -- Installing: /home/geneta/Project/geneta_slam_ros2_ws/src/install/geneta_slam_ros2_pkg/share/geneta_slam_ros2_pkg/cmake/rosidl_cmake_export_typesupport_targets-extras.cmake
[14.345s] -- Installing: /home/geneta/Project/geneta_slam_ros2_ws/src/install/geneta_slam_ros2_pkg/share/geneta_slam_ros2_pkg/cmake/rosidl_cmake_export_typesupport_libraries-extras.cmake
[14.346s] -- Installing: /home/geneta/Project/geneta_slam_ros2_ws/src/install/geneta_slam_ros2_pkg/share/geneta_slam_ros2_pkg/cmake/geneta_slam_ros2_pkgConfig.cmake
[14.346s] -- Installing: /home/geneta/Project/geneta_slam_ros2_ws/src/install/geneta_slam_ros2_pkg/share/geneta_slam_ros2_pkg/cmake/geneta_slam_ros2_pkgConfig-version.cmake
[14.347s] -- Installing: /home/geneta/Project/geneta_slam_ros2_ws/src/install/geneta_slam_ros2_pkg/share/geneta_slam_ros2_pkg/package.xml
[14.350s] Invoked command in '/home/geneta/Project/geneta_slam_ros2_ws/src/build/geneta_slam_ros2_pkg' returned '0': CMAKE_PREFIX_PATH=${CMAKE_PREFIX_PATH}:/home/geneta/Project/ROS2homework/dev_ws/install/learning_urdf:/home/geneta/Project/ROS2homework/dev_ws/install/learning_topic:/home/geneta/Project/ROS2homework/dev_ws/install/learning_tf:/home/geneta/Project/ROS2homework/dev_ws/install/learning_service:/home/geneta/Project/ROS2homework/dev_ws/install/learning_qos:/home/geneta/Project/ROS2homework/dev_ws/install/learning_pkg_python:/home/geneta/Project/ROS2homework/dev_ws/install/learning_parameter:/home/geneta/Project/ROS2homework/dev_ws/install/learning_node:/home/geneta/Project/ROS2homework/dev_ws/install/learning_launch:/home/geneta/Project/ROS2homework/dev_ws/install/learning_action:/home/geneta/Project/ROS2homework/dev_ws/install/learning_gazebo_harmonic:/home/geneta/Project/ROS2homework/dev_ws/install/learning_gazebo:/home/geneta/Project/ROS2homework/dev_ws/install/learning_cv:/opt/ros/jazzy DEBUGINFOD_URLS=https://debuginfod.ubuntu.com /usr/bin/cmake --install /home/geneta/Project/geneta_slam_ros2_ws/src/build/geneta_slam_ros2_pkg
