[  2%] Built target geneta_slam_ros2_pkg__rosidl_generator_type_description
[  6%] Built target stereo_cam_node
[ 10%] Built target image_publisher
[ 10%] Built target ament_cmake_python_copy_geneta_slam_ros2_pkg
[ 13%] Built target geneta_slam_ros2_pkg__cpp
[ 23%] Built target geneta_slam_ros2_pkg__rosidl_generator_c
[ 30%] Built target geneta_slam_ros2_pkg__rosidl_typesupport_introspection_c
[ 50%] Built target geneta_slam_ros2_pkg__rosidl_typesupport_fastrtps_cpp
[ 50%] Built target geneta_slam_ros2_pkg__rosidl_typesupport_cpp
[ 50%] Built target geneta_slam_ros2_pkg__rosidl_typesupport_c
[ 56%] Built target geneta_slam_ros2_pkg__rosidl_typesupport_introspection_cpp
[ 63%] Built target geneta_slam_ros2_pkg__rosidl_typesupport_fastrtps_c
[ 63%] Built target geneta_slam_ros2_pkg
[ 65%] Built target geneta_slam_ros2_pkg__py
[ 69%] Built target geneta_slam_ros2_pkg__rosidl_generator_py
[ 71%] [32mBuilding CXX object CMakeFiles/geneta_frontend.dir/src/slam_core/frontend.cpp.o[0m
[ 84%] Built target geneta_slam_ros2_pkg_s__rosidl_typesupport_fastrtps_c
[ 84%] Built target geneta_slam_ros2_pkg_s__rosidl_typesupport_introspection_c
[ 84%] Built target geneta_slam_ros2_pkg_s__rosidl_typesupport_c
running egg_info
writing geneta_slam_ros2_pkg.egg-info/PKG-INFO
writing dependency_links to geneta_slam_ros2_pkg.egg-info/dependency_links.txt
writing top-level names to geneta_slam_ros2_pkg.egg-info/top_level.txt
reading manifest file 'geneta_slam_ros2_pkg.egg-info/SOURCES.txt'
writing manifest file 'geneta_slam_ros2_pkg.egg-info/SOURCES.txt'
[ 84%] Built target ament_cmake_python_build_geneta_slam_ros2_pkg_egg
[ 86%] [32m[1mLinking CXX executable geneta_frontend[0m
[100%] Built target geneta_frontend
-- Install configuration: ""
-- Up-to-date: /home/geneta/Project/geneta_slam_ros2_ws/install/geneta_slam_ros2_pkg/share/ament_index/resource_index/rosidl_interfaces/geneta_slam_ros2_pkg
-- Up-to-date: /home/geneta/Project/geneta_slam_ros2_ws/install/geneta_slam_ros2_pkg/share/geneta_slam_ros2_pkg/msg/FandB.json
-- Up-to-date: /home/geneta/Project/geneta_slam_ros2_ws/install/geneta_slam_ros2_pkg/include/geneta_slam_ros2_pkg/geneta_slam_ros2_pkg
-- Up-to-date: /home/geneta/Project/geneta_slam_ros2_ws/install/geneta_slam_ros2_pkg/include/geneta_slam_ros2_pkg/geneta_slam_ros2_pkg/msg
-- Up-to-date: /home/geneta/Project/geneta_slam_ros2_ws/install/geneta_slam_ros2_pkg/include/geneta_slam_ros2_pkg/geneta_slam_ros2_pkg/msg/rosidl_generator_c__visibility_control.h
-- Up-to-date: /home/geneta/Project/geneta_slam_ros2_ws/install/geneta_slam_ros2_pkg/include/geneta_slam_ros2_pkg/geneta_slam_ros2_pkg/msg/fand_b.h
-- Up-to-date: /home/geneta/Project/geneta_slam_ros2_ws/install/geneta_slam_ros2_pkg/include/geneta_slam_ros2_pkg/geneta_slam_ros2_pkg/msg/detail
-- Up-to-date: /home/geneta/Project/geneta_slam_ros2_ws/install/geneta_slam_ros2_pkg/include/geneta_slam_ros2_pkg/geneta_slam_ros2_pkg/msg/detail/fand_b__type_support.h
-- Up-to-date: /home/geneta/Project/geneta_slam_ros2_ws/install/geneta_slam_ros2_pkg/include/geneta_slam_ros2_pkg/geneta_slam_ros2_pkg/msg/detail/fand_b__functions.c
-- Up-to-date: /home/geneta/Project/geneta_slam_ros2_ws/install/geneta_slam_ros2_pkg/include/geneta_slam_ros2_pkg/geneta_slam_ros2_pkg/msg/detail/fand_b__functions.h
-- Up-to-date: /home/geneta/Project/geneta_slam_ros2_ws/install/geneta_slam_ros2_pkg/include/geneta_slam_ros2_pkg/geneta_slam_ros2_pkg/msg/detail/fand_b__description.c
-- Up-to-date: /home/geneta/Project/geneta_slam_ros2_ws/install/geneta_slam_ros2_pkg/include/geneta_slam_ros2_pkg/geneta_slam_ros2_pkg/msg/detail/fand_b__struct.h
-- Up-to-date: /home/geneta/Project/geneta_slam_ros2_ws/install/geneta_slam_ros2_pkg/include/geneta_slam_ros2_pkg/geneta_slam_ros2_pkg/msg/detail/fand_b__type_support.c
-- Up-to-date: /home/geneta/Project/geneta_slam_ros2_ws/install/geneta_slam_ros2_pkg/share/geneta_slam_ros2_pkg/environment/library_path.sh
-- Up-to-date: /home/geneta/Project/geneta_slam_ros2_ws/install/geneta_slam_ros2_pkg/share/geneta_slam_ros2_pkg/environment/library_path.dsv
-- Up-to-date: /home/geneta/Project/geneta_slam_ros2_ws/install/geneta_slam_ros2_pkg/lib/libgeneta_slam_ros2_pkg__rosidl_generator_c.so
-- Up-to-date: /home/geneta/Project/geneta_slam_ros2_ws/install/geneta_slam_ros2_pkg/include/geneta_slam_ros2_pkg/geneta_slam_ros2_pkg
-- Up-to-date: /home/geneta/Project/geneta_slam_ros2_ws/install/geneta_slam_ros2_pkg/include/geneta_slam_ros2_pkg/geneta_slam_ros2_pkg/msg
-- Up-to-date: /home/geneta/Project/geneta_slam_ros2_ws/install/geneta_slam_ros2_pkg/include/geneta_slam_ros2_pkg/geneta_slam_ros2_pkg/msg/detail
-- Up-to-date: /home/geneta/Project/geneta_slam_ros2_ws/install/geneta_slam_ros2_pkg/include/geneta_slam_ros2_pkg/geneta_slam_ros2_pkg/msg/detail/fand_b__rosidl_typesupport_fastrtps_c.h
-- Up-to-date: /home/geneta/Project/geneta_slam_ros2_ws/install/geneta_slam_ros2_pkg/include/geneta_slam_ros2_pkg/geneta_slam_ros2_pkg/msg/rosidl_typesupport_fastrtps_c__visibility_control.h
-- Up-to-date: /home/geneta/Project/geneta_slam_ros2_ws/install/geneta_slam_ros2_pkg/lib/libgeneta_slam_ros2_pkg__rosidl_typesupport_fastrtps_c.so
-- Up-to-date: /home/geneta/Project/geneta_slam_ros2_ws/install/geneta_slam_ros2_pkg/include/geneta_slam_ros2_pkg/geneta_slam_ros2_pkg
-- Up-to-date: /home/geneta/Project/geneta_slam_ros2_ws/install/geneta_slam_ros2_pkg/include/geneta_slam_ros2_pkg/geneta_slam_ros2_pkg/msg
-- Up-to-date: /home/geneta/Project/geneta_slam_ros2_ws/install/geneta_slam_ros2_pkg/include/geneta_slam_ros2_pkg/geneta_slam_ros2_pkg/msg/fand_b.hpp
-- Up-to-date: /home/geneta/Project/geneta_slam_ros2_ws/install/geneta_slam_ros2_pkg/include/geneta_slam_ros2_pkg/geneta_slam_ros2_pkg/msg/detail
-- Up-to-date: /home/geneta/Project/geneta_slam_ros2_ws/install/geneta_slam_ros2_pkg/include/geneta_slam_ros2_pkg/geneta_slam_ros2_pkg/msg/detail/fand_b__struct.hpp
-- Up-to-date: /home/geneta/Project/geneta_slam_ros2_ws/install/geneta_slam_ros2_pkg/include/geneta_slam_ros2_pkg/geneta_slam_ros2_pkg/msg/detail/fand_b__type_support.hpp
-- Up-to-date: /home/geneta/Project/geneta_slam_ros2_ws/install/geneta_slam_ros2_pkg/include/geneta_slam_ros2_pkg/geneta_slam_ros2_pkg/msg/detail/fand_b__builder.hpp
-- Up-to-date: /home/geneta/Project/geneta_slam_ros2_ws/install/geneta_slam_ros2_pkg/include/geneta_slam_ros2_pkg/geneta_slam_ros2_pkg/msg/detail/fand_b__traits.hpp
-- Up-to-date: /home/geneta/Project/geneta_slam_ros2_ws/install/geneta_slam_ros2_pkg/include/geneta_slam_ros2_pkg/geneta_slam_ros2_pkg/msg/rosidl_generator_cpp__visibility_control.hpp
-- Up-to-date: /home/geneta/Project/geneta_slam_ros2_ws/install/geneta_slam_ros2_pkg/include/geneta_slam_ros2_pkg/geneta_slam_ros2_pkg
-- Up-to-date: /home/geneta/Project/geneta_slam_ros2_ws/install/geneta_slam_ros2_pkg/include/geneta_slam_ros2_pkg/geneta_slam_ros2_pkg/msg
-- Up-to-date: /home/geneta/Project/geneta_slam_ros2_ws/install/geneta_slam_ros2_pkg/include/geneta_slam_ros2_pkg/geneta_slam_ros2_pkg/msg/rosidl_typesupport_fastrtps_cpp__visibility_control.h
-- Up-to-date: /home/geneta/Project/geneta_slam_ros2_ws/install/geneta_slam_ros2_pkg/include/geneta_slam_ros2_pkg/geneta_slam_ros2_pkg/msg/detail
-- Up-to-date: /home/geneta/Project/geneta_slam_ros2_ws/install/geneta_slam_ros2_pkg/include/geneta_slam_ros2_pkg/geneta_slam_ros2_pkg/msg/detail/dds_fastrtps
-- Up-to-date: /home/geneta/Project/geneta_slam_ros2_ws/install/geneta_slam_ros2_pkg/include/geneta_slam_ros2_pkg/geneta_slam_ros2_pkg/msg/detail/fand_b__rosidl_typesupport_fastrtps_cpp.hpp
-- Up-to-date: /home/geneta/Project/geneta_slam_ros2_ws/install/geneta_slam_ros2_pkg/lib/libgeneta_slam_ros2_pkg__rosidl_typesupport_fastrtps_cpp.so
-- Up-to-date: /home/geneta/Project/geneta_slam_ros2_ws/install/geneta_slam_ros2_pkg/include/geneta_slam_ros2_pkg/geneta_slam_ros2_pkg
-- Up-to-date: /home/geneta/Project/geneta_slam_ros2_ws/install/geneta_slam_ros2_pkg/include/geneta_slam_ros2_pkg/geneta_slam_ros2_pkg/msg
-- Up-to-date: /home/geneta/Project/geneta_slam_ros2_ws/install/geneta_slam_ros2_pkg/include/geneta_slam_ros2_pkg/geneta_slam_ros2_pkg/msg/detail
-- Up-to-date: /home/geneta/Project/geneta_slam_ros2_ws/install/geneta_slam_ros2_pkg/include/geneta_slam_ros2_pkg/geneta_slam_ros2_pkg/msg/detail/fand_b__rosidl_typesupport_introspection_c.h
-- Up-to-date: /home/geneta/Project/geneta_slam_ros2_ws/install/geneta_slam_ros2_pkg/include/geneta_slam_ros2_pkg/geneta_slam_ros2_pkg/msg/detail/fand_b__type_support.c
-- Up-to-date: /home/geneta/Project/geneta_slam_ros2_ws/install/geneta_slam_ros2_pkg/include/geneta_slam_ros2_pkg/geneta_slam_ros2_pkg/msg/rosidl_typesupport_introspection_c__visibility_control.h
-- Up-to-date: /home/geneta/Project/geneta_slam_ros2_ws/install/geneta_slam_ros2_pkg/lib/libgeneta_slam_ros2_pkg__rosidl_typesupport_introspection_c.so
-- Up-to-date: /home/geneta/Project/geneta_slam_ros2_ws/install/geneta_slam_ros2_pkg/lib/libgeneta_slam_ros2_pkg__rosidl_typesupport_c.so
-- Up-to-date: /home/geneta/Project/geneta_slam_ros2_ws/install/geneta_slam_ros2_pkg/include/geneta_slam_ros2_pkg/geneta_slam_ros2_pkg
-- Up-to-date: /home/geneta/Project/geneta_slam_ros2_ws/install/geneta_slam_ros2_pkg/include/geneta_slam_ros2_pkg/geneta_slam_ros2_pkg/msg
-- Up-to-date: /home/geneta/Project/geneta_slam_ros2_ws/install/geneta_slam_ros2_pkg/include/geneta_slam_ros2_pkg/geneta_slam_ros2_pkg/msg/detail
-- Up-to-date: /home/geneta/Project/geneta_slam_ros2_ws/install/geneta_slam_ros2_pkg/include/geneta_slam_ros2_pkg/geneta_slam_ros2_pkg/msg/detail/fand_b__rosidl_typesupport_introspection_cpp.hpp
-- Up-to-date: /home/geneta/Project/geneta_slam_ros2_ws/install/geneta_slam_ros2_pkg/include/geneta_slam_ros2_pkg/geneta_slam_ros2_pkg/msg/detail/fand_b__type_support.cpp
-- Up-to-date: /home/geneta/Project/geneta_slam_ros2_ws/install/geneta_slam_ros2_pkg/lib/libgeneta_slam_ros2_pkg__rosidl_typesupport_introspection_cpp.so
-- Up-to-date: /home/geneta/Project/geneta_slam_ros2_ws/install/geneta_slam_ros2_pkg/lib/libgeneta_slam_ros2_pkg__rosidl_typesupport_cpp.so
-- Up-to-date: /home/geneta/Project/geneta_slam_ros2_ws/install/geneta_slam_ros2_pkg/share/geneta_slam_ros2_pkg/environment/pythonpath.sh
-- Up-to-date: /home/geneta/Project/geneta_slam_ros2_ws/install/geneta_slam_ros2_pkg/share/geneta_slam_ros2_pkg/environment/pythonpath.dsv
-- Up-to-date: /home/geneta/Project/geneta_slam_ros2_ws/install/geneta_slam_ros2_pkg/lib/python3.12/site-packages/geneta_slam_ros2_pkg-0.0.0-py3.12.egg-info
-- Installing: /home/geneta/Project/geneta_slam_ros2_ws/install/geneta_slam_ros2_pkg/lib/python3.12/site-packages/geneta_slam_ros2_pkg-0.0.0-py3.12.egg-info/PKG-INFO
-- Installing: /home/geneta/Project/geneta_slam_ros2_ws/install/geneta_slam_ros2_pkg/lib/python3.12/site-packages/geneta_slam_ros2_pkg-0.0.0-py3.12.egg-info/SOURCES.txt
-- Installing: /home/geneta/Project/geneta_slam_ros2_ws/install/geneta_slam_ros2_pkg/lib/python3.12/site-packages/geneta_slam_ros2_pkg-0.0.0-py3.12.egg-info/top_level.txt
-- Installing: /home/geneta/Project/geneta_slam_ros2_ws/install/geneta_slam_ros2_pkg/lib/python3.12/site-packages/geneta_slam_ros2_pkg-0.0.0-py3.12.egg-info/dependency_links.txt
-- Up-to-date: /home/geneta/Project/geneta_slam_ros2_ws/install/geneta_slam_ros2_pkg/lib/python3.12/site-packages/geneta_slam_ros2_pkg
-- Up-to-date: /home/geneta/Project/geneta_slam_ros2_ws/install/geneta_slam_ros2_pkg/lib/python3.12/site-packages/geneta_slam_ros2_pkg/_geneta_slam_ros2_pkg_s.ep.rosidl_typesupport_c.c
-- Up-to-date: /home/geneta/Project/geneta_slam_ros2_ws/install/geneta_slam_ros2_pkg/lib/python3.12/site-packages/geneta_slam_ros2_pkg/geneta_slam_ros2_pkg_s__rosidl_typesupport_introspection_c.so
-- Up-to-date: /home/geneta/Project/geneta_slam_ros2_ws/install/geneta_slam_ros2_pkg/lib/python3.12/site-packages/geneta_slam_ros2_pkg/_geneta_slam_ros2_pkg_s.ep.rosidl_typesupport_fastrtps_c.c
-- Up-to-date: /home/geneta/Project/geneta_slam_ros2_ws/install/geneta_slam_ros2_pkg/lib/python3.12/site-packages/geneta_slam_ros2_pkg/geneta_slam_ros2_pkg_s__rosidl_typesupport_fastrtps_c.so
-- Up-to-date: /home/geneta/Project/geneta_slam_ros2_ws/install/geneta_slam_ros2_pkg/lib/python3.12/site-packages/geneta_slam_ros2_pkg/msg
-- Up-to-date: /home/geneta/Project/geneta_slam_ros2_ws/install/geneta_slam_ros2_pkg/lib/python3.12/site-packages/geneta_slam_ros2_pkg/msg/_fand_b.py
-- Up-to-date: /home/geneta/Project/geneta_slam_ros2_ws/install/geneta_slam_ros2_pkg/lib/python3.12/site-packages/geneta_slam_ros2_pkg/msg/__init__.py
-- Up-to-date: /home/geneta/Project/geneta_slam_ros2_ws/install/geneta_slam_ros2_pkg/lib/python3.12/site-packages/geneta_slam_ros2_pkg/msg/_fand_b_s.c
-- Up-to-date: /home/geneta/Project/geneta_slam_ros2_ws/install/geneta_slam_ros2_pkg/lib/python3.12/site-packages/geneta_slam_ros2_pkg/geneta_slam_ros2_pkg_s__rosidl_typesupport_c.so
-- Up-to-date: /home/geneta/Project/geneta_slam_ros2_ws/install/geneta_slam_ros2_pkg/lib/python3.12/site-packages/geneta_slam_ros2_pkg/_geneta_slam_ros2_pkg_s.ep.rosidl_typesupport_introspection_c.c
-- Up-to-date: /home/geneta/Project/geneta_slam_ros2_ws/install/geneta_slam_ros2_pkg/lib/python3.12/site-packages/geneta_slam_ros2_pkg/__init__.py
Listing '/home/geneta/Project/geneta_slam_ros2_ws/install/geneta_slam_ros2_pkg/lib/python3.12/site-packages/geneta_slam_ros2_pkg'...
Listing '/home/geneta/Project/geneta_slam_ros2_ws/install/geneta_slam_ros2_pkg/lib/python3.12/site-packages/geneta_slam_ros2_pkg/msg'...
-- Up-to-date: /home/geneta/Project/geneta_slam_ros2_ws/install/geneta_slam_ros2_pkg/lib/python3.12/site-packages/geneta_slam_ros2_pkg/geneta_slam_ros2_pkg_s__rosidl_typesupport_fastrtps_c.so
-- Up-to-date: /home/geneta/Project/geneta_slam_ros2_ws/install/geneta_slam_ros2_pkg/lib/python3.12/site-packages/geneta_slam_ros2_pkg/geneta_slam_ros2_pkg_s__rosidl_typesupport_introspection_c.so
-- Up-to-date: /home/geneta/Project/geneta_slam_ros2_ws/install/geneta_slam_ros2_pkg/lib/python3.12/site-packages/geneta_slam_ros2_pkg/geneta_slam_ros2_pkg_s__rosidl_typesupport_c.so
-- Up-to-date: /home/geneta/Project/geneta_slam_ros2_ws/install/geneta_slam_ros2_pkg/lib/libgeneta_slam_ros2_pkg__rosidl_generator_py.so
-- Up-to-date: /home/geneta/Project/geneta_slam_ros2_ws/install/geneta_slam_ros2_pkg/share/geneta_slam_ros2_pkg/msg/FandB.idl
-- Up-to-date: /home/geneta/Project/geneta_slam_ros2_ws/install/geneta_slam_ros2_pkg/share/geneta_slam_ros2_pkg/msg/FandB.msg
-- Up-to-date: /home/geneta/Project/geneta_slam_ros2_ws/install/geneta_slam_ros2_pkg/lib/geneta_slam_ros2_pkg/image_publisher
-- Installing: /home/geneta/Project/geneta_slam_ros2_ws/install/geneta_slam_ros2_pkg/lib/geneta_slam_ros2_pkg/geneta_frontend
-- Set non-toolchain portion of runtime path of "/home/geneta/Project/geneta_slam_ros2_ws/install/geneta_slam_ros2_pkg/lib/geneta_slam_ros2_pkg/geneta_frontend" to ""
-- Up-to-date: /home/geneta/Project/geneta_slam_ros2_ws/install/geneta_slam_ros2_pkg/lib/geneta_slam_ros2_pkg/stereo_cam_node
-- Up-to-date: /home/geneta/Project/geneta_slam_ros2_ws/install/geneta_slam_ros2_pkg/share/ament_index/resource_index/package_run_dependencies/geneta_slam_ros2_pkg
-- Up-to-date: /home/geneta/Project/geneta_slam_ros2_ws/install/geneta_slam_ros2_pkg/share/ament_index/resource_index/parent_prefix_path/geneta_slam_ros2_pkg
-- Up-to-date: /home/geneta/Project/geneta_slam_ros2_ws/install/geneta_slam_ros2_pkg/share/geneta_slam_ros2_pkg/environment/ament_prefix_path.sh
-- Up-to-date: /home/geneta/Project/geneta_slam_ros2_ws/install/geneta_slam_ros2_pkg/share/geneta_slam_ros2_pkg/environment/ament_prefix_path.dsv
-- Up-to-date: /home/geneta/Project/geneta_slam_ros2_ws/install/geneta_slam_ros2_pkg/share/geneta_slam_ros2_pkg/environment/path.sh
-- Up-to-date: /home/geneta/Project/geneta_slam_ros2_ws/install/geneta_slam_ros2_pkg/share/geneta_slam_ros2_pkg/environment/path.dsv
-- Up-to-date: /home/geneta/Project/geneta_slam_ros2_ws/install/geneta_slam_ros2_pkg/share/geneta_slam_ros2_pkg/local_setup.bash
-- Up-to-date: /home/geneta/Project/geneta_slam_ros2_ws/install/geneta_slam_ros2_pkg/share/geneta_slam_ros2_pkg/local_setup.sh
-- Up-to-date: /home/geneta/Project/geneta_slam_ros2_ws/install/geneta_slam_ros2_pkg/share/geneta_slam_ros2_pkg/local_setup.zsh
-- Up-to-date: /home/geneta/Project/geneta_slam_ros2_ws/install/geneta_slam_ros2_pkg/share/geneta_slam_ros2_pkg/local_setup.dsv
-- Installing: /home/geneta/Project/geneta_slam_ros2_ws/install/geneta_slam_ros2_pkg/share/geneta_slam_ros2_pkg/package.dsv
-- Up-to-date: /home/geneta/Project/geneta_slam_ros2_ws/install/geneta_slam_ros2_pkg/share/ament_index/resource_index/packages/geneta_slam_ros2_pkg
-- Up-to-date: /home/geneta/Project/geneta_slam_ros2_ws/install/geneta_slam_ros2_pkg/share/geneta_slam_ros2_pkg/cmake/export_geneta_slam_ros2_pkg__rosidl_generator_cExport.cmake
-- Up-to-date: /home/geneta/Project/geneta_slam_ros2_ws/install/geneta_slam_ros2_pkg/share/geneta_slam_ros2_pkg/cmake/export_geneta_slam_ros2_pkg__rosidl_generator_cExport-noconfig.cmake
-- Up-to-date: /home/geneta/Project/geneta_slam_ros2_ws/install/geneta_slam_ros2_pkg/share/geneta_slam_ros2_pkg/cmake/export_geneta_slam_ros2_pkg__rosidl_typesupport_fastrtps_cExport.cmake
-- Up-to-date: /home/geneta/Project/geneta_slam_ros2_ws/install/geneta_slam_ros2_pkg/share/geneta_slam_ros2_pkg/cmake/export_geneta_slam_ros2_pkg__rosidl_typesupport_fastrtps_cExport-noconfig.cmake
-- Up-to-date: /home/geneta/Project/geneta_slam_ros2_ws/install/geneta_slam_ros2_pkg/share/geneta_slam_ros2_pkg/cmake/export_geneta_slam_ros2_pkg__rosidl_generator_cppExport.cmake
-- Up-to-date: /home/geneta/Project/geneta_slam_ros2_ws/install/geneta_slam_ros2_pkg/share/geneta_slam_ros2_pkg/cmake/export_geneta_slam_ros2_pkg__rosidl_typesupport_fastrtps_cppExport.cmake
-- Up-to-date: /home/geneta/Project/geneta_slam_ros2_ws/install/geneta_slam_ros2_pkg/share/geneta_slam_ros2_pkg/cmake/export_geneta_slam_ros2_pkg__rosidl_typesupport_fastrtps_cppExport-noconfig.cmake
-- Up-to-date: /home/geneta/Project/geneta_slam_ros2_ws/install/geneta_slam_ros2_pkg/share/geneta_slam_ros2_pkg/cmake/geneta_slam_ros2_pkg__rosidl_typesupport_introspection_cExport.cmake
-- Up-to-date: /home/geneta/Project/geneta_slam_ros2_ws/install/geneta_slam_ros2_pkg/share/geneta_slam_ros2_pkg/cmake/geneta_slam_ros2_pkg__rosidl_typesupport_introspection_cExport-noconfig.cmake
-- Up-to-date: /home/geneta/Project/geneta_slam_ros2_ws/install/geneta_slam_ros2_pkg/share/geneta_slam_ros2_pkg/cmake/geneta_slam_ros2_pkg__rosidl_typesupport_cExport.cmake
-- Up-to-date: /home/geneta/Project/geneta_slam_ros2_ws/install/geneta_slam_ros2_pkg/share/geneta_slam_ros2_pkg/cmake/geneta_slam_ros2_pkg__rosidl_typesupport_cExport-noconfig.cmake
-- Up-to-date: /home/geneta/Project/geneta_slam_ros2_ws/install/geneta_slam_ros2_pkg/share/geneta_slam_ros2_pkg/cmake/geneta_slam_ros2_pkg__rosidl_typesupport_introspection_cppExport.cmake
-- Up-to-date: /home/geneta/Project/geneta_slam_ros2_ws/install/geneta_slam_ros2_pkg/share/geneta_slam_ros2_pkg/cmake/geneta_slam_ros2_pkg__rosidl_typesupport_introspection_cppExport-noconfig.cmake
-- Up-to-date: /home/geneta/Project/geneta_slam_ros2_ws/install/geneta_slam_ros2_pkg/share/geneta_slam_ros2_pkg/cmake/geneta_slam_ros2_pkg__rosidl_typesupport_cppExport.cmake
-- Up-to-date: /home/geneta/Project/geneta_slam_ros2_ws/install/geneta_slam_ros2_pkg/share/geneta_slam_ros2_pkg/cmake/geneta_slam_ros2_pkg__rosidl_typesupport_cppExport-noconfig.cmake
-- Up-to-date: /home/geneta/Project/geneta_slam_ros2_ws/install/geneta_slam_ros2_pkg/share/geneta_slam_ros2_pkg/cmake/export_geneta_slam_ros2_pkg__rosidl_generator_pyExport.cmake
-- Up-to-date: /home/geneta/Project/geneta_slam_ros2_ws/install/geneta_slam_ros2_pkg/share/geneta_slam_ros2_pkg/cmake/export_geneta_slam_ros2_pkg__rosidl_generator_pyExport-noconfig.cmake
-- Up-to-date: /home/geneta/Project/geneta_slam_ros2_ws/install/geneta_slam_ros2_pkg/share/geneta_slam_ros2_pkg/cmake/rosidl_cmake-extras.cmake
-- Up-to-date: /home/geneta/Project/geneta_slam_ros2_ws/install/geneta_slam_ros2_pkg/share/geneta_slam_ros2_pkg/cmake/ament_cmake_export_dependencies-extras.cmake
-- Up-to-date: /home/geneta/Project/geneta_slam_ros2_ws/install/geneta_slam_ros2_pkg/share/geneta_slam_ros2_pkg/cmake/ament_cmake_export_include_directories-extras.cmake
-- Up-to-date: /home/geneta/Project/geneta_slam_ros2_ws/install/geneta_slam_ros2_pkg/share/geneta_slam_ros2_pkg/cmake/ament_cmake_export_libraries-extras.cmake
-- Up-to-date: /home/geneta/Project/geneta_slam_ros2_ws/install/geneta_slam_ros2_pkg/share/geneta_slam_ros2_pkg/cmake/ament_cmake_export_targets-extras.cmake
-- Up-to-date: /home/geneta/Project/geneta_slam_ros2_ws/install/geneta_slam_ros2_pkg/share/geneta_slam_ros2_pkg/cmake/rosidl_cmake_export_typesupport_targets-extras.cmake
-- Up-to-date: /home/geneta/Project/geneta_slam_ros2_ws/install/geneta_slam_ros2_pkg/share/geneta_slam_ros2_pkg/cmake/rosidl_cmake_export_typesupport_libraries-extras.cmake
-- Up-to-date: /home/geneta/Project/geneta_slam_ros2_ws/install/geneta_slam_ros2_pkg/share/geneta_slam_ros2_pkg/cmake/geneta_slam_ros2_pkgConfig.cmake
-- Up-to-date: /home/geneta/Project/geneta_slam_ros2_ws/install/geneta_slam_ros2_pkg/share/geneta_slam_ros2_pkg/cmake/geneta_slam_ros2_pkgConfig-version.cmake
-- Up-to-date: /home/geneta/Project/geneta_slam_ros2_ws/install/geneta_slam_ros2_pkg/share/geneta_slam_ros2_pkg/package.xml
