-- Found ament_cmake: 2.5.3 (/opt/ros/jazzy/share/ament_cmake/cmake)
-- Found Python3: /usr/bin/python3 (found version "3.12.3") found components: Interpreter 
-- Found rclcpp: 28.1.6 (/opt/ros/jazzy/share/rclcpp/cmake)
-- Found rosidl_generator_c: 4.6.5 (/opt/ros/jazzy/share/rosidl_generator_c/cmake)
-- Found rosidl_generator_cpp: 4.6.5 (/opt/ros/jazzy/share/rosidl_generator_cpp/cmake)
-- Using all available rosidl_typesupport_c: rosidl_typesupport_fastrtps_c;rosidl_typesupport_introspection_c
-- Using all available rosidl_typesupport_cpp: rosidl_typesupport_fastrtps_cpp;rosidl_typesupport_introspection_cpp
-- Found rmw_implementation_cmake: 7.3.1 (/opt/ros/jazzy/share/rmw_implementation_cmake/cmake)
-- Found rmw_fastrtps_cpp: 8.4.1 (/opt/ros/jazzy/share/rmw_fastrtps_cpp/cmake)
-- Using RMW implementation 'rmw_fastrtps_cpp' as default
-- Found sensor_msgs: 5.3.5 (/opt/ros/jazzy/share/sensor_msgs/cmake)
-- Found message_filters: 4.11.4 (/opt/ros/jazzy/share/message_filters/cmake)
-- Found cv_bridge: 4.1.0 (/opt/ros/jazzy/share/cv_bridge/cmake)
-- Found nav_msgs: 5.3.5 (/opt/ros/jazzy/share/nav_msgs/cmake)
-- Found tf2: 0.36.8 (/opt/ros/jazzy/share/tf2/cmake)
-- Found tf2_ros: 0.36.8 (/opt/ros/jazzy/share/tf2_ros/cmake)
-- Found tf2_geometry_msgs: 0.36.8 (/opt/ros/jazzy/share/tf2_geometry_msgs/cmake)
-- Found eigen3_cmake_module: 0.3.0 (/opt/ros/jazzy/share/eigen3_cmake_module/cmake)
-- Ensuring Eigen3 include directory is part of orocos-kdl CMake target
-- Found rosidl_default_generators: 1.6.0 (/opt/ros/jazzy/share/rosidl_default_generators/cmake)
-- Found rosidl_adapter: 4.6.5 (/opt/ros/jazzy/share/rosidl_adapter/cmake)
-- Found image_transport: 5.1.5 (/opt/ros/jazzy/share/image_transport/cmake)
-- Found camera_info_manager: 5.1.5 (/opt/ros/jazzy/share/camera_info_manager/cmake)
-- Setting yaml-cpp_DIR to: '/opt/ros/jazzy/share/yaml_cpp_vendor/cmake/../../../opt/yaml_cpp_vendor/share/cmake/yaml-cpp'
-- Found ament_cmake_ros: 0.12.0 (/opt/ros/jazzy/share/ament_cmake_ros/cmake)
-- Using all available rosidl_typesupport_c: rosidl_typesupport_fastrtps_c;rosidl_typesupport_introspection_c
-- Using all available rosidl_typesupport_cpp: rosidl_typesupport_fastrtps_cpp;rosidl_typesupport_introspection_cpp
-- Found python_cmake_module: 0.11.1 (/opt/ros/jazzy/share/python_cmake_module/cmake)
-- Found Python3: /usr/bin/python3 (found version "3.12.3") found components: Interpreter Development NumPy Development.Module Development.Embed 
-- Found ament_lint_auto: 0.17.1 (/opt/ros/jazzy/share/ament_lint_auto/cmake)
-- Added test 'cppcheck' to perform static code analysis on C / C++ code
-- Configured cppcheck include dirs: /home/geneta/Project/geneta_slam_ros2_ws/src/geneta_slam_ros2_pkg/include
-- Configured cppcheck exclude dirs and/or files: 
-- Added test 'lint_cmake' to check CMake code style
-- Added test 'uncrustify' to check C / C++ code style
-- Configured uncrustify additional arguments: 
-- Added test 'xmllint' to check XML markup files
-- Configuring done (2.2s)
-- Generating done (0.1s)
-- Build files have been written to: /home/geneta/Project/geneta_slam_ros2_ws/build/geneta_slam_ros2_pkg
[  2%] Built target geneta_slam_ros2_pkg__rosidl_generator_type_description
[  2%] Built target ament_cmake_python_copy_geneta_slam_ros2_pkg
[  6%] Built target image_publisher
[ 10%] Built target stereo_cam_node
[ 13%] Built target geneta_slam_ros2_pkg__cpp
[ 23%] Built target geneta_slam_ros2_pkg__rosidl_generator_c
[ 30%] Built target geneta_slam_ros2_pkg__rosidl_typesupport_c
[ 36%] Built target geneta_slam_ros2_pkg__rosidl_typesupport_introspection_c
[ 43%] Built target geneta_slam_ros2_pkg__rosidl_typesupport_fastrtps_cpp
[ 50%] Built target geneta_slam_ros2_pkg__rosidl_typesupport_fastrtps_c
[ 56%] Built target geneta_slam_ros2_pkg__rosidl_typesupport_cpp
[ 63%] Built target geneta_slam_ros2_pkg__rosidl_typesupport_introspection_cpp
[ 63%] Built target geneta_slam_ros2_pkg
[ 65%] Built target geneta_slam_ros2_pkg__py
[ 69%] [32mBuilding CXX object CMakeFiles/geneta_frontend.dir/src/slam_core/frontend.cpp.o[0m
[ 71%] Built target geneta_slam_ros2_pkg__rosidl_generator_py
[ 76%] Built target geneta_slam_ros2_pkg_s__rosidl_typesupport_introspection_c
[ 84%] Built target geneta_slam_ros2_pkg_s__rosidl_typesupport_fastrtps_c
[ 82%] Built target geneta_slam_ros2_pkg_s__rosidl_typesupport_c
running egg_info
writing geneta_slam_ros2_pkg.egg-info/PKG-INFO
writing dependency_links to geneta_slam_ros2_pkg.egg-info/dependency_links.txt
writing top-level names to geneta_slam_ros2_pkg.egg-info/top_level.txt
reading manifest file 'geneta_slam_ros2_pkg.egg-info/SOURCES.txt'
writing manifest file 'geneta_slam_ros2_pkg.egg-info/SOURCES.txt'
[ 84%] Built target ament_cmake_python_build_geneta_slam_ros2_pkg_egg
[ 86%] [32m[1mLinking CXX executable geneta_frontend[0m
[100%] Built target geneta_frontend
-- Install configuration: ""
-- Up-to-date: /home/geneta/Project/geneta_slam_ros2_ws/install/geneta_slam_ros2_pkg/share/ament_index/resource_index/rosidl_interfaces/geneta_slam_ros2_pkg
-- Up-to-date: /home/geneta/Project/geneta_slam_ros2_ws/install/geneta_slam_ros2_pkg/share/geneta_slam_ros2_pkg/msg/FandB.json
-- Up-to-date: /home/geneta/Project/geneta_slam_ros2_ws/install/geneta_slam_ros2_pkg/include/geneta_slam_ros2_pkg/geneta_slam_ros2_pkg
-- Up-to-date: /home/geneta/Project/geneta_slam_ros2_ws/install/geneta_slam_ros2_pkg/include/geneta_slam_ros2_pkg/geneta_slam_ros2_pkg/msg
-- Up-to-date: /home/geneta/Project/geneta_slam_ros2_ws/install/geneta_slam_ros2_pkg/include/geneta_slam_ros2_pkg/geneta_slam_ros2_pkg/msg/rosidl_generator_c__visibility_control.h
-- Up-to-date: /home/geneta/Project/geneta_slam_ros2_ws/install/geneta_slam_ros2_pkg/include/geneta_slam_ros2_pkg/geneta_slam_ros2_pkg/msg/fand_b.h
-- Up-to-date: /home/geneta/Project/geneta_slam_ros2_ws/install/geneta_slam_ros2_pkg/include/geneta_slam_ros2_pkg/geneta_slam_ros2_pkg/msg/detail
-- Up-to-date: /home/geneta/Project/geneta_slam_ros2_ws/install/geneta_slam_ros2_pkg/include/geneta_slam_ros2_pkg/geneta_slam_ros2_pkg/msg/detail/fand_b__type_support.h
-- Up-to-date: /home/geneta/Project/geneta_slam_ros2_ws/install/geneta_slam_ros2_pkg/include/geneta_slam_ros2_pkg/geneta_slam_ros2_pkg/msg/detail/fand_b__functions.c
-- Up-to-date: /home/geneta/Project/geneta_slam_ros2_ws/install/geneta_slam_ros2_pkg/include/geneta_slam_ros2_pkg/geneta_slam_ros2_pkg/msg/detail/fand_b__functions.h
-- Up-to-date: /home/geneta/Project/geneta_slam_ros2_ws/install/geneta_slam_ros2_pkg/include/geneta_slam_ros2_pkg/geneta_slam_ros2_pkg/msg/detail/fand_b__description.c
-- Up-to-date: /home/geneta/Project/geneta_slam_ros2_ws/install/geneta_slam_ros2_pkg/include/geneta_slam_ros2_pkg/geneta_slam_ros2_pkg/msg/detail/fand_b__struct.h
-- Up-to-date: /home/geneta/Project/geneta_slam_ros2_ws/install/geneta_slam_ros2_pkg/include/geneta_slam_ros2_pkg/geneta_slam_ros2_pkg/msg/detail/fand_b__type_support.c
-- Up-to-date: /home/geneta/Project/geneta_slam_ros2_ws/install/geneta_slam_ros2_pkg/share/geneta_slam_ros2_pkg/environment/library_path.sh
-- Up-to-date: /home/geneta/Project/geneta_slam_ros2_ws/install/geneta_slam_ros2_pkg/share/geneta_slam_ros2_pkg/environment/library_path.dsv
-- Up-to-date: /home/geneta/Project/geneta_slam_ros2_ws/install/geneta_slam_ros2_pkg/lib/libgeneta_slam_ros2_pkg__rosidl_generator_c.so
-- Up-to-date: /home/geneta/Project/geneta_slam_ros2_ws/install/geneta_slam_ros2_pkg/include/geneta_slam_ros2_pkg/geneta_slam_ros2_pkg
-- Up-to-date: /home/geneta/Project/geneta_slam_ros2_ws/install/geneta_slam_ros2_pkg/include/geneta_slam_ros2_pkg/geneta_slam_ros2_pkg/msg
-- Up-to-date: /home/geneta/Project/geneta_slam_ros2_ws/install/geneta_slam_ros2_pkg/include/geneta_slam_ros2_pkg/geneta_slam_ros2_pkg/msg/detail
-- Up-to-date: /home/geneta/Project/geneta_slam_ros2_ws/install/geneta_slam_ros2_pkg/include/geneta_slam_ros2_pkg/geneta_slam_ros2_pkg/msg/detail/fand_b__rosidl_typesupport_fastrtps_c.h
-- Up-to-date: /home/geneta/Project/geneta_slam_ros2_ws/install/geneta_slam_ros2_pkg/include/geneta_slam_ros2_pkg/geneta_slam_ros2_pkg/msg/rosidl_typesupport_fastrtps_c__visibility_control.h
-- Up-to-date: /home/geneta/Project/geneta_slam_ros2_ws/install/geneta_slam_ros2_pkg/lib/libgeneta_slam_ros2_pkg__rosidl_typesupport_fastrtps_c.so
-- Up-to-date: /home/geneta/Project/geneta_slam_ros2_ws/install/geneta_slam_ros2_pkg/include/geneta_slam_ros2_pkg/geneta_slam_ros2_pkg
-- Up-to-date: /home/geneta/Project/geneta_slam_ros2_ws/install/geneta_slam_ros2_pkg/include/geneta_slam_ros2_pkg/geneta_slam_ros2_pkg/msg
-- Up-to-date: /home/geneta/Project/geneta_slam_ros2_ws/install/geneta_slam_ros2_pkg/include/geneta_slam_ros2_pkg/geneta_slam_ros2_pkg/msg/fand_b.hpp
-- Up-to-date: /home/geneta/Project/geneta_slam_ros2_ws/install/geneta_slam_ros2_pkg/include/geneta_slam_ros2_pkg/geneta_slam_ros2_pkg/msg/detail
-- Up-to-date: /home/geneta/Project/geneta_slam_ros2_ws/install/geneta_slam_ros2_pkg/include/geneta_slam_ros2_pkg/geneta_slam_ros2_pkg/msg/detail/fand_b__struct.hpp
-- Up-to-date: /home/geneta/Project/geneta_slam_ros2_ws/install/geneta_slam_ros2_pkg/include/geneta_slam_ros2_pkg/geneta_slam_ros2_pkg/msg/detail/fand_b__type_support.hpp
-- Up-to-date: /home/geneta/Project/geneta_slam_ros2_ws/install/geneta_slam_ros2_pkg/include/geneta_slam_ros2_pkg/geneta_slam_ros2_pkg/msg/detail/fand_b__builder.hpp
-- Up-to-date: /home/geneta/Project/geneta_slam_ros2_ws/install/geneta_slam_ros2_pkg/include/geneta_slam_ros2_pkg/geneta_slam_ros2_pkg/msg/detail/fand_b__traits.hpp
-- Up-to-date: /home/geneta/Project/geneta_slam_ros2_ws/install/geneta_slam_ros2_pkg/include/geneta_slam_ros2_pkg/geneta_slam_ros2_pkg/msg/rosidl_generator_cpp__visibility_control.hpp
-- Up-to-date: /home/geneta/Project/geneta_slam_ros2_ws/install/geneta_slam_ros2_pkg/include/geneta_slam_ros2_pkg/geneta_slam_ros2_pkg
-- Up-to-date: /home/geneta/Project/geneta_slam_ros2_ws/install/geneta_slam_ros2_pkg/include/geneta_slam_ros2_pkg/geneta_slam_ros2_pkg/msg
-- Up-to-date: /home/geneta/Project/geneta_slam_ros2_ws/install/geneta_slam_ros2_pkg/include/geneta_slam_ros2_pkg/geneta_slam_ros2_pkg/msg/rosidl_typesupport_fastrtps_cpp__visibility_control.h
-- Up-to-date: /home/geneta/Project/geneta_slam_ros2_ws/install/geneta_slam_ros2_pkg/include/geneta_slam_ros2_pkg/geneta_slam_ros2_pkg/msg/detail
-- Up-to-date: /home/geneta/Project/geneta_slam_ros2_ws/install/geneta_slam_ros2_pkg/include/geneta_slam_ros2_pkg/geneta_slam_ros2_pkg/msg/detail/dds_fastrtps
-- Up-to-date: /home/geneta/Project/geneta_slam_ros2_ws/install/geneta_slam_ros2_pkg/include/geneta_slam_ros2_pkg/geneta_slam_ros2_pkg/msg/detail/fand_b__rosidl_typesupport_fastrtps_cpp.hpp
-- Up-to-date: /home/geneta/Project/geneta_slam_ros2_ws/install/geneta_slam_ros2_pkg/lib/libgeneta_slam_ros2_pkg__rosidl_typesupport_fastrtps_cpp.so
-- Up-to-date: /home/geneta/Project/geneta_slam_ros2_ws/install/geneta_slam_ros2_pkg/include/geneta_slam_ros2_pkg/geneta_slam_ros2_pkg
-- Up-to-date: /home/geneta/Project/geneta_slam_ros2_ws/install/geneta_slam_ros2_pkg/include/geneta_slam_ros2_pkg/geneta_slam_ros2_pkg/msg
-- Up-to-date: /home/geneta/Project/geneta_slam_ros2_ws/install/geneta_slam_ros2_pkg/include/geneta_slam_ros2_pkg/geneta_slam_ros2_pkg/msg/detail
-- Up-to-date: /home/geneta/Project/geneta_slam_ros2_ws/install/geneta_slam_ros2_pkg/include/geneta_slam_ros2_pkg/geneta_slam_ros2_pkg/msg/detail/fand_b__rosidl_typesupport_introspection_c.h
-- Up-to-date: /home/geneta/Project/geneta_slam_ros2_ws/install/geneta_slam_ros2_pkg/include/geneta_slam_ros2_pkg/geneta_slam_ros2_pkg/msg/detail/fand_b__type_support.c
-- Up-to-date: /home/geneta/Project/geneta_slam_ros2_ws/install/geneta_slam_ros2_pkg/include/geneta_slam_ros2_pkg/geneta_slam_ros2_pkg/msg/rosidl_typesupport_introspection_c__visibility_control.h
-- Up-to-date: /home/geneta/Project/geneta_slam_ros2_ws/install/geneta_slam_ros2_pkg/lib/libgeneta_slam_ros2_pkg__rosidl_typesupport_introspection_c.so
-- Up-to-date: /home/geneta/Project/geneta_slam_ros2_ws/install/geneta_slam_ros2_pkg/lib/libgeneta_slam_ros2_pkg__rosidl_typesupport_c.so
-- Up-to-date: /home/geneta/Project/geneta_slam_ros2_ws/install/geneta_slam_ros2_pkg/include/geneta_slam_ros2_pkg/geneta_slam_ros2_pkg
-- Up-to-date: /home/geneta/Project/geneta_slam_ros2_ws/install/geneta_slam_ros2_pkg/include/geneta_slam_ros2_pkg/geneta_slam_ros2_pkg/msg
-- Up-to-date: /home/geneta/Project/geneta_slam_ros2_ws/install/geneta_slam_ros2_pkg/include/geneta_slam_ros2_pkg/geneta_slam_ros2_pkg/msg/detail
-- Up-to-date: /home/geneta/Project/geneta_slam_ros2_ws/install/geneta_slam_ros2_pkg/include/geneta_slam_ros2_pkg/geneta_slam_ros2_pkg/msg/detail/fand_b__rosidl_typesupport_introspection_cpp.hpp
-- Up-to-date: /home/geneta/Project/geneta_slam_ros2_ws/install/geneta_slam_ros2_pkg/include/geneta_slam_ros2_pkg/geneta_slam_ros2_pkg/msg/detail/fand_b__type_support.cpp
-- Up-to-date: /home/geneta/Project/geneta_slam_ros2_ws/install/geneta_slam_ros2_pkg/lib/libgeneta_slam_ros2_pkg__rosidl_typesupport_introspection_cpp.so
-- Up-to-date: /home/geneta/Project/geneta_slam_ros2_ws/install/geneta_slam_ros2_pkg/lib/libgeneta_slam_ros2_pkg__rosidl_typesupport_cpp.so
-- Up-to-date: /home/geneta/Project/geneta_slam_ros2_ws/install/geneta_slam_ros2_pkg/share/geneta_slam_ros2_pkg/environment/pythonpath.sh
-- Up-to-date: /home/geneta/Project/geneta_slam_ros2_ws/install/geneta_slam_ros2_pkg/share/geneta_slam_ros2_pkg/environment/pythonpath.dsv
-- Up-to-date: /home/geneta/Project/geneta_slam_ros2_ws/install/geneta_slam_ros2_pkg/lib/python3.12/site-packages/geneta_slam_ros2_pkg-0.0.0-py3.12.egg-info
-- Installing: /home/geneta/Project/geneta_slam_ros2_ws/install/geneta_slam_ros2_pkg/lib/python3.12/site-packages/geneta_slam_ros2_pkg-0.0.0-py3.12.egg-info/PKG-INFO
-- Installing: /home/geneta/Project/geneta_slam_ros2_ws/install/geneta_slam_ros2_pkg/lib/python3.12/site-packages/geneta_slam_ros2_pkg-0.0.0-py3.12.egg-info/SOURCES.txt
-- Installing: /home/geneta/Project/geneta_slam_ros2_ws/install/geneta_slam_ros2_pkg/lib/python3.12/site-packages/geneta_slam_ros2_pkg-0.0.0-py3.12.egg-info/top_level.txt
-- Installing: /home/geneta/Project/geneta_slam_ros2_ws/install/geneta_slam_ros2_pkg/lib/python3.12/site-packages/geneta_slam_ros2_pkg-0.0.0-py3.12.egg-info/dependency_links.txt
-- Up-to-date: /home/geneta/Project/geneta_slam_ros2_ws/install/geneta_slam_ros2_pkg/lib/python3.12/site-packages/geneta_slam_ros2_pkg
-- Up-to-date: /home/geneta/Project/geneta_slam_ros2_ws/install/geneta_slam_ros2_pkg/lib/python3.12/site-packages/geneta_slam_ros2_pkg/_geneta_slam_ros2_pkg_s.ep.rosidl_typesupport_c.c
-- Up-to-date: /home/geneta/Project/geneta_slam_ros2_ws/install/geneta_slam_ros2_pkg/lib/python3.12/site-packages/geneta_slam_ros2_pkg/geneta_slam_ros2_pkg_s__rosidl_typesupport_introspection_c.so
-- Up-to-date: /home/geneta/Project/geneta_slam_ros2_ws/install/geneta_slam_ros2_pkg/lib/python3.12/site-packages/geneta_slam_ros2_pkg/_geneta_slam_ros2_pkg_s.ep.rosidl_typesupport_fastrtps_c.c
-- Up-to-date: /home/geneta/Project/geneta_slam_ros2_ws/install/geneta_slam_ros2_pkg/lib/python3.12/site-packages/geneta_slam_ros2_pkg/geneta_slam_ros2_pkg_s__rosidl_typesupport_fastrtps_c.so
-- Up-to-date: /home/geneta/Project/geneta_slam_ros2_ws/install/geneta_slam_ros2_pkg/lib/python3.12/site-packages/geneta_slam_ros2_pkg/msg
-- Up-to-date: /home/geneta/Project/geneta_slam_ros2_ws/install/geneta_slam_ros2_pkg/lib/python3.12/site-packages/geneta_slam_ros2_pkg/msg/_fand_b.py
-- Up-to-date: /home/geneta/Project/geneta_slam_ros2_ws/install/geneta_slam_ros2_pkg/lib/python3.12/site-packages/geneta_slam_ros2_pkg/msg/__init__.py
-- Up-to-date: /home/geneta/Project/geneta_slam_ros2_ws/install/geneta_slam_ros2_pkg/lib/python3.12/site-packages/geneta_slam_ros2_pkg/msg/_fand_b_s.c
-- Up-to-date: /home/geneta/Project/geneta_slam_ros2_ws/install/geneta_slam_ros2_pkg/lib/python3.12/site-packages/geneta_slam_ros2_pkg/geneta_slam_ros2_pkg_s__rosidl_typesupport_c.so
-- Up-to-date: /home/geneta/Project/geneta_slam_ros2_ws/install/geneta_slam_ros2_pkg/lib/python3.12/site-packages/geneta_slam_ros2_pkg/_geneta_slam_ros2_pkg_s.ep.rosidl_typesupport_introspection_c.c
-- Installing: /home/geneta/Project/geneta_slam_ros2_ws/install/geneta_slam_ros2_pkg/lib/python3.12/site-packages/geneta_slam_ros2_pkg/__init__.py
Listing '/home/geneta/Project/geneta_slam_ros2_ws/install/geneta_slam_ros2_pkg/lib/python3.12/site-packages/geneta_slam_ros2_pkg'...
Compiling '/home/geneta/Project/geneta_slam_ros2_ws/install/geneta_slam_ros2_pkg/lib/python3.12/site-packages/geneta_slam_ros2_pkg/__init__.py'...
Listing '/home/geneta/Project/geneta_slam_ros2_ws/install/geneta_slam_ros2_pkg/lib/python3.12/site-packages/geneta_slam_ros2_pkg/msg'...
-- Up-to-date: /home/geneta/Project/geneta_slam_ros2_ws/install/geneta_slam_ros2_pkg/lib/python3.12/site-packages/geneta_slam_ros2_pkg/geneta_slam_ros2_pkg_s__rosidl_typesupport_fastrtps_c.so
-- Up-to-date: /home/geneta/Project/geneta_slam_ros2_ws/install/geneta_slam_ros2_pkg/lib/python3.12/site-packages/geneta_slam_ros2_pkg/geneta_slam_ros2_pkg_s__rosidl_typesupport_introspection_c.so
-- Up-to-date: /home/geneta/Project/geneta_slam_ros2_ws/install/geneta_slam_ros2_pkg/lib/python3.12/site-packages/geneta_slam_ros2_pkg/geneta_slam_ros2_pkg_s__rosidl_typesupport_c.so
-- Up-to-date: /home/geneta/Project/geneta_slam_ros2_ws/install/geneta_slam_ros2_pkg/lib/libgeneta_slam_ros2_pkg__rosidl_generator_py.so
-- Up-to-date: /home/geneta/Project/geneta_slam_ros2_ws/install/geneta_slam_ros2_pkg/share/geneta_slam_ros2_pkg/msg/FandB.idl
-- Up-to-date: /home/geneta/Project/geneta_slam_ros2_ws/install/geneta_slam_ros2_pkg/share/geneta_slam_ros2_pkg/msg/FandB.msg
-- Up-to-date: /home/geneta/Project/geneta_slam_ros2_ws/install/geneta_slam_ros2_pkg/lib/geneta_slam_ros2_pkg/image_publisher
-- Installing: /home/geneta/Project/geneta_slam_ros2_ws/install/geneta_slam_ros2_pkg/lib/geneta_slam_ros2_pkg/geneta_frontend
-- Set non-toolchain portion of runtime path of "/home/geneta/Project/geneta_slam_ros2_ws/install/geneta_slam_ros2_pkg/lib/geneta_slam_ros2_pkg/geneta_frontend" to ""
-- Up-to-date: /home/geneta/Project/geneta_slam_ros2_ws/install/geneta_slam_ros2_pkg/lib/geneta_slam_ros2_pkg/stereo_cam_node
-- Up-to-date: /home/geneta/Project/geneta_slam_ros2_ws/install/geneta_slam_ros2_pkg/share/ament_index/resource_index/package_run_dependencies/geneta_slam_ros2_pkg
-- Up-to-date: /home/geneta/Project/geneta_slam_ros2_ws/install/geneta_slam_ros2_pkg/share/ament_index/resource_index/parent_prefix_path/geneta_slam_ros2_pkg
-- Up-to-date: /home/geneta/Project/geneta_slam_ros2_ws/install/geneta_slam_ros2_pkg/share/geneta_slam_ros2_pkg/environment/ament_prefix_path.sh
-- Up-to-date: /home/geneta/Project/geneta_slam_ros2_ws/install/geneta_slam_ros2_pkg/share/geneta_slam_ros2_pkg/environment/ament_prefix_path.dsv
-- Up-to-date: /home/geneta/Project/geneta_slam_ros2_ws/install/geneta_slam_ros2_pkg/share/geneta_slam_ros2_pkg/environment/path.sh
-- Up-to-date: /home/geneta/Project/geneta_slam_ros2_ws/install/geneta_slam_ros2_pkg/share/geneta_slam_ros2_pkg/environment/path.dsv
-- Up-to-date: /home/geneta/Project/geneta_slam_ros2_ws/install/geneta_slam_ros2_pkg/share/geneta_slam_ros2_pkg/local_setup.bash
-- Up-to-date: /home/geneta/Project/geneta_slam_ros2_ws/install/geneta_slam_ros2_pkg/share/geneta_slam_ros2_pkg/local_setup.sh
-- Up-to-date: /home/geneta/Project/geneta_slam_ros2_ws/install/geneta_slam_ros2_pkg/share/geneta_slam_ros2_pkg/local_setup.zsh
-- Up-to-date: /home/geneta/Project/geneta_slam_ros2_ws/install/geneta_slam_ros2_pkg/share/geneta_slam_ros2_pkg/local_setup.dsv
-- Installing: /home/geneta/Project/geneta_slam_ros2_ws/install/geneta_slam_ros2_pkg/share/geneta_slam_ros2_pkg/package.dsv
-- Up-to-date: /home/geneta/Project/geneta_slam_ros2_ws/install/geneta_slam_ros2_pkg/share/ament_index/resource_index/packages/geneta_slam_ros2_pkg
-- Up-to-date: /home/geneta/Project/geneta_slam_ros2_ws/install/geneta_slam_ros2_pkg/share/geneta_slam_ros2_pkg/cmake/export_geneta_slam_ros2_pkg__rosidl_generator_cExport.cmake
-- Up-to-date: /home/geneta/Project/geneta_slam_ros2_ws/install/geneta_slam_ros2_pkg/share/geneta_slam_ros2_pkg/cmake/export_geneta_slam_ros2_pkg__rosidl_generator_cExport-noconfig.cmake
-- Up-to-date: /home/geneta/Project/geneta_slam_ros2_ws/install/geneta_slam_ros2_pkg/share/geneta_slam_ros2_pkg/cmake/export_geneta_slam_ros2_pkg__rosidl_typesupport_fastrtps_cExport.cmake
-- Up-to-date: /home/geneta/Project/geneta_slam_ros2_ws/install/geneta_slam_ros2_pkg/share/geneta_slam_ros2_pkg/cmake/export_geneta_slam_ros2_pkg__rosidl_typesupport_fastrtps_cExport-noconfig.cmake
-- Up-to-date: /home/geneta/Project/geneta_slam_ros2_ws/install/geneta_slam_ros2_pkg/share/geneta_slam_ros2_pkg/cmake/export_geneta_slam_ros2_pkg__rosidl_generator_cppExport.cmake
-- Up-to-date: /home/geneta/Project/geneta_slam_ros2_ws/install/geneta_slam_ros2_pkg/share/geneta_slam_ros2_pkg/cmake/export_geneta_slam_ros2_pkg__rosidl_typesupport_fastrtps_cppExport.cmake
-- Up-to-date: /home/geneta/Project/geneta_slam_ros2_ws/install/geneta_slam_ros2_pkg/share/geneta_slam_ros2_pkg/cmake/export_geneta_slam_ros2_pkg__rosidl_typesupport_fastrtps_cppExport-noconfig.cmake
-- Up-to-date: /home/geneta/Project/geneta_slam_ros2_ws/install/geneta_slam_ros2_pkg/share/geneta_slam_ros2_pkg/cmake/geneta_slam_ros2_pkg__rosidl_typesupport_introspection_cExport.cmake
-- Up-to-date: /home/geneta/Project/geneta_slam_ros2_ws/install/geneta_slam_ros2_pkg/share/geneta_slam_ros2_pkg/cmake/geneta_slam_ros2_pkg__rosidl_typesupport_introspection_cExport-noconfig.cmake
-- Up-to-date: /home/geneta/Project/geneta_slam_ros2_ws/install/geneta_slam_ros2_pkg/share/geneta_slam_ros2_pkg/cmake/geneta_slam_ros2_pkg__rosidl_typesupport_cExport.cmake
-- Up-to-date: /home/geneta/Project/geneta_slam_ros2_ws/install/geneta_slam_ros2_pkg/share/geneta_slam_ros2_pkg/cmake/geneta_slam_ros2_pkg__rosidl_typesupport_cExport-noconfig.cmake
-- Up-to-date: /home/geneta/Project/geneta_slam_ros2_ws/install/geneta_slam_ros2_pkg/share/geneta_slam_ros2_pkg/cmake/geneta_slam_ros2_pkg__rosidl_typesupport_introspection_cppExport.cmake
-- Up-to-date: /home/geneta/Project/geneta_slam_ros2_ws/install/geneta_slam_ros2_pkg/share/geneta_slam_ros2_pkg/cmake/geneta_slam_ros2_pkg__rosidl_typesupport_introspection_cppExport-noconfig.cmake
-- Up-to-date: /home/geneta/Project/geneta_slam_ros2_ws/install/geneta_slam_ros2_pkg/share/geneta_slam_ros2_pkg/cmake/geneta_slam_ros2_pkg__rosidl_typesupport_cppExport.cmake
-- Up-to-date: /home/geneta/Project/geneta_slam_ros2_ws/install/geneta_slam_ros2_pkg/share/geneta_slam_ros2_pkg/cmake/geneta_slam_ros2_pkg__rosidl_typesupport_cppExport-noconfig.cmake
-- Up-to-date: /home/geneta/Project/geneta_slam_ros2_ws/install/geneta_slam_ros2_pkg/share/geneta_slam_ros2_pkg/cmake/export_geneta_slam_ros2_pkg__rosidl_generator_pyExport.cmake
-- Up-to-date: /home/geneta/Project/geneta_slam_ros2_ws/install/geneta_slam_ros2_pkg/share/geneta_slam_ros2_pkg/cmake/export_geneta_slam_ros2_pkg__rosidl_generator_pyExport-noconfig.cmake
-- Up-to-date: /home/geneta/Project/geneta_slam_ros2_ws/install/geneta_slam_ros2_pkg/share/geneta_slam_ros2_pkg/cmake/rosidl_cmake-extras.cmake
-- Up-to-date: /home/geneta/Project/geneta_slam_ros2_ws/install/geneta_slam_ros2_pkg/share/geneta_slam_ros2_pkg/cmake/ament_cmake_export_dependencies-extras.cmake
-- Up-to-date: /home/geneta/Project/geneta_slam_ros2_ws/install/geneta_slam_ros2_pkg/share/geneta_slam_ros2_pkg/cmake/ament_cmake_export_include_directories-extras.cmake
-- Up-to-date: /home/geneta/Project/geneta_slam_ros2_ws/install/geneta_slam_ros2_pkg/share/geneta_slam_ros2_pkg/cmake/ament_cmake_export_libraries-extras.cmake
-- Up-to-date: /home/geneta/Project/geneta_slam_ros2_ws/install/geneta_slam_ros2_pkg/share/geneta_slam_ros2_pkg/cmake/ament_cmake_export_targets-extras.cmake
-- Up-to-date: /home/geneta/Project/geneta_slam_ros2_ws/install/geneta_slam_ros2_pkg/share/geneta_slam_ros2_pkg/cmake/rosidl_cmake_export_typesupport_targets-extras.cmake
-- Up-to-date: /home/geneta/Project/geneta_slam_ros2_ws/install/geneta_slam_ros2_pkg/share/geneta_slam_ros2_pkg/cmake/rosidl_cmake_export_typesupport_libraries-extras.cmake
-- Up-to-date: /home/geneta/Project/geneta_slam_ros2_ws/install/geneta_slam_ros2_pkg/share/geneta_slam_ros2_pkg/cmake/geneta_slam_ros2_pkgConfig.cmake
-- Up-to-date: /home/geneta/Project/geneta_slam_ros2_ws/install/geneta_slam_ros2_pkg/share/geneta_slam_ros2_pkg/cmake/geneta_slam_ros2_pkgConfig-version.cmake
-- Up-to-date: /home/geneta/Project/geneta_slam_ros2_ws/install/geneta_slam_ros2_pkg/share/geneta_slam_ros2_pkg/package.xml
