[0.017s] Invoking command in '/home/geneta/Project/geneta_slam_ros2_ws/src/build/geneta_slam_ros2_pkg': CMAKE_PREFIX_PATH=${CMAKE_PREFIX_PATH}:/home/geneta/Project/ROS2homework/dev_ws/install/learning_urdf:/home/geneta/Project/ROS2homework/dev_ws/install/learning_topic:/home/geneta/Project/ROS2homework/dev_ws/install/learning_tf:/home/geneta/Project/ROS2homework/dev_ws/install/learning_service:/home/geneta/Project/ROS2homework/dev_ws/install/learning_qos:/home/geneta/Project/ROS2homework/dev_ws/install/learning_pkg_python:/home/geneta/Project/ROS2homework/dev_ws/install/learning_parameter:/home/geneta/Project/ROS2homework/dev_ws/install/learning_node:/home/geneta/Project/ROS2homework/dev_ws/install/learning_launch:/home/geneta/Project/ROS2homework/dev_ws/install/learning_action:/home/geneta/Project/ROS2homework/dev_ws/install/learning_gazebo_harmonic:/home/geneta/Project/ROS2homework/dev_ws/install/learning_gazebo:/home/geneta/Project/ROS2homework/dev_ws/install/learning_cv:/opt/ros/jazzy DEBUGINFOD_URLS=https://debuginfod.ubuntu.com /usr/bin/cmake --build /home/geneta/Project/geneta_slam_ros2_ws/src/build/geneta_slam_ros2_pkg -- -j16 -l16
[0.052s] -- Found ament_cmake: 2.5.3 (/opt/ros/jazzy/share/ament_cmake/cmake)
[0.078s] -- Found Python3: /usr/bin/python3 (found version "3.12.3") found components: Interpreter 
[0.157s] -- Found rclcpp: 28.1.6 (/opt/ros/jazzy/share/rclcpp/cmake)
[0.183s] -- Found rosidl_generator_c: 4.6.5 (/opt/ros/jazzy/share/rosidl_generator_c/cmake)
[0.190s] -- Found rosidl_generator_cpp: 4.6.5 (/opt/ros/jazzy/share/rosidl_generator_cpp/cmake)
[0.200s] -- Using all available rosidl_typesupport_c: rosidl_typesupport_fastrtps_c;rosidl_typesupport_introspection_c
[0.212s] -- Using all available rosidl_typesupport_cpp: rosidl_typesupport_fastrtps_cpp;rosidl_typesupport_introspection_cpp
[0.264s] -- Found rmw_implementation_cmake: 7.3.1 (/opt/ros/jazzy/share/rmw_implementation_cmake/cmake)
[0.266s] -- Found rmw_fastrtps_cpp: 8.4.1 (/opt/ros/jazzy/share/rmw_fastrtps_cpp/cmake)
[0.333s] -- Using RMW implementation 'rmw_fastrtps_cpp' as default
[0.392s] -- Found sensor_msgs: 5.3.5 (/opt/ros/jazzy/share/sensor_msgs/cmake)
[0.440s] -- Found message_filters: 4.11.4 (/opt/ros/jazzy/share/message_filters/cmake)
[0.444s] -- Found cv_bridge: 4.1.0 (/opt/ros/jazzy/share/cv_bridge/cmake)
[0.453s] [33mCMake Warning (dev) at /usr/share/cmake-3.28/Modules/FindOpenGL.cmake:381 (message):
[0.453s]   Policy CMP0072 is not set: FindOpenGL prefers GLVND by default when
[0.453s]   available.  Run "cmake --help-policy CMP0072" for policy details.  Use the
[0.454s]   cmake_policy command to set the policy and suppress this warning.
[0.454s] 
[0.454s]   FindOpenGL found both a legacy GL library:
[0.454s] 
[0.454s]     OPENGL_gl_LIBRARY: /usr/lib/x86_64-linux-gnu/libGL.so
[0.454s] 
[0.454s]   and GLVND libraries for OpenGL and GLX:
[0.454s] 
[0.454s]     OPENGL_opengl_LIBRARY: /usr/lib/x86_64-linux-gnu/libOpenGL.so
[0.454s]     OPENGL_glx_LIBRARY: /usr/lib/x86_64-linux-gnu/libGLX.so
[0.454s] 
[0.454s]   OpenGL_GL_PREFERENCE has not been set to "GLVND" or "LEGACY", so for
[0.454s]   compatibility with CMake 3.10 and below the legacy GL library will be used.
[0.454s] Call Stack (most recent call first):
[0.454s]   /usr/share/cmake-3.28/Modules/CMakeFindDependencyMacro.cmake:76 (find_package)
[0.454s]   /usr/local/lib/cmake/g2o/g2oConfig.cmake:6 (find_dependency)
[0.454s]   CMakeLists.txt:24 (find_package)
[0.454s] This warning is for project developers.  Use -Wno-dev to suppress it.
[0.454s] [0m
[0.455s] -- Found nav_msgs: 5.3.5 (/opt/ros/jazzy/share/nav_msgs/cmake)
[0.478s] -- Found tf2: 0.36.8 (/opt/ros/jazzy/share/tf2/cmake)
[0.481s] -- Found tf2_ros: 0.36.8 (/opt/ros/jazzy/share/tf2_ros/cmake)
[0.572s] -- Found tf2_geometry_msgs: 0.36.8 (/opt/ros/jazzy/share/tf2_geometry_msgs/cmake)
[0.575s] -- Found eigen3_cmake_module: 0.3.0 (/opt/ros/jazzy/share/eigen3_cmake_module/cmake)
[0.576s] -- Ensuring Eigen3 include directory is part of orocos-kdl CMake target
[0.578s] -- Found rosidl_default_generators: 1.6.0 (/opt/ros/jazzy/share/rosidl_default_generators/cmake)
[0.586s] -- Found rosidl_adapter: 4.6.5 (/opt/ros/jazzy/share/rosidl_adapter/cmake)
[0.588s] -- Found image_transport: 5.1.5 (/opt/ros/jazzy/share/image_transport/cmake)
[0.593s] -- Found camera_info_manager: 5.1.5 (/opt/ros/jazzy/share/camera_info_manager/cmake)
[0.596s] -- Setting yaml-cpp_DIR to: '/opt/ros/jazzy/share/yaml_cpp_vendor/cmake/../../../opt/yaml_cpp_vendor/share/cmake/yaml-cpp'
[0.631s] [31mCMake Error at CMakeLists.txt:292 (install):
[0.632s]   install TARGETS given target "geneta_frontend" which does not exist.
[0.632s] 
[0.632s] [0m
[0.632s] -- Found ament_lint_auto: 0.17.1 (/opt/ros/jazzy/share/ament_lint_auto/cmake)
[0.725s] -- Added test 'cppcheck' to perform static code analysis on C / C++ code
[0.725s] -- Configured cppcheck include dirs: /home/geneta/Project/geneta_slam_ros2_ws/src/geneta_slam_ros2_pkg/include
[0.725s] -- Configured cppcheck exclude dirs and/or files: 
[0.726s] -- Added test 'lint_cmake' to check CMake code style
[0.729s] -- Added test 'uncrustify' to check C / C++ code style
[0.729s] -- Configured uncrustify additional arguments: 
[0.729s] -- Added test 'xmllint' to check XML markup files
[0.731s] -- Configuring incomplete, errors occurred!
[0.742s] gmake: *** [Makefile:938：cmake_check_build_system] 错误 1
[0.746s] Invoked command in '/home/geneta/Project/geneta_slam_ros2_ws/src/build/geneta_slam_ros2_pkg' returned '2': CMAKE_PREFIX_PATH=${CMAKE_PREFIX_PATH}:/home/geneta/Project/ROS2homework/dev_ws/install/learning_urdf:/home/geneta/Project/ROS2homework/dev_ws/install/learning_topic:/home/geneta/Project/ROS2homework/dev_ws/install/learning_tf:/home/geneta/Project/ROS2homework/dev_ws/install/learning_service:/home/geneta/Project/ROS2homework/dev_ws/install/learning_qos:/home/geneta/Project/ROS2homework/dev_ws/install/learning_pkg_python:/home/geneta/Project/ROS2homework/dev_ws/install/learning_parameter:/home/geneta/Project/ROS2homework/dev_ws/install/learning_node:/home/geneta/Project/ROS2homework/dev_ws/install/learning_launch:/home/geneta/Project/ROS2homework/dev_ws/install/learning_action:/home/geneta/Project/ROS2homework/dev_ws/install/learning_gazebo_harmonic:/home/geneta/Project/ROS2homework/dev_ws/install/learning_gazebo:/home/geneta/Project/ROS2homework/dev_ws/install/learning_cv:/opt/ros/jazzy DEBUGINFOD_URLS=https://debuginfod.ubuntu.com /usr/bin/cmake --build /home/geneta/Project/geneta_slam_ros2_ws/src/build/geneta_slam_ros2_pkg -- -j16 -l16
