[0.082s] DEBUG:colcon:Command line arguments: ['/usr/bin/colcon', 'build']
[0.082s] DEBUG:colcon:Parsed command line arguments: Namespace(log_base=None, log_level=None, verb_name='build', build_base='build', install_base='install', merge_install=False, symlink_install=False, test_result_base=None, continue_on_error=False, executor='parallel', parallel_workers=16, event_handlers=None, ignore_user_meta=False, metas=['./colcon.meta'], base_paths=['.'], packages_ignore=None, packages_ignore_regex=None, paths=None, packages_up_to=None, packages_up_to_regex=None, packages_above=None, packages_above_and_dependencies=None, packages_above_depth=None, packages_select_by_dep=None, packages_skip_by_dep=None, packages_skip_up_to=None, packages_select_build_failed=False, packages_skip_build_finished=False, packages_select_test_failures=False, packages_skip_test_passed=False, packages_select=None, packages_skip=None, packages_select_regex=None, packages_skip_regex=None, packages_start=None, packages_end=None, allow_overriding=[], cmake_args=None, cmake_target=None, cmake_target_skip_unavailable=False, cmake_clean_cache=False, cmake_clean_first=False, cmake_force_configure=False, ament_cmake_args=None, catkin_cmake_args=None, catkin_skip_building_tests=False, verb_parser=<colcon_defaults.argument_parser.defaults.DefaultArgumentsDecorator object at 0x728960966930>, verb_extension=<colcon_core.verb.build.BuildVerb object at 0x728960966780>, main=<bound method BuildVerb.main of <colcon_core.verb.build.BuildVerb object at 0x728960966780>>)
[0.115s] Level 1:colcon.colcon_core.package_discovery:discover_packages(colcon_meta) check parameters
[0.116s] Level 1:colcon.colcon_core.package_discovery:discover_packages(recursive) check parameters
[0.116s] Level 1:colcon.colcon_core.package_discovery:discover_packages(ignore) check parameters
[0.116s] Level 1:colcon.colcon_core.package_discovery:discover_packages(path) check parameters
[0.116s] Level 1:colcon.colcon_core.package_discovery:discover_packages(colcon_meta) discover
[0.116s] Level 1:colcon.colcon_core.package_discovery:discover_packages(recursive) discover
[0.116s] INFO:colcon.colcon_core.package_discovery:Crawling recursively for packages in '/home/geneta/Project/geneta_slam_ros2_ws'
[0.116s] Level 1:colcon.colcon_core.package_identification:_identify(.) by extensions ['ignore', 'ignore_ament_install']
[0.116s] Level 1:colcon.colcon_core.package_identification:_identify(.) by extension 'ignore'
[0.116s] Level 1:colcon.colcon_core.package_identification:_identify(.) by extension 'ignore_ament_install'
[0.116s] Level 1:colcon.colcon_core.package_identification:_identify(.) by extensions ['colcon_pkg']
[0.116s] Level 1:colcon.colcon_core.package_identification:_identify(.) by extension 'colcon_pkg'
[0.116s] Level 1:colcon.colcon_core.package_identification:_identify(.) by extensions ['colcon_meta']
[0.116s] Level 1:colcon.colcon_core.package_identification:_identify(.) by extension 'colcon_meta'
[0.116s] Level 1:colcon.colcon_core.package_identification:_identify(.) by extensions ['ros']
[0.116s] Level 1:colcon.colcon_core.package_identification:_identify(.) by extension 'ros'
[0.137s] Level 1:colcon.colcon_core.package_identification:_identify(.) by extensions ['cmake', 'python']
[0.137s] Level 1:colcon.colcon_core.package_identification:_identify(.) by extension 'cmake'
[0.137s] Level 1:colcon.colcon_core.package_identification:_identify(.) by extension 'python'
[0.137s] Level 1:colcon.colcon_core.package_identification:_identify(.) by extensions ['python_setup_py']
[0.137s] Level 1:colcon.colcon_core.package_identification:_identify(.) by extension 'python_setup_py'
[0.137s] Level 1:colcon.colcon_core.package_identification:_identify(build) by extensions ['ignore', 'ignore_ament_install']
[0.137s] Level 1:colcon.colcon_core.package_identification:_identify(build) by extension 'ignore'
[0.137s] Level 1:colcon.colcon_core.package_identification:_identify(build) ignored
[0.137s] Level 1:colcon.colcon_core.package_identification:_identify(install) by extensions ['ignore', 'ignore_ament_install']
[0.137s] Level 1:colcon.colcon_core.package_identification:_identify(install) by extension 'ignore'
[0.137s] Level 1:colcon.colcon_core.package_identification:_identify(install) ignored
[0.137s] Level 1:colcon.colcon_core.package_identification:_identify(log) by extensions ['ignore', 'ignore_ament_install']
[0.138s] Level 1:colcon.colcon_core.package_identification:_identify(log) by extension 'ignore'
[0.138s] Level 1:colcon.colcon_core.package_identification:_identify(log) ignored
[0.138s] Level 1:colcon.colcon_core.package_identification:_identify(src) by extensions ['ignore', 'ignore_ament_install']
[0.138s] Level 1:colcon.colcon_core.package_identification:_identify(src) by extension 'ignore'
[0.138s] Level 1:colcon.colcon_core.package_identification:_identify(src) by extension 'ignore_ament_install'
[0.138s] Level 1:colcon.colcon_core.package_identification:_identify(src) by extensions ['colcon_pkg']
[0.138s] Level 1:colcon.colcon_core.package_identification:_identify(src) by extension 'colcon_pkg'
[0.138s] Level 1:colcon.colcon_core.package_identification:_identify(src) by extensions ['colcon_meta']
[0.138s] Level 1:colcon.colcon_core.package_identification:_identify(src) by extension 'colcon_meta'
[0.138s] Level 1:colcon.colcon_core.package_identification:_identify(src) by extensions ['ros']
[0.138s] Level 1:colcon.colcon_core.package_identification:_identify(src) by extension 'ros'
[0.138s] Level 1:colcon.colcon_core.package_identification:_identify(src) by extensions ['cmake', 'python']
[0.138s] Level 1:colcon.colcon_core.package_identification:_identify(src) by extension 'cmake'
[0.138s] Level 1:colcon.colcon_core.package_identification:_identify(src) by extension 'python'
[0.138s] Level 1:colcon.colcon_core.package_identification:_identify(src) by extensions ['python_setup_py']
[0.138s] Level 1:colcon.colcon_core.package_identification:_identify(src) by extension 'python_setup_py'
[0.138s] Level 1:colcon.colcon_core.package_identification:_identify(src/build) by extensions ['ignore', 'ignore_ament_install']
[0.138s] Level 1:colcon.colcon_core.package_identification:_identify(src/build) by extension 'ignore'
[0.138s] Level 1:colcon.colcon_core.package_identification:_identify(src/build) ignored
[0.138s] Level 1:colcon.colcon_core.package_identification:_identify(src/geneta_slam_ros2_pkg) by extensions ['ignore', 'ignore_ament_install']
[0.138s] Level 1:colcon.colcon_core.package_identification:_identify(src/geneta_slam_ros2_pkg) by extension 'ignore'
[0.138s] Level 1:colcon.colcon_core.package_identification:_identify(src/geneta_slam_ros2_pkg) by extension 'ignore_ament_install'
[0.138s] Level 1:colcon.colcon_core.package_identification:_identify(src/geneta_slam_ros2_pkg) by extensions ['colcon_pkg']
[0.138s] Level 1:colcon.colcon_core.package_identification:_identify(src/geneta_slam_ros2_pkg) by extension 'colcon_pkg'
[0.138s] Level 1:colcon.colcon_core.package_identification:_identify(src/geneta_slam_ros2_pkg) by extensions ['colcon_meta']
[0.138s] Level 1:colcon.colcon_core.package_identification:_identify(src/geneta_slam_ros2_pkg) by extension 'colcon_meta'
[0.138s] Level 1:colcon.colcon_core.package_identification:_identify(src/geneta_slam_ros2_pkg) by extensions ['ros']
[0.138s] Level 1:colcon.colcon_core.package_identification:_identify(src/geneta_slam_ros2_pkg) by extension 'ros'
[0.141s] DEBUG:colcon.colcon_core.package_identification:Package 'src/geneta_slam_ros2_pkg' with type 'ros.ament_cmake' and name 'geneta_slam_ros2_pkg'
[0.141s] Level 1:colcon.colcon_core.package_identification:_identify(src/install) by extensions ['ignore', 'ignore_ament_install']
[0.141s] Level 1:colcon.colcon_core.package_identification:_identify(src/install) by extension 'ignore'
[0.141s] Level 1:colcon.colcon_core.package_identification:_identify(src/install) ignored
[0.141s] Level 1:colcon.colcon_core.package_identification:_identify(src/log) by extensions ['ignore', 'ignore_ament_install']
[0.141s] Level 1:colcon.colcon_core.package_identification:_identify(src/log) by extension 'ignore'
[0.141s] Level 1:colcon.colcon_core.package_identification:_identify(src/log) ignored
[0.141s] Level 1:colcon.colcon_core.package_discovery:discover_packages(recursive) using defaults
[0.141s] Level 1:colcon.colcon_core.package_discovery:discover_packages(ignore) discover
[0.141s] Level 1:colcon.colcon_core.package_discovery:discover_packages(ignore) using defaults
[0.141s] Level 1:colcon.colcon_core.package_discovery:discover_packages(path) discover
[0.141s] Level 1:colcon.colcon_core.package_discovery:discover_packages(path) using defaults
[0.155s] Level 1:colcon.colcon_core.package_discovery:discover_packages(prefix_path) check parameters
[0.156s] Level 1:colcon.colcon_core.package_discovery:discover_packages(prefix_path) discover
[0.158s] DEBUG:colcon.colcon_installed_package_information.package_discovery:Found 1 installed packages in /home/geneta/Project/geneta_slam_ros2_ws/install
[0.159s] DEBUG:colcon.colcon_installed_package_information.package_discovery:Found 21 installed packages in /home/geneta/Project/ROS2homework/dev_ws/install
[0.160s] DEBUG:colcon.colcon_installed_package_information.package_discovery:Found 323 installed packages in /opt/ros/jazzy
[0.161s] Level 1:colcon.colcon_core.package_discovery:discover_packages(prefix_path) using defaults
[0.197s] Level 5:colcon.colcon_core.verb:set package 'geneta_slam_ros2_pkg' build argument 'cmake_args' from command line to 'None'
[0.197s] Level 5:colcon.colcon_core.verb:set package 'geneta_slam_ros2_pkg' build argument 'cmake_target' from command line to 'None'
[0.197s] Level 5:colcon.colcon_core.verb:set package 'geneta_slam_ros2_pkg' build argument 'cmake_target_skip_unavailable' from command line to 'False'
[0.197s] Level 5:colcon.colcon_core.verb:set package 'geneta_slam_ros2_pkg' build argument 'cmake_clean_cache' from command line to 'False'
[0.197s] Level 5:colcon.colcon_core.verb:set package 'geneta_slam_ros2_pkg' build argument 'cmake_clean_first' from command line to 'False'
[0.197s] Level 5:colcon.colcon_core.verb:set package 'geneta_slam_ros2_pkg' build argument 'cmake_force_configure' from command line to 'False'
[0.197s] Level 5:colcon.colcon_core.verb:set package 'geneta_slam_ros2_pkg' build argument 'ament_cmake_args' from command line to 'None'
[0.197s] Level 5:colcon.colcon_core.verb:set package 'geneta_slam_ros2_pkg' build argument 'catkin_cmake_args' from command line to 'None'
[0.197s] Level 5:colcon.colcon_core.verb:set package 'geneta_slam_ros2_pkg' build argument 'catkin_skip_building_tests' from command line to 'False'
[0.197s] DEBUG:colcon.colcon_core.verb:Building package 'geneta_slam_ros2_pkg' with the following arguments: {'ament_cmake_args': None, 'build_base': '/home/geneta/Project/geneta_slam_ros2_ws/build/geneta_slam_ros2_pkg', 'catkin_cmake_args': None, 'catkin_skip_building_tests': False, 'cmake_args': None, 'cmake_clean_cache': False, 'cmake_clean_first': False, 'cmake_force_configure': False, 'cmake_target': None, 'cmake_target_skip_unavailable': False, 'install_base': '/home/geneta/Project/geneta_slam_ros2_ws/install/geneta_slam_ros2_pkg', 'merge_install': False, 'path': '/home/geneta/Project/geneta_slam_ros2_ws/src/geneta_slam_ros2_pkg', 'symlink_install': False, 'test_result_base': None}
[0.197s] INFO:colcon.colcon_core.executor:Executing jobs using 'parallel' executor
[0.198s] DEBUG:colcon.colcon_parallel_executor.executor.parallel:run_until_complete
[0.198s] INFO:colcon.colcon_ros.task.ament_cmake.build:Building ROS package in '/home/geneta/Project/geneta_slam_ros2_ws/src/geneta_slam_ros2_pkg' with build type 'ament_cmake'
[0.199s] INFO:colcon.colcon_cmake.task.cmake.build:Building CMake package in '/home/geneta/Project/geneta_slam_ros2_ws/src/geneta_slam_ros2_pkg'
[0.201s] INFO:colcon.colcon_core.plugin_system:Skipping extension 'colcon_core.shell.bat': Not used on non-Windows systems
[0.201s] INFO:colcon.colcon_core.shell:Skip shell extension 'powershell' for command environment: Not usable outside of PowerShell
[0.201s] DEBUG:colcon.colcon_core.shell:Skip shell extension 'dsv' for command environment
[0.217s] DEBUG:colcon.colcon_core.event_handler.log_command:Invoking command in '/home/geneta/Project/geneta_slam_ros2_ws/build/geneta_slam_ros2_pkg': CMAKE_PREFIX_PATH=${CMAKE_PREFIX_PATH}:/home/geneta/Project/ROS2homework/dev_ws/install/learning_urdf:/home/geneta/Project/ROS2homework/dev_ws/install/learning_topic:/home/geneta/Project/ROS2homework/dev_ws/install/learning_tf:/home/geneta/Project/ROS2homework/dev_ws/install/learning_service:/home/geneta/Project/ROS2homework/dev_ws/install/learning_qos:/home/geneta/Project/ROS2homework/dev_ws/install/learning_pkg_python:/home/geneta/Project/ROS2homework/dev_ws/install/learning_parameter:/home/geneta/Project/ROS2homework/dev_ws/install/learning_node:/home/geneta/Project/ROS2homework/dev_ws/install/learning_launch:/home/geneta/Project/ROS2homework/dev_ws/install/learning_action:/home/geneta/Project/ROS2homework/dev_ws/install/learning_gazebo_harmonic:/home/geneta/Project/ROS2homework/dev_ws/install/learning_gazebo:/home/geneta/Project/ROS2homework/dev_ws/install/learning_cv:/opt/ros/jazzy DEBUGINFOD_URLS=https://debuginfod.ubuntu.com /usr/bin/cmake --build /home/geneta/Project/geneta_slam_ros2_ws/build/geneta_slam_ros2_pkg -- -j16 -l16
[34.380s] DEBUG:colcon.colcon_core.event_handler.log_command:Invoked command in '/home/geneta/Project/geneta_slam_ros2_ws/build/geneta_slam_ros2_pkg' returned '0': CMAKE_PREFIX_PATH=${CMAKE_PREFIX_PATH}:/home/geneta/Project/ROS2homework/dev_ws/install/learning_urdf:/home/geneta/Project/ROS2homework/dev_ws/install/learning_topic:/home/geneta/Project/ROS2homework/dev_ws/install/learning_tf:/home/geneta/Project/ROS2homework/dev_ws/install/learning_service:/home/geneta/Project/ROS2homework/dev_ws/install/learning_qos:/home/geneta/Project/ROS2homework/dev_ws/install/learning_pkg_python:/home/geneta/Project/ROS2homework/dev_ws/install/learning_parameter:/home/geneta/Project/ROS2homework/dev_ws/install/learning_node:/home/geneta/Project/ROS2homework/dev_ws/install/learning_launch:/home/geneta/Project/ROS2homework/dev_ws/install/learning_action:/home/geneta/Project/ROS2homework/dev_ws/install/learning_gazebo_harmonic:/home/geneta/Project/ROS2homework/dev_ws/install/learning_gazebo:/home/geneta/Project/ROS2homework/dev_ws/install/learning_cv:/opt/ros/jazzy DEBUGINFOD_URLS=https://debuginfod.ubuntu.com /usr/bin/cmake --build /home/geneta/Project/geneta_slam_ros2_ws/build/geneta_slam_ros2_pkg -- -j16 -l16
[34.396s] DEBUG:colcon.colcon_core.event_handler.log_command:Invoking command in '/home/geneta/Project/geneta_slam_ros2_ws/build/geneta_slam_ros2_pkg': CMAKE_PREFIX_PATH=${CMAKE_PREFIX_PATH}:/home/geneta/Project/ROS2homework/dev_ws/install/learning_urdf:/home/geneta/Project/ROS2homework/dev_ws/install/learning_topic:/home/geneta/Project/ROS2homework/dev_ws/install/learning_tf:/home/geneta/Project/ROS2homework/dev_ws/install/learning_service:/home/geneta/Project/ROS2homework/dev_ws/install/learning_qos:/home/geneta/Project/ROS2homework/dev_ws/install/learning_pkg_python:/home/geneta/Project/ROS2homework/dev_ws/install/learning_parameter:/home/geneta/Project/ROS2homework/dev_ws/install/learning_node:/home/geneta/Project/ROS2homework/dev_ws/install/learning_launch:/home/geneta/Project/ROS2homework/dev_ws/install/learning_action:/home/geneta/Project/ROS2homework/dev_ws/install/learning_gazebo_harmonic:/home/geneta/Project/ROS2homework/dev_ws/install/learning_gazebo:/home/geneta/Project/ROS2homework/dev_ws/install/learning_cv:/opt/ros/jazzy DEBUGINFOD_URLS=https://debuginfod.ubuntu.com /usr/bin/cmake --install /home/geneta/Project/geneta_slam_ros2_ws/build/geneta_slam_ros2_pkg
[34.547s] Level 1:colcon.colcon_core.environment:create_environment_scripts_only(geneta_slam_ros2_pkg)
[34.547s] DEBUG:colcon.colcon_core.event_handler.log_command:Invoked command in '/home/geneta/Project/geneta_slam_ros2_ws/build/geneta_slam_ros2_pkg' returned '0': CMAKE_PREFIX_PATH=${CMAKE_PREFIX_PATH}:/home/geneta/Project/ROS2homework/dev_ws/install/learning_urdf:/home/geneta/Project/ROS2homework/dev_ws/install/learning_topic:/home/geneta/Project/ROS2homework/dev_ws/install/learning_tf:/home/geneta/Project/ROS2homework/dev_ws/install/learning_service:/home/geneta/Project/ROS2homework/dev_ws/install/learning_qos:/home/geneta/Project/ROS2homework/dev_ws/install/learning_pkg_python:/home/geneta/Project/ROS2homework/dev_ws/install/learning_parameter:/home/geneta/Project/ROS2homework/dev_ws/install/learning_node:/home/geneta/Project/ROS2homework/dev_ws/install/learning_launch:/home/geneta/Project/ROS2homework/dev_ws/install/learning_action:/home/geneta/Project/ROS2homework/dev_ws/install/learning_gazebo_harmonic:/home/geneta/Project/ROS2homework/dev_ws/install/learning_gazebo:/home/geneta/Project/ROS2homework/dev_ws/install/learning_cv:/opt/ros/jazzy DEBUGINFOD_URLS=https://debuginfod.ubuntu.com /usr/bin/cmake --install /home/geneta/Project/geneta_slam_ros2_ws/build/geneta_slam_ros2_pkg
[34.556s] Level 1:colcon.colcon_core.environment:checking '/home/geneta/Project/geneta_slam_ros2_ws/install/geneta_slam_ros2_pkg' for CMake module files
[34.557s] Level 1:colcon.colcon_core.environment:checking '/home/geneta/Project/geneta_slam_ros2_ws/install/geneta_slam_ros2_pkg' for CMake config files
[34.559s] Level 1:colcon.colcon_core.shell:create_environment_hook('geneta_slam_ros2_pkg', 'cmake_prefix_path')
[34.559s] INFO:colcon.colcon_core.shell:Creating environment hook '/home/geneta/Project/geneta_slam_ros2_ws/install/geneta_slam_ros2_pkg/share/geneta_slam_ros2_pkg/hook/cmake_prefix_path.ps1'
[34.560s] INFO:colcon.colcon_core.shell:Creating environment descriptor '/home/geneta/Project/geneta_slam_ros2_ws/install/geneta_slam_ros2_pkg/share/geneta_slam_ros2_pkg/hook/cmake_prefix_path.dsv'
[34.561s] INFO:colcon.colcon_core.shell:Creating environment hook '/home/geneta/Project/geneta_slam_ros2_ws/install/geneta_slam_ros2_pkg/share/geneta_slam_ros2_pkg/hook/cmake_prefix_path.sh'
[34.563s] Level 1:colcon.colcon_core.environment:checking '/home/geneta/Project/geneta_slam_ros2_ws/install/geneta_slam_ros2_pkg/lib'
[34.563s] Level 1:colcon.colcon_core.shell:create_environment_hook('geneta_slam_ros2_pkg', 'ld_library_path_lib')
[34.563s] INFO:colcon.colcon_core.shell:Creating environment hook '/home/geneta/Project/geneta_slam_ros2_ws/install/geneta_slam_ros2_pkg/share/geneta_slam_ros2_pkg/hook/ld_library_path_lib.ps1'
[34.564s] INFO:colcon.colcon_core.shell:Creating environment descriptor '/home/geneta/Project/geneta_slam_ros2_ws/install/geneta_slam_ros2_pkg/share/geneta_slam_ros2_pkg/hook/ld_library_path_lib.dsv'
[34.564s] INFO:colcon.colcon_core.shell:Creating environment hook '/home/geneta/Project/geneta_slam_ros2_ws/install/geneta_slam_ros2_pkg/share/geneta_slam_ros2_pkg/hook/ld_library_path_lib.sh'
[34.565s] Level 1:colcon.colcon_core.environment:checking '/home/geneta/Project/geneta_slam_ros2_ws/install/geneta_slam_ros2_pkg/bin'
[34.565s] Level 1:colcon.colcon_core.environment:checking '/home/geneta/Project/geneta_slam_ros2_ws/install/geneta_slam_ros2_pkg/lib/pkgconfig/geneta_slam_ros2_pkg.pc'
[34.565s] Level 1:colcon.colcon_core.environment:checking '/home/geneta/Project/geneta_slam_ros2_ws/install/geneta_slam_ros2_pkg/lib/python3.12/site-packages'
[34.566s] Level 1:colcon.colcon_core.shell:create_environment_hook('geneta_slam_ros2_pkg', 'pythonpath')
[34.566s] INFO:colcon.colcon_core.shell:Creating environment hook '/home/geneta/Project/geneta_slam_ros2_ws/install/geneta_slam_ros2_pkg/share/geneta_slam_ros2_pkg/hook/pythonpath.ps1'
[34.566s] INFO:colcon.colcon_core.shell:Creating environment descriptor '/home/geneta/Project/geneta_slam_ros2_ws/install/geneta_slam_ros2_pkg/share/geneta_slam_ros2_pkg/hook/pythonpath.dsv'
[34.567s] INFO:colcon.colcon_core.shell:Creating environment hook '/home/geneta/Project/geneta_slam_ros2_ws/install/geneta_slam_ros2_pkg/share/geneta_slam_ros2_pkg/hook/pythonpath.sh'
[34.567s] Level 1:colcon.colcon_core.environment:checking '/home/geneta/Project/geneta_slam_ros2_ws/install/geneta_slam_ros2_pkg/bin'
[34.568s] INFO:colcon.colcon_core.shell:Creating package script '/home/geneta/Project/geneta_slam_ros2_ws/install/geneta_slam_ros2_pkg/share/geneta_slam_ros2_pkg/package.ps1'
[34.569s] INFO:colcon.colcon_core.shell:Creating package descriptor '/home/geneta/Project/geneta_slam_ros2_ws/install/geneta_slam_ros2_pkg/share/geneta_slam_ros2_pkg/package.dsv'
[34.570s] INFO:colcon.colcon_core.shell:Creating package script '/home/geneta/Project/geneta_slam_ros2_ws/install/geneta_slam_ros2_pkg/share/geneta_slam_ros2_pkg/package.sh'
[34.571s] INFO:colcon.colcon_core.shell:Creating package script '/home/geneta/Project/geneta_slam_ros2_ws/install/geneta_slam_ros2_pkg/share/geneta_slam_ros2_pkg/package.bash'
[34.572s] INFO:colcon.colcon_core.shell:Creating package script '/home/geneta/Project/geneta_slam_ros2_ws/install/geneta_slam_ros2_pkg/share/geneta_slam_ros2_pkg/package.zsh'
[34.573s] Level 1:colcon.colcon_core.environment:create_file_with_runtime_dependencies(/home/geneta/Project/geneta_slam_ros2_ws/install/geneta_slam_ros2_pkg/share/colcon-core/packages/geneta_slam_ros2_pkg)
[34.574s] Level 1:colcon.colcon_core.environment:create_environment_scripts_only(geneta_slam_ros2_pkg)
[34.574s] Level 1:colcon.colcon_core.environment:checking '/home/geneta/Project/geneta_slam_ros2_ws/install/geneta_slam_ros2_pkg' for CMake module files
[34.575s] Level 1:colcon.colcon_core.environment:checking '/home/geneta/Project/geneta_slam_ros2_ws/install/geneta_slam_ros2_pkg' for CMake config files
[34.576s] Level 1:colcon.colcon_core.shell:create_environment_hook('geneta_slam_ros2_pkg', 'cmake_prefix_path')
[34.576s] INFO:colcon.colcon_core.shell:Creating environment hook '/home/geneta/Project/geneta_slam_ros2_ws/install/geneta_slam_ros2_pkg/share/geneta_slam_ros2_pkg/hook/cmake_prefix_path.ps1'
[34.577s] INFO:colcon.colcon_core.shell:Creating environment descriptor '/home/geneta/Project/geneta_slam_ros2_ws/install/geneta_slam_ros2_pkg/share/geneta_slam_ros2_pkg/hook/cmake_prefix_path.dsv'
[34.577s] INFO:colcon.colcon_core.shell:Creating environment hook '/home/geneta/Project/geneta_slam_ros2_ws/install/geneta_slam_ros2_pkg/share/geneta_slam_ros2_pkg/hook/cmake_prefix_path.sh'
[34.578s] Level 1:colcon.colcon_core.environment:checking '/home/geneta/Project/geneta_slam_ros2_ws/install/geneta_slam_ros2_pkg/lib'
[34.578s] Level 1:colcon.colcon_core.shell:create_environment_hook('geneta_slam_ros2_pkg', 'ld_library_path_lib')
[34.578s] INFO:colcon.colcon_core.shell:Creating environment hook '/home/geneta/Project/geneta_slam_ros2_ws/install/geneta_slam_ros2_pkg/share/geneta_slam_ros2_pkg/hook/ld_library_path_lib.ps1'
[34.579s] INFO:colcon.colcon_core.shell:Creating environment descriptor '/home/geneta/Project/geneta_slam_ros2_ws/install/geneta_slam_ros2_pkg/share/geneta_slam_ros2_pkg/hook/ld_library_path_lib.dsv'
[34.579s] INFO:colcon.colcon_core.shell:Creating environment hook '/home/geneta/Project/geneta_slam_ros2_ws/install/geneta_slam_ros2_pkg/share/geneta_slam_ros2_pkg/hook/ld_library_path_lib.sh'
[34.580s] Level 1:colcon.colcon_core.environment:checking '/home/geneta/Project/geneta_slam_ros2_ws/install/geneta_slam_ros2_pkg/bin'
[34.580s] Level 1:colcon.colcon_core.environment:checking '/home/geneta/Project/geneta_slam_ros2_ws/install/geneta_slam_ros2_pkg/lib/pkgconfig/geneta_slam_ros2_pkg.pc'
[34.580s] Level 1:colcon.colcon_core.environment:checking '/home/geneta/Project/geneta_slam_ros2_ws/install/geneta_slam_ros2_pkg/lib/python3.12/site-packages'
[34.580s] Level 1:colcon.colcon_core.shell:create_environment_hook('geneta_slam_ros2_pkg', 'pythonpath')
[34.580s] INFO:colcon.colcon_core.shell:Creating environment hook '/home/geneta/Project/geneta_slam_ros2_ws/install/geneta_slam_ros2_pkg/share/geneta_slam_ros2_pkg/hook/pythonpath.ps1'
[34.581s] INFO:colcon.colcon_core.shell:Creating environment descriptor '/home/geneta/Project/geneta_slam_ros2_ws/install/geneta_slam_ros2_pkg/share/geneta_slam_ros2_pkg/hook/pythonpath.dsv'
[34.581s] INFO:colcon.colcon_core.shell:Creating environment hook '/home/geneta/Project/geneta_slam_ros2_ws/install/geneta_slam_ros2_pkg/share/geneta_slam_ros2_pkg/hook/pythonpath.sh'
[34.582s] Level 1:colcon.colcon_core.environment:checking '/home/geneta/Project/geneta_slam_ros2_ws/install/geneta_slam_ros2_pkg/bin'
[34.582s] INFO:colcon.colcon_core.shell:Creating package script '/home/geneta/Project/geneta_slam_ros2_ws/install/geneta_slam_ros2_pkg/share/geneta_slam_ros2_pkg/package.ps1'
[34.583s] INFO:colcon.colcon_core.shell:Creating package descriptor '/home/geneta/Project/geneta_slam_ros2_ws/install/geneta_slam_ros2_pkg/share/geneta_slam_ros2_pkg/package.dsv'
[34.583s] INFO:colcon.colcon_core.shell:Creating package script '/home/geneta/Project/geneta_slam_ros2_ws/install/geneta_slam_ros2_pkg/share/geneta_slam_ros2_pkg/package.sh'
[34.584s] INFO:colcon.colcon_core.shell:Creating package script '/home/geneta/Project/geneta_slam_ros2_ws/install/geneta_slam_ros2_pkg/share/geneta_slam_ros2_pkg/package.bash'
[34.584s] INFO:colcon.colcon_core.shell:Creating package script '/home/geneta/Project/geneta_slam_ros2_ws/install/geneta_slam_ros2_pkg/share/geneta_slam_ros2_pkg/package.zsh'
[34.585s] Level 1:colcon.colcon_core.environment:create_file_with_runtime_dependencies(/home/geneta/Project/geneta_slam_ros2_ws/install/geneta_slam_ros2_pkg/share/colcon-core/packages/geneta_slam_ros2_pkg)
[34.585s] DEBUG:colcon.colcon_parallel_executor.executor.parallel:closing loop
[34.585s] DEBUG:colcon.colcon_parallel_executor.executor.parallel:loop closed
[34.585s] DEBUG:colcon.colcon_parallel_executor.executor.parallel:run_until_complete finished with '0'
[34.585s] DEBUG:colcon.colcon_core.event_reactor:joining thread
[34.596s] INFO:colcon.colcon_core.plugin_system:Skipping extension 'colcon_notification.desktop_notification.terminal_notifier': Not used on non-Darwin systems
[34.596s] INFO:colcon.colcon_core.plugin_system:Skipping extension 'colcon_notification.desktop_notification.win32': Not used on non-Windows systems
[34.596s] INFO:colcon.colcon_notification.desktop_notification:Sending desktop notification using 'notify2'
[34.616s] DEBUG:colcon.colcon_core.event_reactor:joined thread
[34.616s] INFO:colcon.colcon_core.shell:Creating prefix script '/home/geneta/Project/geneta_slam_ros2_ws/install/local_setup.ps1'
[34.618s] INFO:colcon.colcon_core.shell:Creating prefix util module '/home/geneta/Project/geneta_slam_ros2_ws/install/_local_setup_util_ps1.py'
[34.620s] INFO:colcon.colcon_core.shell:Creating prefix chain script '/home/geneta/Project/geneta_slam_ros2_ws/install/setup.ps1'
[34.649s] INFO:colcon.colcon_core.shell:Creating prefix script '/home/geneta/Project/geneta_slam_ros2_ws/install/local_setup.sh'
[34.650s] INFO:colcon.colcon_core.shell:Creating prefix util module '/home/geneta/Project/geneta_slam_ros2_ws/install/_local_setup_util_sh.py'
[34.651s] INFO:colcon.colcon_core.shell:Creating prefix chain script '/home/geneta/Project/geneta_slam_ros2_ws/install/setup.sh'
[34.653s] INFO:colcon.colcon_core.shell:Creating prefix script '/home/geneta/Project/geneta_slam_ros2_ws/install/local_setup.bash'
[34.654s] INFO:colcon.colcon_core.shell:Creating prefix chain script '/home/geneta/Project/geneta_slam_ros2_ws/install/setup.bash'
[34.657s] INFO:colcon.colcon_core.shell:Creating prefix script '/home/geneta/Project/geneta_slam_ros2_ws/install/local_setup.zsh'
[34.658s] INFO:colcon.colcon_core.shell:Creating prefix chain script '/home/geneta/Project/geneta_slam_ros2_ws/install/setup.zsh'
