[0.081s] DEBUG:colcon:Command line arguments: ['/usr/bin/colcon', 'build']
[0.081s] DEBUG:colcon:Parsed command line arguments: Namespace(log_base=None, log_level=None, verb_name='build', build_base='build', install_base='install', merge_install=False, symlink_install=False, test_result_base=None, continue_on_error=False, executor='parallel', parallel_workers=16, event_handlers=None, ignore_user_meta=False, metas=['./colcon.meta'], base_paths=['.'], packages_ignore=None, packages_ignore_regex=None, paths=None, packages_up_to=None, packages_up_to_regex=None, packages_above=None, packages_above_and_dependencies=None, packages_above_depth=None, packages_select_by_dep=None, packages_skip_by_dep=None, packages_skip_up_to=None, packages_select_build_failed=False, packages_skip_build_finished=False, packages_select_test_failures=False, packages_skip_test_passed=False, packages_select=None, packages_skip=None, packages_select_regex=None, packages_skip_regex=None, packages_start=None, packages_end=None, allow_overriding=[], cmake_args=None, cmake_target=None, cmake_target_skip_unavailable=False, cmake_clean_cache=False, cmake_clean_first=False, cmake_force_configure=False, ament_cmake_args=None, catkin_cmake_args=None, catkin_skip_building_tests=False, verb_parser=<colcon_defaults.argument_parser.defaults.DefaultArgumentsDecorator object at 0x7833db582bd0>, verb_extension=<colcon_core.verb.build.BuildVerb object at 0x7833db582960>, main=<bound method BuildVerb.main of <colcon_core.verb.build.BuildVerb object at 0x7833db582960>>)
[0.118s] Level 1:colcon.colcon_core.package_discovery:discover_packages(colcon_meta) check parameters
[0.118s] Level 1:colcon.colcon_core.package_discovery:discover_packages(recursive) check parameters
[0.118s] Level 1:colcon.colcon_core.package_discovery:discover_packages(ignore) check parameters
[0.118s] Level 1:colcon.colcon_core.package_discovery:discover_packages(path) check parameters
[0.118s] Level 1:colcon.colcon_core.package_discovery:discover_packages(colcon_meta) discover
[0.118s] Level 1:colcon.colcon_core.package_discovery:discover_packages(recursive) discover
[0.118s] INFO:colcon.colcon_core.package_discovery:Crawling recursively for packages in '/home/geneta/Project/geneta_slam_ros2_ws/src'
[0.118s] Level 1:colcon.colcon_core.package_identification:_identify(.) by extensions ['ignore', 'ignore_ament_install']
[0.118s] Level 1:colcon.colcon_core.package_identification:_identify(.) by extension 'ignore'
[0.119s] Level 1:colcon.colcon_core.package_identification:_identify(.) by extension 'ignore_ament_install'
[0.119s] Level 1:colcon.colcon_core.package_identification:_identify(.) by extensions ['colcon_pkg']
[0.119s] Level 1:colcon.colcon_core.package_identification:_identify(.) by extension 'colcon_pkg'
[0.119s] Level 1:colcon.colcon_core.package_identification:_identify(.) by extensions ['colcon_meta']
[0.119s] Level 1:colcon.colcon_core.package_identification:_identify(.) by extension 'colcon_meta'
[0.119s] Level 1:colcon.colcon_core.package_identification:_identify(.) by extensions ['ros']
[0.119s] Level 1:colcon.colcon_core.package_identification:_identify(.) by extension 'ros'
[0.141s] Level 1:colcon.colcon_core.package_identification:_identify(.) by extensions ['cmake', 'python']
[0.142s] Level 1:colcon.colcon_core.package_identification:_identify(.) by extension 'cmake'
[0.142s] Level 1:colcon.colcon_core.package_identification:_identify(.) by extension 'python'
[0.142s] Level 1:colcon.colcon_core.package_identification:_identify(.) by extensions ['python_setup_py']
[0.142s] Level 1:colcon.colcon_core.package_identification:_identify(.) by extension 'python_setup_py'
[0.142s] Level 1:colcon.colcon_core.package_identification:_identify(build) by extensions ['ignore', 'ignore_ament_install']
[0.142s] Level 1:colcon.colcon_core.package_identification:_identify(build) by extension 'ignore'
[0.142s] Level 1:colcon.colcon_core.package_identification:_identify(build) ignored
[0.142s] Level 1:colcon.colcon_core.package_identification:_identify(geneta_slam_ros2_pkg) by extensions ['ignore', 'ignore_ament_install']
[0.142s] Level 1:colcon.colcon_core.package_identification:_identify(geneta_slam_ros2_pkg) by extension 'ignore'
[0.142s] Level 1:colcon.colcon_core.package_identification:_identify(geneta_slam_ros2_pkg) by extension 'ignore_ament_install'
[0.142s] Level 1:colcon.colcon_core.package_identification:_identify(geneta_slam_ros2_pkg) by extensions ['colcon_pkg']
[0.142s] Level 1:colcon.colcon_core.package_identification:_identify(geneta_slam_ros2_pkg) by extension 'colcon_pkg'
[0.142s] Level 1:colcon.colcon_core.package_identification:_identify(geneta_slam_ros2_pkg) by extensions ['colcon_meta']
[0.142s] Level 1:colcon.colcon_core.package_identification:_identify(geneta_slam_ros2_pkg) by extension 'colcon_meta'
[0.142s] Level 1:colcon.colcon_core.package_identification:_identify(geneta_slam_ros2_pkg) by extensions ['ros']
[0.142s] Level 1:colcon.colcon_core.package_identification:_identify(geneta_slam_ros2_pkg) by extension 'ros'
[0.145s] DEBUG:colcon.colcon_core.package_identification:Package 'geneta_slam_ros2_pkg' with type 'ros.ament_cmake' and name 'geneta_slam_ros2_pkg'
[0.145s] Level 1:colcon.colcon_core.package_identification:_identify(install) by extensions ['ignore', 'ignore_ament_install']
[0.145s] Level 1:colcon.colcon_core.package_identification:_identify(install) by extension 'ignore'
[0.145s] Level 1:colcon.colcon_core.package_identification:_identify(install) ignored
[0.145s] Level 1:colcon.colcon_core.package_identification:_identify(log) by extensions ['ignore', 'ignore_ament_install']
[0.145s] Level 1:colcon.colcon_core.package_identification:_identify(log) by extension 'ignore'
[0.145s] Level 1:colcon.colcon_core.package_identification:_identify(log) ignored
[0.145s] Level 1:colcon.colcon_core.package_discovery:discover_packages(recursive) using defaults
[0.145s] Level 1:colcon.colcon_core.package_discovery:discover_packages(ignore) discover
[0.145s] Level 1:colcon.colcon_core.package_discovery:discover_packages(ignore) using defaults
[0.145s] Level 1:colcon.colcon_core.package_discovery:discover_packages(path) discover
[0.145s] Level 1:colcon.colcon_core.package_discovery:discover_packages(path) using defaults
[0.160s] Level 1:colcon.colcon_core.package_discovery:discover_packages(prefix_path) check parameters
[0.160s] Level 1:colcon.colcon_core.package_discovery:discover_packages(prefix_path) discover
[0.163s] DEBUG:colcon.colcon_installed_package_information.package_discovery:Found 1 installed packages in /home/geneta/Project/geneta_slam_ros2_ws/src/install
[0.163s] DEBUG:colcon.colcon_installed_package_information.package_discovery:Found 1 installed packages in /home/geneta/Project/geneta_slam_ros2_ws/install
[0.164s] DEBUG:colcon.colcon_installed_package_information.package_discovery:Found 21 installed packages in /home/geneta/Project/ROS2homework/dev_ws/install
[0.165s] DEBUG:colcon.colcon_installed_package_information.package_discovery:Found 323 installed packages in /opt/ros/jazzy
[0.166s] Level 1:colcon.colcon_core.package_discovery:discover_packages(prefix_path) using defaults
[0.200s] Level 5:colcon.colcon_core.verb:set package 'geneta_slam_ros2_pkg' build argument 'cmake_args' from command line to 'None'
[0.200s] Level 5:colcon.colcon_core.verb:set package 'geneta_slam_ros2_pkg' build argument 'cmake_target' from command line to 'None'
[0.200s] Level 5:colcon.colcon_core.verb:set package 'geneta_slam_ros2_pkg' build argument 'cmake_target_skip_unavailable' from command line to 'False'
[0.200s] Level 5:colcon.colcon_core.verb:set package 'geneta_slam_ros2_pkg' build argument 'cmake_clean_cache' from command line to 'False'
[0.200s] Level 5:colcon.colcon_core.verb:set package 'geneta_slam_ros2_pkg' build argument 'cmake_clean_first' from command line to 'False'
[0.200s] Level 5:colcon.colcon_core.verb:set package 'geneta_slam_ros2_pkg' build argument 'cmake_force_configure' from command line to 'False'
[0.200s] Level 5:colcon.colcon_core.verb:set package 'geneta_slam_ros2_pkg' build argument 'ament_cmake_args' from command line to 'None'
[0.200s] Level 5:colcon.colcon_core.verb:set package 'geneta_slam_ros2_pkg' build argument 'catkin_cmake_args' from command line to 'None'
[0.200s] Level 5:colcon.colcon_core.verb:set package 'geneta_slam_ros2_pkg' build argument 'catkin_skip_building_tests' from command line to 'False'
[0.200s] DEBUG:colcon.colcon_core.verb:Building package 'geneta_slam_ros2_pkg' with the following arguments: {'ament_cmake_args': None, 'build_base': '/home/geneta/Project/geneta_slam_ros2_ws/src/build/geneta_slam_ros2_pkg', 'catkin_cmake_args': None, 'catkin_skip_building_tests': False, 'cmake_args': None, 'cmake_clean_cache': False, 'cmake_clean_first': False, 'cmake_force_configure': False, 'cmake_target': None, 'cmake_target_skip_unavailable': False, 'install_base': '/home/geneta/Project/geneta_slam_ros2_ws/src/install/geneta_slam_ros2_pkg', 'merge_install': False, 'path': '/home/geneta/Project/geneta_slam_ros2_ws/src/geneta_slam_ros2_pkg', 'symlink_install': False, 'test_result_base': None}
[0.200s] INFO:colcon.colcon_core.executor:Executing jobs using 'parallel' executor
[0.202s] DEBUG:colcon.colcon_parallel_executor.executor.parallel:run_until_complete
[0.202s] INFO:colcon.colcon_ros.task.ament_cmake.build:Building ROS package in '/home/geneta/Project/geneta_slam_ros2_ws/src/geneta_slam_ros2_pkg' with build type 'ament_cmake'
[0.202s] INFO:colcon.colcon_cmake.task.cmake.build:Building CMake package in '/home/geneta/Project/geneta_slam_ros2_ws/src/geneta_slam_ros2_pkg'
[0.204s] INFO:colcon.colcon_core.plugin_system:Skipping extension 'colcon_core.shell.bat': Not used on non-Windows systems
[0.204s] INFO:colcon.colcon_core.shell:Skip shell extension 'powershell' for command environment: Not usable outside of PowerShell
[0.204s] DEBUG:colcon.colcon_core.shell:Skip shell extension 'dsv' for command environment
[0.216s] DEBUG:colcon.colcon_core.event_handler.log_command:Invoking command in '/home/geneta/Project/geneta_slam_ros2_ws/src/build/geneta_slam_ros2_pkg': CMAKE_PREFIX_PATH=${CMAKE_PREFIX_PATH}:/home/geneta/Project/ROS2homework/dev_ws/install/learning_urdf:/home/geneta/Project/ROS2homework/dev_ws/install/learning_topic:/home/geneta/Project/ROS2homework/dev_ws/install/learning_tf:/home/geneta/Project/ROS2homework/dev_ws/install/learning_service:/home/geneta/Project/ROS2homework/dev_ws/install/learning_qos:/home/geneta/Project/ROS2homework/dev_ws/install/learning_pkg_python:/home/geneta/Project/ROS2homework/dev_ws/install/learning_parameter:/home/geneta/Project/ROS2homework/dev_ws/install/learning_node:/home/geneta/Project/ROS2homework/dev_ws/install/learning_launch:/home/geneta/Project/ROS2homework/dev_ws/install/learning_action:/home/geneta/Project/ROS2homework/dev_ws/install/learning_gazebo_harmonic:/home/geneta/Project/ROS2homework/dev_ws/install/learning_gazebo:/home/geneta/Project/ROS2homework/dev_ws/install/learning_cv:/opt/ros/jazzy DEBUGINFOD_URLS=https://debuginfod.ubuntu.com /usr/bin/cmake --build /home/geneta/Project/geneta_slam_ros2_ws/src/build/geneta_slam_ros2_pkg -- -j16 -l16
[28.692s] DEBUG:colcon.colcon_core.event_handler.log_command:Invoked command in '/home/geneta/Project/geneta_slam_ros2_ws/src/build/geneta_slam_ros2_pkg' returned '0': CMAKE_PREFIX_PATH=${CMAKE_PREFIX_PATH}:/home/geneta/Project/ROS2homework/dev_ws/install/learning_urdf:/home/geneta/Project/ROS2homework/dev_ws/install/learning_topic:/home/geneta/Project/ROS2homework/dev_ws/install/learning_tf:/home/geneta/Project/ROS2homework/dev_ws/install/learning_service:/home/geneta/Project/ROS2homework/dev_ws/install/learning_qos:/home/geneta/Project/ROS2homework/dev_ws/install/learning_pkg_python:/home/geneta/Project/ROS2homework/dev_ws/install/learning_parameter:/home/geneta/Project/ROS2homework/dev_ws/install/learning_node:/home/geneta/Project/ROS2homework/dev_ws/install/learning_launch:/home/geneta/Project/ROS2homework/dev_ws/install/learning_action:/home/geneta/Project/ROS2homework/dev_ws/install/learning_gazebo_harmonic:/home/geneta/Project/ROS2homework/dev_ws/install/learning_gazebo:/home/geneta/Project/ROS2homework/dev_ws/install/learning_cv:/opt/ros/jazzy DEBUGINFOD_URLS=https://debuginfod.ubuntu.com /usr/bin/cmake --build /home/geneta/Project/geneta_slam_ros2_ws/src/build/geneta_slam_ros2_pkg -- -j16 -l16
[28.706s] DEBUG:colcon.colcon_core.event_handler.log_command:Invoking command in '/home/geneta/Project/geneta_slam_ros2_ws/src/build/geneta_slam_ros2_pkg': CMAKE_PREFIX_PATH=${CMAKE_PREFIX_PATH}:/home/geneta/Project/ROS2homework/dev_ws/install/learning_urdf:/home/geneta/Project/ROS2homework/dev_ws/install/learning_topic:/home/geneta/Project/ROS2homework/dev_ws/install/learning_tf:/home/geneta/Project/ROS2homework/dev_ws/install/learning_service:/home/geneta/Project/ROS2homework/dev_ws/install/learning_qos:/home/geneta/Project/ROS2homework/dev_ws/install/learning_pkg_python:/home/geneta/Project/ROS2homework/dev_ws/install/learning_parameter:/home/geneta/Project/ROS2homework/dev_ws/install/learning_node:/home/geneta/Project/ROS2homework/dev_ws/install/learning_launch:/home/geneta/Project/ROS2homework/dev_ws/install/learning_action:/home/geneta/Project/ROS2homework/dev_ws/install/learning_gazebo_harmonic:/home/geneta/Project/ROS2homework/dev_ws/install/learning_gazebo:/home/geneta/Project/ROS2homework/dev_ws/install/learning_cv:/opt/ros/jazzy DEBUGINFOD_URLS=https://debuginfod.ubuntu.com /usr/bin/cmake --install /home/geneta/Project/geneta_slam_ros2_ws/src/build/geneta_slam_ros2_pkg
[28.789s] Level 1:colcon.colcon_core.environment:create_environment_scripts_only(geneta_slam_ros2_pkg)
[28.789s] DEBUG:colcon.colcon_core.event_handler.log_command:Invoked command in '/home/geneta/Project/geneta_slam_ros2_ws/src/build/geneta_slam_ros2_pkg' returned '0': CMAKE_PREFIX_PATH=${CMAKE_PREFIX_PATH}:/home/geneta/Project/ROS2homework/dev_ws/install/learning_urdf:/home/geneta/Project/ROS2homework/dev_ws/install/learning_topic:/home/geneta/Project/ROS2homework/dev_ws/install/learning_tf:/home/geneta/Project/ROS2homework/dev_ws/install/learning_service:/home/geneta/Project/ROS2homework/dev_ws/install/learning_qos:/home/geneta/Project/ROS2homework/dev_ws/install/learning_pkg_python:/home/geneta/Project/ROS2homework/dev_ws/install/learning_parameter:/home/geneta/Project/ROS2homework/dev_ws/install/learning_node:/home/geneta/Project/ROS2homework/dev_ws/install/learning_launch:/home/geneta/Project/ROS2homework/dev_ws/install/learning_action:/home/geneta/Project/ROS2homework/dev_ws/install/learning_gazebo_harmonic:/home/geneta/Project/ROS2homework/dev_ws/install/learning_gazebo:/home/geneta/Project/ROS2homework/dev_ws/install/learning_cv:/opt/ros/jazzy DEBUGINFOD_URLS=https://debuginfod.ubuntu.com /usr/bin/cmake --install /home/geneta/Project/geneta_slam_ros2_ws/src/build/geneta_slam_ros2_pkg
[28.791s] Level 1:colcon.colcon_core.environment:checking '/home/geneta/Project/geneta_slam_ros2_ws/src/install/geneta_slam_ros2_pkg' for CMake module files
[28.792s] Level 1:colcon.colcon_core.environment:checking '/home/geneta/Project/geneta_slam_ros2_ws/src/install/geneta_slam_ros2_pkg' for CMake config files
[28.792s] Level 1:colcon.colcon_core.shell:create_environment_hook('geneta_slam_ros2_pkg', 'cmake_prefix_path')
[28.793s] INFO:colcon.colcon_core.shell:Creating environment hook '/home/geneta/Project/geneta_slam_ros2_ws/src/install/geneta_slam_ros2_pkg/share/geneta_slam_ros2_pkg/hook/cmake_prefix_path.ps1'
[28.793s] INFO:colcon.colcon_core.shell:Creating environment descriptor '/home/geneta/Project/geneta_slam_ros2_ws/src/install/geneta_slam_ros2_pkg/share/geneta_slam_ros2_pkg/hook/cmake_prefix_path.dsv'
[28.794s] INFO:colcon.colcon_core.shell:Creating environment hook '/home/geneta/Project/geneta_slam_ros2_ws/src/install/geneta_slam_ros2_pkg/share/geneta_slam_ros2_pkg/hook/cmake_prefix_path.sh'
[28.794s] Level 1:colcon.colcon_core.environment:checking '/home/geneta/Project/geneta_slam_ros2_ws/src/install/geneta_slam_ros2_pkg/lib'
[28.795s] Level 1:colcon.colcon_core.shell:create_environment_hook('geneta_slam_ros2_pkg', 'ld_library_path_lib')
[28.795s] INFO:colcon.colcon_core.shell:Creating environment hook '/home/geneta/Project/geneta_slam_ros2_ws/src/install/geneta_slam_ros2_pkg/share/geneta_slam_ros2_pkg/hook/ld_library_path_lib.ps1'
[28.795s] INFO:colcon.colcon_core.shell:Creating environment descriptor '/home/geneta/Project/geneta_slam_ros2_ws/src/install/geneta_slam_ros2_pkg/share/geneta_slam_ros2_pkg/hook/ld_library_path_lib.dsv'
[28.795s] INFO:colcon.colcon_core.shell:Creating environment hook '/home/geneta/Project/geneta_slam_ros2_ws/src/install/geneta_slam_ros2_pkg/share/geneta_slam_ros2_pkg/hook/ld_library_path_lib.sh'
[28.796s] Level 1:colcon.colcon_core.environment:checking '/home/geneta/Project/geneta_slam_ros2_ws/src/install/geneta_slam_ros2_pkg/bin'
[28.796s] Level 1:colcon.colcon_core.environment:checking '/home/geneta/Project/geneta_slam_ros2_ws/src/install/geneta_slam_ros2_pkg/lib/pkgconfig/geneta_slam_ros2_pkg.pc'
[28.796s] Level 1:colcon.colcon_core.environment:checking '/home/geneta/Project/geneta_slam_ros2_ws/src/install/geneta_slam_ros2_pkg/lib/python3.12/site-packages'
[28.796s] Level 1:colcon.colcon_core.shell:create_environment_hook('geneta_slam_ros2_pkg', 'pythonpath')
[28.796s] INFO:colcon.colcon_core.shell:Creating environment hook '/home/geneta/Project/geneta_slam_ros2_ws/src/install/geneta_slam_ros2_pkg/share/geneta_slam_ros2_pkg/hook/pythonpath.ps1'
[28.797s] INFO:colcon.colcon_core.shell:Creating environment descriptor '/home/geneta/Project/geneta_slam_ros2_ws/src/install/geneta_slam_ros2_pkg/share/geneta_slam_ros2_pkg/hook/pythonpath.dsv'
[28.797s] INFO:colcon.colcon_core.shell:Creating environment hook '/home/geneta/Project/geneta_slam_ros2_ws/src/install/geneta_slam_ros2_pkg/share/geneta_slam_ros2_pkg/hook/pythonpath.sh'
[28.797s] Level 1:colcon.colcon_core.environment:checking '/home/geneta/Project/geneta_slam_ros2_ws/src/install/geneta_slam_ros2_pkg/bin'
[28.798s] INFO:colcon.colcon_core.shell:Creating package script '/home/geneta/Project/geneta_slam_ros2_ws/src/install/geneta_slam_ros2_pkg/share/geneta_slam_ros2_pkg/package.ps1'
[28.798s] INFO:colcon.colcon_core.shell:Creating package descriptor '/home/geneta/Project/geneta_slam_ros2_ws/src/install/geneta_slam_ros2_pkg/share/geneta_slam_ros2_pkg/package.dsv'
[28.799s] INFO:colcon.colcon_core.shell:Creating package script '/home/geneta/Project/geneta_slam_ros2_ws/src/install/geneta_slam_ros2_pkg/share/geneta_slam_ros2_pkg/package.sh'
[28.799s] INFO:colcon.colcon_core.shell:Creating package script '/home/geneta/Project/geneta_slam_ros2_ws/src/install/geneta_slam_ros2_pkg/share/geneta_slam_ros2_pkg/package.bash'
[28.800s] INFO:colcon.colcon_core.shell:Creating package script '/home/geneta/Project/geneta_slam_ros2_ws/src/install/geneta_slam_ros2_pkg/share/geneta_slam_ros2_pkg/package.zsh'
[28.801s] Level 1:colcon.colcon_core.environment:create_file_with_runtime_dependencies(/home/geneta/Project/geneta_slam_ros2_ws/src/install/geneta_slam_ros2_pkg/share/colcon-core/packages/geneta_slam_ros2_pkg)
[28.801s] Level 1:colcon.colcon_core.environment:create_environment_scripts_only(geneta_slam_ros2_pkg)
[28.801s] Level 1:colcon.colcon_core.environment:checking '/home/geneta/Project/geneta_slam_ros2_ws/src/install/geneta_slam_ros2_pkg' for CMake module files
[28.802s] Level 1:colcon.colcon_core.environment:checking '/home/geneta/Project/geneta_slam_ros2_ws/src/install/geneta_slam_ros2_pkg' for CMake config files
[28.802s] Level 1:colcon.colcon_core.shell:create_environment_hook('geneta_slam_ros2_pkg', 'cmake_prefix_path')
[28.802s] INFO:colcon.colcon_core.shell:Creating environment hook '/home/geneta/Project/geneta_slam_ros2_ws/src/install/geneta_slam_ros2_pkg/share/geneta_slam_ros2_pkg/hook/cmake_prefix_path.ps1'
[28.803s] INFO:colcon.colcon_core.shell:Creating environment descriptor '/home/geneta/Project/geneta_slam_ros2_ws/src/install/geneta_slam_ros2_pkg/share/geneta_slam_ros2_pkg/hook/cmake_prefix_path.dsv'
[28.803s] INFO:colcon.colcon_core.shell:Creating environment hook '/home/geneta/Project/geneta_slam_ros2_ws/src/install/geneta_slam_ros2_pkg/share/geneta_slam_ros2_pkg/hook/cmake_prefix_path.sh'
[28.804s] Level 1:colcon.colcon_core.environment:checking '/home/geneta/Project/geneta_slam_ros2_ws/src/install/geneta_slam_ros2_pkg/lib'
[28.804s] Level 1:colcon.colcon_core.shell:create_environment_hook('geneta_slam_ros2_pkg', 'ld_library_path_lib')
[28.804s] INFO:colcon.colcon_core.shell:Creating environment hook '/home/geneta/Project/geneta_slam_ros2_ws/src/install/geneta_slam_ros2_pkg/share/geneta_slam_ros2_pkg/hook/ld_library_path_lib.ps1'
[28.805s] INFO:colcon.colcon_core.shell:Creating environment descriptor '/home/geneta/Project/geneta_slam_ros2_ws/src/install/geneta_slam_ros2_pkg/share/geneta_slam_ros2_pkg/hook/ld_library_path_lib.dsv'
[28.805s] INFO:colcon.colcon_core.shell:Creating environment hook '/home/geneta/Project/geneta_slam_ros2_ws/src/install/geneta_slam_ros2_pkg/share/geneta_slam_ros2_pkg/hook/ld_library_path_lib.sh'
[28.805s] Level 1:colcon.colcon_core.environment:checking '/home/geneta/Project/geneta_slam_ros2_ws/src/install/geneta_slam_ros2_pkg/bin'
[28.805s] Level 1:colcon.colcon_core.environment:checking '/home/geneta/Project/geneta_slam_ros2_ws/src/install/geneta_slam_ros2_pkg/lib/pkgconfig/geneta_slam_ros2_pkg.pc'
[28.806s] Level 1:colcon.colcon_core.environment:checking '/home/geneta/Project/geneta_slam_ros2_ws/src/install/geneta_slam_ros2_pkg/lib/python3.12/site-packages'
[28.806s] Level 1:colcon.colcon_core.shell:create_environment_hook('geneta_slam_ros2_pkg', 'pythonpath')
[28.806s] INFO:colcon.colcon_core.shell:Creating environment hook '/home/geneta/Project/geneta_slam_ros2_ws/src/install/geneta_slam_ros2_pkg/share/geneta_slam_ros2_pkg/hook/pythonpath.ps1'
[28.806s] INFO:colcon.colcon_core.shell:Creating environment descriptor '/home/geneta/Project/geneta_slam_ros2_ws/src/install/geneta_slam_ros2_pkg/share/geneta_slam_ros2_pkg/hook/pythonpath.dsv'
[28.807s] INFO:colcon.colcon_core.shell:Creating environment hook '/home/geneta/Project/geneta_slam_ros2_ws/src/install/geneta_slam_ros2_pkg/share/geneta_slam_ros2_pkg/hook/pythonpath.sh'
[28.807s] Level 1:colcon.colcon_core.environment:checking '/home/geneta/Project/geneta_slam_ros2_ws/src/install/geneta_slam_ros2_pkg/bin'
[28.807s] INFO:colcon.colcon_core.shell:Creating package script '/home/geneta/Project/geneta_slam_ros2_ws/src/install/geneta_slam_ros2_pkg/share/geneta_slam_ros2_pkg/package.ps1'
[28.808s] INFO:colcon.colcon_core.shell:Creating package descriptor '/home/geneta/Project/geneta_slam_ros2_ws/src/install/geneta_slam_ros2_pkg/share/geneta_slam_ros2_pkg/package.dsv'
[28.808s] INFO:colcon.colcon_core.shell:Creating package script '/home/geneta/Project/geneta_slam_ros2_ws/src/install/geneta_slam_ros2_pkg/share/geneta_slam_ros2_pkg/package.sh'
[28.809s] INFO:colcon.colcon_core.shell:Creating package script '/home/geneta/Project/geneta_slam_ros2_ws/src/install/geneta_slam_ros2_pkg/share/geneta_slam_ros2_pkg/package.bash'
[28.809s] INFO:colcon.colcon_core.shell:Creating package script '/home/geneta/Project/geneta_slam_ros2_ws/src/install/geneta_slam_ros2_pkg/share/geneta_slam_ros2_pkg/package.zsh'
[28.810s] Level 1:colcon.colcon_core.environment:create_file_with_runtime_dependencies(/home/geneta/Project/geneta_slam_ros2_ws/src/install/geneta_slam_ros2_pkg/share/colcon-core/packages/geneta_slam_ros2_pkg)
[28.810s] DEBUG:colcon.colcon_parallel_executor.executor.parallel:closing loop
[28.811s] DEBUG:colcon.colcon_parallel_executor.executor.parallel:loop closed
[28.811s] DEBUG:colcon.colcon_parallel_executor.executor.parallel:run_until_complete finished with '0'
[28.811s] DEBUG:colcon.colcon_core.event_reactor:joining thread
[28.816s] INFO:colcon.colcon_core.plugin_system:Skipping extension 'colcon_notification.desktop_notification.terminal_notifier': Not used on non-Darwin systems
[28.816s] INFO:colcon.colcon_core.plugin_system:Skipping extension 'colcon_notification.desktop_notification.win32': Not used on non-Windows systems
[28.816s] INFO:colcon.colcon_notification.desktop_notification:Sending desktop notification using 'notify2'
[28.830s] DEBUG:colcon.colcon_core.event_reactor:joined thread
[28.830s] INFO:colcon.colcon_core.shell:Creating prefix script '/home/geneta/Project/geneta_slam_ros2_ws/src/install/local_setup.ps1'
[28.831s] INFO:colcon.colcon_core.shell:Creating prefix util module '/home/geneta/Project/geneta_slam_ros2_ws/src/install/_local_setup_util_ps1.py'
[28.832s] INFO:colcon.colcon_core.shell:Creating prefix chain script '/home/geneta/Project/geneta_slam_ros2_ws/src/install/setup.ps1'
[28.833s] INFO:colcon.colcon_core.shell:Creating prefix script '/home/geneta/Project/geneta_slam_ros2_ws/src/install/local_setup.sh'
[28.834s] INFO:colcon.colcon_core.shell:Creating prefix util module '/home/geneta/Project/geneta_slam_ros2_ws/src/install/_local_setup_util_sh.py'
[28.834s] INFO:colcon.colcon_core.shell:Creating prefix chain script '/home/geneta/Project/geneta_slam_ros2_ws/src/install/setup.sh'
[28.836s] INFO:colcon.colcon_core.shell:Creating prefix script '/home/geneta/Project/geneta_slam_ros2_ws/src/install/local_setup.bash'
[28.836s] INFO:colcon.colcon_core.shell:Creating prefix chain script '/home/geneta/Project/geneta_slam_ros2_ws/src/install/setup.bash'
[28.838s] INFO:colcon.colcon_core.shell:Creating prefix script '/home/geneta/Project/geneta_slam_ros2_ws/src/install/local_setup.zsh'
[28.838s] INFO:colcon.colcon_core.shell:Creating prefix chain script '/home/geneta/Project/geneta_slam_ros2_ws/src/install/setup.zsh'
