[33mCMake Warning (dev) at /usr/share/cmake-3.28/Modules/FindOpenGL.cmake:381 (message):
  Policy CMP0072 is not set: FindOpenGL prefers GLVND by default when
  available.  Run "cmake --help-policy CMP0072" for policy details.  Use the
  cmake_policy command to set the policy and suppress this warning.

  FindOpenGL found both a legacy GL library:

    OPENGL_gl_LIBRARY: /usr/lib/x86_64-linux-gnu/libGL.so

  and GLVND libraries for OpenGL and GLX:

    OPENGL_opengl_LIBRARY: /usr/lib/x86_64-linux-gnu/libOpenGL.so
    OPENGL_glx_LIBRARY: /usr/lib/x86_64-linux-gnu/libGLX.so

  OpenGL_GL_PREFERENCE has not been set to "GLVND" or "LEGACY", so for
  compatibility with CMake 3.10 and below the legacy GL library will be used.
Call Stack (most recent call first):
  /usr/share/cmake-3.28/Modules/CMakeFindDependencyMacro.cmake:76 (find_package)
  /usr/local/lib/cmake/g2o/g2oConfig.cmake:6 (find_dependency)
  CMakeLists.txt:24 (find_package)
This warning is for project developers.  Use -Wno-dev to suppress it.
[0m
[31mCMake Error at CMakeLists.txt:46 (find_package):
  By not providing "FindSuiteSparse.cmake" in CMAKE_MODULE_PATH this project
  has asked CMake to find a package configuration file provided by
  "SuiteSparse", but CMake did not find one.

  Could not find a package configuration file provided by "SuiteSparse" with
  any of the following names:

    SuiteSparseConfig.cmake
    suitesparse-config.cmake

  Add the installation prefix of "SuiteSparse" to CMAKE_PREFIX_PATH or set
  "SuiteSparse_DIR" to a directory containing one of the above files.  If
  "SuiteSparse" provides a separate development package or SDK, be sure it
  has been installed.

[0m
gmake: *** [Makefile:1100：cmake_check_build_system] 错误 1
