[0.012s] Invoking command in '/home/geneta/Project/geneta_slam_ros2_ws/build/geneta_slam_ros2_pkg': CMAKE_PREFIX_PATH=${CMAKE_PREFIX_PATH}:/home/geneta/Project/ROS2homework/dev_ws/install/learning_urdf:/home/geneta/Project/ROS2homework/dev_ws/install/learning_topic:/home/geneta/Project/ROS2homework/dev_ws/install/learning_tf:/home/geneta/Project/ROS2homework/dev_ws/install/learning_service:/home/geneta/Project/ROS2homework/dev_ws/install/learning_qos:/home/geneta/Project/ROS2homework/dev_ws/install/learning_pkg_python:/home/geneta/Project/ROS2homework/dev_ws/install/learning_parameter:/home/geneta/Project/ROS2homework/dev_ws/install/learning_node:/home/geneta/Project/ROS2homework/dev_ws/install/learning_launch:/home/geneta/Project/ROS2homework/dev_ws/install/learning_action:/home/geneta/Project/ROS2homework/dev_ws/install/learning_gazebo_harmonic:/home/geneta/Project/ROS2homework/dev_ws/install/learning_gazebo:/home/geneta/Project/ROS2homework/dev_ws/install/learning_cv:/opt/ros/jazzy DEBUGINFOD_URLS=https://debuginfod.ubuntu.com /usr/bin/cmake --build /home/geneta/Project/geneta_slam_ros2_ws/build/geneta_slam_ros2_pkg -- -j16 -l16
[0.045s] -- Found ament_cmake: 2.5.3 (/opt/ros/jazzy/share/ament_cmake/cmake)
[0.145s] -- Found rclcpp: 28.1.6 (/opt/ros/jazzy/share/rclcpp/cmake)
[0.170s] -- Found rosidl_generator_c: 4.6.5 (/opt/ros/jazzy/share/rosidl_generator_c/cmake)
[0.178s] -- Found rosidl_generator_cpp: 4.6.5 (/opt/ros/jazzy/share/rosidl_generator_cpp/cmake)
[0.187s] -- Using all available rosidl_typesupport_c: rosidl_typesupport_fastrtps_c;rosidl_typesupport_introspection_c
[0.198s] -- Using all available rosidl_typesupport_cpp: rosidl_typesupport_fastrtps_cpp;rosidl_typesupport_introspection_cpp
[0.249s] -- Found rmw_implementation_cmake: 7.3.1 (/opt/ros/jazzy/share/rmw_implementation_cmake/cmake)
[0.250s] -- Found rmw_fastrtps_cpp: 8.4.1 (/opt/ros/jazzy/share/rmw_fastrtps_cpp/cmake)
[0.313s] -- Using RMW implementation 'rmw_fastrtps_cpp' as default
[0.370s] -- Found sensor_msgs: 5.3.5 (/opt/ros/jazzy/share/sensor_msgs/cmake)
[0.423s] -- Found message_filters: 4.11.4 (/opt/ros/jazzy/share/message_filters/cmake)
[0.426s] -- Found cv_bridge: 4.1.0 (/opt/ros/jazzy/share/cv_bridge/cmake)
[0.437s] [33mCMake Warning (dev) at /usr/share/cmake-3.28/Modules/FindOpenGL.cmake:381 (message):
[0.437s]   Policy CMP0072 is not set: FindOpenGL prefers GLVND by default when
[0.437s]   available.  Run "cmake --help-policy CMP0072" for policy details.  Use the
[0.437s]   cmake_policy command to set the policy and suppress this warning.
[0.437s] 
[0.437s]   FindOpenGL found both a legacy GL library:
[0.437s] 
[0.437s]     OPENGL_gl_LIBRARY: /usr/lib/x86_64-linux-gnu/libGL.so
[0.437s] 
[0.437s]   and GLVND libraries for OpenGL and GLX:
[0.437s] 
[0.437s]     OPENGL_opengl_LIBRARY: /usr/lib/x86_64-linux-gnu/libOpenGL.so
[0.437s]     OPENGL_glx_LIBRARY: /usr/lib/x86_64-linux-gnu/libGLX.so
[0.437s] 
[0.437s]   OpenGL_GL_PREFERENCE has not been set to "GLVND" or "LEGACY", so for
[0.437s]   compatibility with CMake 3.10 and below the legacy GL library will be used.
[0.437s] Call Stack (most recent call first):
[0.437s]   /usr/share/cmake-3.28/Modules/CMakeFindDependencyMacro.cmake:76 (find_package)
[0.437s]   /usr/local/lib/cmake/g2o/g2oConfig.cmake:6 (find_dependency)
[0.437s]   CMakeLists.txt:24 (find_package)
[0.438s] This warning is for project developers.  Use -Wno-dev to suppress it.
[0.438s] [0m
[0.439s] -- Found nav_msgs: 5.3.5 (/opt/ros/jazzy/share/nav_msgs/cmake)
[0.463s] -- Found tf2: 0.36.8 (/opt/ros/jazzy/share/tf2/cmake)
[0.466s] -- Found tf2_ros: 0.36.8 (/opt/ros/jazzy/share/tf2_ros/cmake)
[0.560s] -- Found tf2_geometry_msgs: 0.36.8 (/opt/ros/jazzy/share/tf2_geometry_msgs/cmake)
[0.563s] -- Found eigen3_cmake_module: 0.3.0 (/opt/ros/jazzy/share/eigen3_cmake_module/cmake)
[0.564s] -- Ensuring Eigen3 include directory is part of orocos-kdl CMake target
[0.566s] -- Found rosidl_default_generators: 1.6.0 (/opt/ros/jazzy/share/rosidl_default_generators/cmake)
[0.574s] -- Found rosidl_adapter: 4.6.5 (/opt/ros/jazzy/share/rosidl_adapter/cmake)
[0.576s] -- Found image_transport: 5.1.5 (/opt/ros/jazzy/share/image_transport/cmake)
[0.581s] -- Found camera_info_manager: 5.1.5 (/opt/ros/jazzy/share/camera_info_manager/cmake)
[0.585s] -- Setting yaml-cpp_DIR to: '/opt/ros/jazzy/share/yaml_cpp_vendor/cmake/../../../opt/yaml_cpp_vendor/share/cmake/yaml-cpp'
[0.634s] [31mCMake Error at CMakeLists.txt:46 (find_package):
[0.634s]   By not providing "FindSuiteSparse.cmake" in CMAKE_MODULE_PATH this project
[0.634s]   has asked CMake to find a package configuration file provided by
[0.634s]   "SuiteSparse", but CMake did not find one.
[0.634s] 
[0.634s]   Could not find a package configuration file provided by "SuiteSparse" with
[0.634s]   any of the following names:
[0.634s] 
[0.634s]     SuiteSparseConfig.cmake
[0.634s]     suitesparse-config.cmake
[0.634s] 
[0.635s]   Add the installation prefix of "SuiteSparse" to CMAKE_PREFIX_PATH or set
[0.635s]   "SuiteSparse_DIR" to a directory containing one of the above files.  If
[0.635s]   "SuiteSparse" provides a separate development package or SDK, be sure it
[0.635s]   has been installed.
[0.635s] 
[0.635s] [0m
[0.635s] -- Configuring incomplete, errors occurred!
[0.647s] gmake: *** [Makefile:1100：cmake_check_build_system] 错误 1
[0.650s] Invoked command in '/home/geneta/Project/geneta_slam_ros2_ws/build/geneta_slam_ros2_pkg' returned '2': CMAKE_PREFIX_PATH=${CMAKE_PREFIX_PATH}:/home/geneta/Project/ROS2homework/dev_ws/install/learning_urdf:/home/geneta/Project/ROS2homework/dev_ws/install/learning_topic:/home/geneta/Project/ROS2homework/dev_ws/install/learning_tf:/home/geneta/Project/ROS2homework/dev_ws/install/learning_service:/home/geneta/Project/ROS2homework/dev_ws/install/learning_qos:/home/geneta/Project/ROS2homework/dev_ws/install/learning_pkg_python:/home/geneta/Project/ROS2homework/dev_ws/install/learning_parameter:/home/geneta/Project/ROS2homework/dev_ws/install/learning_node:/home/geneta/Project/ROS2homework/dev_ws/install/learning_launch:/home/geneta/Project/ROS2homework/dev_ws/install/learning_action:/home/geneta/Project/ROS2homework/dev_ws/install/learning_gazebo_harmonic:/home/geneta/Project/ROS2homework/dev_ws/install/learning_gazebo:/home/geneta/Project/ROS2homework/dev_ws/install/learning_cv:/opt/ros/jazzy DEBUGINFOD_URLS=https://debuginfod.ubuntu.com /usr/bin/cmake --build /home/geneta/Project/geneta_slam_ros2_ws/build/geneta_slam_ros2_pkg -- -j16 -l16
